Log file open, 08/22/17 16:31:54
LogWindows: LoadLibraryWithSearchPaths failed for file aqProf.dll. GetLastError=0
LogWindows: LoadLibraryWithSearchPaths failed for file VtuneApi.dll. GetLastError=0
LogWindows: LoadLibraryWithSearchPaths failed for file VtuneApi32e.dll. GetLastError=0
LogInit: Display: Running engine for game: SteamVRCameraExample
LogPlatformFile: Not using cached read wrapper
LogInit: Display: RandInit(-1677952603) SRandInit(-1677952603).
LogTaskGraph: Started task graph with 5 named threads and 50 total threads with 3 sets of task threads.
LogStats: Stats thread started at 0.604136
LogD3D11RHI: Aftermath initialized
LogPluginManager: Mounting plugin Paper2D
LogPluginManager: Mounting plugin LightPropagationVolume
LogPluginManager: Mounting plugin CodeLiteSourceCodeAccess
LogPluginManager: Mounting plugin GitSourceControl
LogPluginManager: Mounting plugin KDevelopSourceCodeAccess
LogPluginManager: Mounting plugin NullSourceCodeAccess
LogPluginManager: Mounting plugin PerforceSourceControl
LogPluginManager: Mounting plugin SubversionSourceControl
LogPluginManager: Mounting plugin UObjectPlugin
LogPluginManager: Mounting plugin VisualStudioSourceCodeAccess
LogPluginManager: Mounting plugin XCodeSourceCodeAccess
LogPluginManager: Mounting plugin AssetManagerEditor
LogPluginManager: Mounting plugin AudioCapture
LogPluginManager: Mounting plugin FacialAnimation
LogPluginManager: Mounting plugin GameplayTagsEditor
LogPluginManager: Mounting plugin MobileLauncherProfileWizard
LogPluginManager: Mounting plugin PluginBrowser
LogPluginManager: Mounting plugin SpeedTreeImporter
LogPluginManager: Mounting plugin AlembicImporter
LogPluginManager: Mounting plugin CharacterAI
LogPluginManager: Mounting plugin HTML5Networking
LogPluginManager: Mounting plugin AndroidMedia
LogPluginManager: Mounting plugin AvfMedia
LogPluginManager: Mounting plugin MediaPlayerEditor
LogPluginManager: Mounting plugin WmfMedia
LogPluginManager: Mounting plugin TcpMessaging
LogPluginManager: Mounting plugin UdpMessaging
LogPluginManager: Mounting plugin LevelSequenceEditor
LogPluginManager: Mounting plugin MatineeToLevelSequence
LogPluginManager: Mounting plugin OnlineSubsystemGooglePlay
LogPluginManager: Mounting plugin OnlineSubsystemIOS
LogPluginManager: Mounting plugin OnlineSubsystem
LogPluginManager: Mounting plugin OnlineSubsystemNull
LogPluginManager: Mounting plugin OnlineSubsystemUtils
LogPluginManager: Mounting plugin AndroidDeviceProfileSelector
LogPluginManager: Mounting plugin AndroidMoviePlayer
LogPluginManager: Mounting plugin AndroidPermission
LogPluginManager: Mounting plugin AppleMoviePlayer
LogPluginManager: Mounting plugin ArchVisCharacter
LogPluginManager: Mounting plugin CableComponent
LogPluginManager: Mounting plugin CustomMeshComponent
LogPluginManager: Mounting plugin ExampleDeviceProfileSelector
LogPluginManager: Mounting plugin GoogleCloudMessaging
LogPluginManager: Mounting plugin ImmediatePhysics
LogPluginManager: Mounting plugin IOSDeviceProfileSelector
LogPluginManager: Mounting plugin LinuxDeviceProfileSelector
LogPluginManager: Mounting plugin LocationServicesBPLibrary
LogPluginManager: Mounting plugin MobilePatchingUtils
LogPluginManager: Mounting plugin OculusVR
LogPluginManager: Mounting plugin PhysXVehicles
LogPluginManager: Mounting plugin ProceduralMeshComponent
LogPluginManager: Mounting plugin RuntimePhysXCooking
LogPluginManager: Mounting plugin SteamVR
LogPluginManager: Mounting plugin WindowsMoviePlayer
LogInit: Using libcurl 7.47.1
LogInit:  - built for x86_64-pc-win32
LogInit:  - supports SSL with OpenSSL/1.0.2g
LogInit:  - supports HTTP deflate (compression) using libz 1.2.8
LogInit:  - other features:
LogInit:      CURL_VERSION_SSL
LogInit:      CURL_VERSION_LIBZ
LogInit:      CURL_VERSION_IPV6
LogInit:      CURL_VERSION_ASYNCHDNS
LogInit:      CURL_VERSION_LARGEFILE
LogInit:      CURL_VERSION_IDN
LogInit:  CurlRequestOptions (configurable via config and command line):
LogInit:  - bVerifyPeer = false  - Libcurl will NOT verify peer certificate
LogInit:  - bUseHttpProxy = false  - Libcurl will NOT use HTTP proxy
LogInit:  - bDontReuseConnections = false  - Libcurl will reuse connections
LogInit:  - CertBundlePath = nullptr  - Libcurl will use whatever was configured at build time.
LogInit: Build: ++UE4+Release-4.17-CL-3586342
LogInit: Engine Version: 4.17.1-3586342+++UE4+Release-4.17
LogInit: Compatible Engine Version: 4.17.0-3573198+++UE4+Release-4.17
LogInit: Net CL: 3573198
LogDevObjectVersion: Number of dev versions registered: 16
LogDevObjectVersion:   Dev-Blueprints (B0D832E4-1F89-4F0D-ACCF-7EB736FD4AA2): 10
LogDevObjectVersion:   Dev-Build (E1C64328-A22C-4D53-A36C-8E866417BD8C): 0
LogDevObjectVersion:   Dev-Core (375EC13C-06E4-48FB-B500-84F0262A717E): 2
LogDevObjectVersion:   Dev-Editor (E4B068ED-F494-42E9-A231-DA0B2E46BB41): 20
LogDevObjectVersion:   Dev-Framework (CFFC743F-43B0-4480-9391-14DF171D2073): 28
LogDevObjectVersion:   Dev-Mobile (B02B49B5-BB20-44E9-A304-32B752E40360): 0
LogDevObjectVersion:   Dev-Networking (A4E4105C-59A1-49B5-A7C5-40C4547EDFEE): 0
LogDevObjectVersion:   Dev-Online (39C831C9-5AE6-47DC-9A44-9C173E1C8E7C): 0
LogDevObjectVersion:   Dev-Physics (78F01B33-EBEA-4F98-B9B4-84EACCB95AA2): 0
LogDevObjectVersion:   Dev-Platform (6631380F-2D4D-43E0-8009-CF276956A95A): 0
LogDevObjectVersion:   Dev-Rendering (12F88B9F-8875-4AFC-A67C-D90C383ABD29): 19
LogDevObjectVersion:   Dev-Sequencer (7B5AE74C-D270-4C10-A958-57980B212A5A): 4
LogDevObjectVersion:   Dev-VR (D7296918-1DD6-4BDD-9DE2-64A83CC13884): 0
LogDevObjectVersion:   Dev-LoadTimes (C2A15278-BFE7-4AFE-6C17-90FF531DF755): 1
LogDevObjectVersion:   Private-Geometry (6EACA3D4-40EC-4CC1-B786-8BED09428FC5): 1
LogDevObjectVersion:   Dev-AnimPhys (29E575DD-E0A3-4627-9D10-D276232CDCEA): 7
LogInit: Compiled (64-bit): Aug 15 2017 02:05:26
LogInit: Compiled with Visual C++: 19.00.24215.01
LogInit: Build Configuration: Development
LogInit: Branch Name: ++UE4+Release-4.17
LogInit: Command line:  
LogInit: Base directory: D:/UE4_Public/UE_4.17/Engine/Binaries/Win64/
LogInit: Installed Engine Build: 1
LogInit: Presizing for max 8388607 objects, including 0 objects not considered by GC, pre-allocating 0 bytes for permanent pool.
LogInit: Object subsystem initialized
[2017.08.22-20.31.55:308][  0]LogInit: Selected Device Profile: [Windows]
[2017.08.22-20.31.55:308][  0]LogInit: Applying CVar settings loaded from the selected device profile: [Windows]
[2017.08.22-20.31.55:347][  0]LogInit: Computer: RDU-WD-2977
[2017.08.22-20.31.55:347][  0]LogInit: User: SamDeiter
[2017.08.22-20.31.55:347][  0]LogInit: CPU Page size=4096, Cores=16
[2017.08.22-20.31.55:347][  0]LogInit: High frequency timer resolution =2.143300 MHz
[2017.08.22-20.31.55:348][  0]LogMemory: Memory total: Physical=31.9GB (32GB approx)
[2017.08.22-20.31.55:348][  0]LogMemory: Platform Memory Stats for Windows
[2017.08.22-20.31.55:348][  0]LogMemory: Process Physical Memory: 301.46 MB used, 301.46 MB peak
[2017.08.22-20.31.55:348][  0]LogMemory: Process Virtual Memory: 298.00 MB used, 298.00 MB peak
[2017.08.22-20.31.55:348][  0]LogMemory: Physical Memory: 12009.99 MB used,  20684.66 MB free, 32694.65 MB total
[2017.08.22-20.31.55:348][  0]LogMemory: Virtual Memory: 734.27 MB used,  20684.66 MB free, 8388608.00 MB total
[2017.08.22-20.31.55:616][  0]LogInit: Using OS detected language (en-US).
[2017.08.22-20.31.55:616][  0]LogInit: Using OS detected locale (en-US).
[2017.08.22-20.31.55:739][  0]LogTextLocalizationManager: No specific localization for 'en-US' exists, so the 'en' localization will be used.
[2017.08.22-20.31.59:903][  0]LogD3D11RHI: D3D11 adapters:
[2017.08.22-20.32.00:817][  0]LogD3D11RHI:    0. 'NVIDIA GeForce GTX 1070' (Feature Level 11_0)
[2017.08.22-20.32.00:817][  0]LogD3D11RHI:       8085/0/16091 MB DedicatedVideo/DedicatedSystem/SharedSystem, Outputs:3, VendorId:0x10de
[2017.08.22-20.32.00:817][  0]LogD3D11RHI: Chosen D3D11 Adapter: 0
[2017.08.22-20.32.00:827][  0]LogD3D11RHI: Creating new Direct3DDevice
[2017.08.22-20.32.00:827][  0]LogD3D11RHI:     GPU DeviceId: 0x1b81 (for the marketing name, search the web for "GPU Device Id")
[2017.08.22-20.32.00:827][  0]LogWindows: EnumDisplayDevices:
[2017.08.22-20.32.00:827][  0]LogWindows:    0. 'NVIDIA GeForce GTX 1070' (P:1 D:1)
[2017.08.22-20.32.00:828][  0]LogWindows:    1. 'NVIDIA GeForce GTX 1070' (P:0 D:1)
[2017.08.22-20.32.00:828][  0]LogWindows:    2. 'NVIDIA GeForce GTX 1070' (P:0 D:1)
[2017.08.22-20.32.00:829][  0]LogWindows:    3. 'NVIDIA GeForce GTX 1070' (P:0 D:0)
[2017.08.22-20.32.00:829][  0]LogWindows:    4. 'RDPDD Chained DD' (P:0 D:0)
[2017.08.22-20.32.00:829][  0]LogWindows:    5. 'RDP Encoder Mirror Driver' (P:0 D:0)
[2017.08.22-20.32.00:829][  0]LogWindows:    6. 'RDP Reflector Display Driver' (P:0 D:0)
[2017.08.22-20.32.00:830][  0]LogWindows:    7. 'DameWare Development Mirror Driver 64-bit' (P:0 D:0)
[2017.08.22-20.32.00:830][  0]LogWindows: DebugString: GetVideoDriverDetailsInvalid PrimaryIsNotTheChoosenAdapter GetVideoDriverDetailsInvalid PrimaryIsNotTheChoosenAdapter GetVideoDriverDetailsInvalid PrimaryIsNotTheChoosenAdapter GetVideoDriverDetailsInvalid PrimaryIsNotTheChoosenAdapter FoundDriverCount:4 
[2017.08.22-20.32.00:830][  0]LogD3D11RHI:     Adapter Name: NVIDIA GeForce GTX 1070
[2017.08.22-20.32.00:830][  0]LogD3D11RHI:   Driver Version: 382.05 (internal:22.21.13.8205, unified:382.05)
[2017.08.22-20.32.00:830][  0]LogD3D11RHI:      Driver Date: 5-1-2017
[2017.08.22-20.32.00:830][  0]LogRHI: Texture pool is 1361 MB (70% of 1945 MB)
[2017.08.22-20.32.01:724][  0]LogD3D11RHI: Async texture creation enabled
[2017.08.22-20.32.01:781][  0]LogD3D11RHI: GPU Timing Frequency: 1000.000000 (Debug: 2 2)
[2017.08.22-20.32.01:870][  0]LogShaderCompilers: Guid format shader working directory is 3 characters bigger than the processId version (../../../../../UE4_Projects/SteamVRCameraExample/Intermediate/Shaders/WorkingDirectory/5740/).
[2017.08.22-20.32.01:870][  0]LogShaderCompilers: Cleaned the shader compiler working directory 'C:/Users/sam.deiter/AppData/Local/Temp/UnrealShaderWorkingDir/385C4D7242DD6E0DC60D82A5D7522237/'.
[2017.08.22-20.32.01:870][  0]LogShaderCompilers: Display: Using Local Shader Compiler.
[2017.08.22-20.32.11:971][  0]LogTemp: Display: Loaded TP AllDesktopTargetPlatform
[2017.08.22-20.32.12:050][  0]LogTemp: Display: Loaded TP MacClientTargetPlatform
[2017.08.22-20.32.12:130][  0]LogTemp: Display: Loaded TP MacNoEditorTargetPlatform
[2017.08.22-20.32.12:207][  0]LogTemp: Display: Loaded TP MacServerTargetPlatform
[2017.08.22-20.32.12:303][  0]LogTemp: Display: Loaded TP MacTargetPlatform
[2017.08.22-20.32.12:383][  0]LogTemp: Display: Loaded TP WindowsClientTargetPlatform
[2017.08.22-20.32.12:462][  0]LogTemp: Display: Loaded TP WindowsNoEditorTargetPlatform
[2017.08.22-20.32.12:541][  0]LogTemp: Display: Loaded TP WindowsServerTargetPlatform
[2017.08.22-20.32.12:607][  0]LogTemp: Display: Loaded TP WindowsTargetPlatform
[2017.08.22-20.32.12:685][  0]LogTemp: Display: Loaded TP AndroidTargetPlatform
[2017.08.22-20.32.12:765][  0]LogTemp: Display: Loaded TP Android_ASTCTargetPlatform
[2017.08.22-20.32.12:842][  0]LogTemp: Display: Loaded TP Android_ATCTargetPlatform
[2017.08.22-20.32.12:918][  0]LogTemp: Display: Loaded TP Android_DXTTargetPlatform
[2017.08.22-20.32.12:994][  0]LogTemp: Display: Loaded TP Android_ETC1TargetPlatform
[2017.08.22-20.32.13:069][  0]LogTemp: Display: Loaded TP Android_ETC2TargetPlatform
[2017.08.22-20.32.13:220][  0]LogTemp: Display: Loaded TP Android_MultiTargetPlatform
[2017.08.22-20.32.13:220][  0]LogTemp: Display: Loaded TP Android_PVRTCTargetPlatform
[2017.08.22-20.32.13:275][  0]LogTemp: Display: Loaded TP HTML5TargetPlatform
[2017.08.22-20.32.13:409][  0]LogTemp: Display: Loaded TP IOSTargetPlatform
[2017.08.22-20.32.13:456][  0]LogTemp: Display: Loaded TP TVOSTargetPlatform
[2017.08.22-20.32.13:539][  0]LogTemp: Display: Loaded TP LinuxClientTargetPlatform
[2017.08.22-20.32.13:628][  0]LogTemp: Display: Loaded TP LinuxNoEditorTargetPlatform
[2017.08.22-20.32.13:714][  0]LogTemp: Display: Loaded TP LinuxServerTargetPlatform
[2017.08.22-20.32.13:812][  0]LogTemp: Display: Loaded TP LinuxTargetPlatform
[2017.08.22-20.32.13:812][  0]LogTargetPlatformManager: Display: Building Assets For Windows
[2017.08.22-20.32.14:602][  0]LogDerivedDataCache: Display: Max Cache Size: 512 MB
[2017.08.22-20.32.14:980][  0]LogDerivedDataCache: Loaded boot cache 0.38s 94MB C:/Users/sam.deiter/AppData/Local/UnrealEngine/4.17/DerivedDataCache/Boot.ddc.
[2017.08.22-20.32.14:980][  0]LogDerivedDataCache: Display: Loaded Boot cache: C:/Users/sam.deiter/AppData/Local/UnrealEngine/4.17/DerivedDataCache/Boot.ddc
[2017.08.22-20.32.14:980][  0]LogDerivedDataCache: FDerivedDataBackendGraph:  Pak pak cache file ../../../../../UE4_Projects/SteamVRCameraExample/DerivedDataCache/DDC.ddp not found, will not use a pak cache.
[2017.08.22-20.32.14:980][  0]LogDerivedDataCache: Unable to find inner node Pak for hierarchical cache Hierarchy.
[2017.08.22-20.32.14:980][  0]LogDerivedDataCache: FDerivedDataBackendGraph:  CompressedPak pak cache file ../../../../../UE4_Projects/SteamVRCameraExample/DerivedDataCache/Compressed.ddp not found, will not use a pak cache.
[2017.08.22-20.32.14:980][  0]LogDerivedDataCache: Unable to find inner node CompressedPak for hierarchical cache Hierarchy.
[2017.08.22-20.32.15:064][  0]LogDerivedDataCache: Display: Pak cache opened for reading ../../../Engine/DerivedDataCache/Compressed.ddp.
[2017.08.22-20.32.15:076][  0]LogDerivedDataCache: Using Local data cache path C:/Users/sam.deiter/AppData/Local/UnrealEngine/Common/DerivedDataCache: Writable
[2017.08.22-20.32.15:097][  0]LogMaterial: Verifying Global Shaders for PCD3D_SM5
[2017.08.22-20.32.15:097][  0]LogSlate: Using Freetype 2.6.0
[2017.08.22-20.32.15:141][  0]LogSlate: SlateFontCache - WITH_FREETYPE: 1, WITH_HARFBUZZ: 1
[2017.08.22-20.32.15:141][  0]LogSlate: SlateFontCache - WITH_FREETYPE: 1, WITH_HARFBUZZ: 1
[2017.08.22-20.32.17:273][  0]LogAssetRegistry: FAssetRegistry took 0.0284 seconds to start up
[2017.08.22-20.32.17:661][  0]LogInit: Selected Device Profile: [Windows]
[2017.08.22-20.32.17:669][  0]LogContentStreaming: Texture pool size is 0.00 MB
[2017.08.22-20.32.18:358][  0]LogSimplygon: Simplygon DLL not present - disabling.
[2017.08.22-20.32.18:420][  0]LogMeshReduction: Using SimplygonSwarm for distributed automatic mesh merging
[2017.08.22-20.32.18:420][  0]LogMeshReduction: Using QuadricMeshReduction for automatic static mesh reduction
[2017.08.22-20.32.18:420][  0]LogMeshReduction: No automatic skeletal mesh reduction module available
[2017.08.22-20.32.18:420][  0]LogMeshReduction: No automatic mesh merging module available
[2017.08.22-20.32.18:420][  0]LogMeshMerging: No automatic mesh merging module available
[2017.08.22-20.32.19:137][  0]LogNetVersion: SteamVRCameraExample , NetCL: 3573198, EngineNetVer: 2, GameNetVer: 0 (Checksum: 3290616030)
[2017.08.22-20.32.19:473][  0]LogPackageLocalizationCache: Processed 5 localized package path(s) for 2 prioritized culture(s) in 0.053361 seconds
[2017.08.22-20.32.19:481][  0]LogUObjectArray: 35825 objects as part of root set at end of initial load.
[2017.08.22-20.32.19:481][  0]LogUObjectAllocator: 7529104 out of 0 bytes used by permanent object pool.
[2017.08.22-20.32.19:481][  0]LogUObjectArray: CloseDisregardForGC: 0/0 objects in disregard for GC pool
[2017.08.22-20.32.19:557][  0]LogInit: WinSock: version 1.1 (2.2), MaxSocks=32767, MaxUdp=65467
[2017.08.22-20.32.35:631][  0]LogTcpMessaging: Initializing TcpMessaging bridge
[2017.08.22-20.32.35:681][  0]LogUdpMessaging: Initializing bridge on interface 0.0.0.0:0 to multicast group 230.0.0.1:6666.
[2017.08.22-20.32.36:840][  0]LogMaterial: Uniform references updated for custom material expression Custom.
[2017.08.22-20.32.37:462][  0]SourceControl: Source control is disabled
[2017.08.22-20.32.37:462][  0]SourceControl: Source control is disabled
[2017.08.22-20.32.37:533][  0]SourceControl: Source control is disabled
[2017.08.22-20.32.37:606][  0]SourceControl: Source control is disabled
[2017.08.22-20.32.38:720][  0]LogAndroidPermission: UAndroidPermissionCallbackProxy::GetInstance
[2017.08.22-20.32.39:078][  0]LogOcInput: OculusInput pre-init called
[2017.08.22-20.32.39:463][  0]LogEngine: Initializing Engine...
[2017.08.22-20.32.39:466][  0]LogHMD: Oculus plugin initialized. Version: 4.17.1-3586342+++UE4+Release-4.17, OVRPlugin: 1.15.0
[2017.08.22-20.32.39:844][  0]LogStats: UGameplayTagsManager::ConstructGameplayTagTree: Construct from data asset -  0.000 s
[2017.08.22-20.32.39:844][  0]LogStats: UGameplayTagsManager::ConstructGameplayTagTree: GameplayTagTreeChangedEvent.Broadcast -  0.000 s
[2017.08.22-20.32.40:019][  0]LogAIModule: Creating AISystem for world Untitled
[2017.08.22-20.32.40:049][  0]LogInit: XAudio2 using 'Speakers (Realtek High Definition Audio)' : 2 channels at 48 kHz using 32 bits per sample (channel mask 0x3)
[2017.08.22-20.32.40:071][  0]LogInit: FAudioDevice initialized.
[2017.08.22-20.32.40:289][  0]LogDerivedDataCache: Saved boot cache 0.22s 93MB C:/Users/sam.deiter/AppData/Local/UnrealEngine/4.17/DerivedDataCache/Boot.ddc.
[2017.08.22-20.32.40:316][  0]LogInit: Texture streaming: Enabled
[2017.08.22-20.32.40:468][  0]LogEngineSessionManager: EngineSessionManager initialized
[2017.08.22-20.32.40:847][  0]LogInit: Transaction tracking system initialized
[2017.08.22-20.32.41:295][  0]BlueprintLog: New page: Editor Load
[2017.08.22-20.32.42:553][  0]LocalizationService: Localization service is disabled
[2017.08.22-20.32.44:005][  0]LogConsoleResponse: Display: 
[2017.08.22-20.32.45:777][  0]LogCook: Display: Max memory allowance for cook 16384mb min free memory 0mb
[2017.08.22-20.32.45:777][  0]LogCook: Display: Mobile HDR setting 1
[2017.08.22-20.32.45:777][  0]LogGameplayTags: Display: UGameplayTagsManager::DoneAddingNativeTags. DelegateIsBound: 0
[2017.08.22-20.32.45:988][  0]LogFileCache: Scanning file cache for directory 'D:/UE4_Projects/SteamVRCameraExample/Content/' took 0.01s
[2017.08.22-20.32.47:797][  0]SourceControl: Source control is disabled
[2017.08.22-20.32.47:798][  0]Cmd: MAP LOAD FILE="../../../Engine/Content/Maps/Templates/Template_Default.umap" TEMPLATE=1 SHOWPROGRESS=1 FEATURELEVEL=3
[2017.08.22-20.32.47:819][  0]LightingResults: New page: Lighting Build
[2017.08.22-20.32.47:878][  0]MapCheck: New page: Map Check
[2017.08.22-20.32.47:878][  0]LightingResults: New page: Lighting Build
[2017.08.22-20.32.48:427][  0]LogAIModule: Creating AISystem for world Untitled_1
[2017.08.22-20.32.48:444][  0]LogEditorServer: Finished looking for orphan Actors (0.000 secs)
[2017.08.22-20.32.48:493][  0]Cmd: MAP CHECKDEP NOCLEARLOG
[2017.08.22-20.32.48:562][  0]MapCheck: Map check complete: 0 Error(s), 0 Warning(s), took 69.319ms to complete.
[2017.08.22-20.32.48:562][  0]LogFileHelpers: Loading map 'Template_Default' took 0.765
[2017.08.22-20.32.49:032][  0]LogCollectionManager: Loaded 0 collections in 0.003317 seconds
[2017.08.22-20.32.49:171][  0]LogFileCache: Scanning file cache for directory 'D:/UE4_Projects/SteamVRCameraExample/Saved/Collections/' took 0.01s
[2017.08.22-20.32.49:171][  0]LogFileCache: Scanning file cache for directory 'D:/UE4_Projects/SteamVRCameraExample/Content/Developers/SamDeiter/Collections/' took 0.01s
[2017.08.22-20.32.49:171][  0]LogFileCache: Scanning file cache for directory 'D:/UE4_Projects/SteamVRCameraExample/Content/Collections/' took 0.01s
[2017.08.22-20.32.49:171][  0]LogCollectionManager: Rebuilt the GUID cache for 0 collections in 0.000001 seconds
[2017.08.22-20.32.49:188][  0]LogContentBrowser: Native class hierarchy populated in 0.0162 seconds. Added 2386 classes and 500 folders.
[2017.08.22-20.32.49:274][  0]LogContentBrowser: Native class hierarchy updated for 'WidgetCarousel' in 0.0012 seconds. Added 0 classes and 0 folders.
[2017.08.22-20.32.51:643][  0]LogContentBrowser: Native class hierarchy updated for 'AddContentDialog' in 0.0012 seconds. Added 0 classes and 0 folders.
[2017.08.22-20.32.51:715][  0]LogContentBrowser: Native class hierarchy updated for 'SceneOutliner' in 0.0014 seconds. Added 1 classes and 2 folders.
[2017.08.22-20.32.51:884][  0]LogSlate: Took 0.016958 seconds to synchronously load lazily loaded font '../../../Engine/Content/Slate/Fonts/Roboto-Regular.ttf' (155K)
[2017.08.22-20.32.51:910][  0]LogSlate: Took 0.013692 seconds to synchronously load lazily loaded font '../../../Engine/Content/Slate/Fonts/Roboto-Bold.ttf' (160K)
[2017.08.22-20.32.51:927][  0]LogSlate: Took 0.009959 seconds to synchronously load lazily loaded font '../../../Engine/Content/Editor/Slate/Fonts/FontAwesome.ttf' (139K)
[2017.08.22-20.32.52:154][  0]LogRenderer: Reallocating scene render targets to support 1624x708 Format 10 NumSamples 1 (Frame:1).
[2017.08.22-20.32.52:490][  0]LogContentBrowser: Native class hierarchy updated for 'HierarchicalLODOutliner' in 0.0015 seconds. Added 1 classes and 2 folders.
[2017.08.22-20.32.52:491][  0]LogLoad: (Engine Initialization) Total time: 61.87 seconds
[2017.08.22-20.32.52:491][  0]LogLoad: (Engine Initialization) Total Blueprint compile time: 0.00 seconds
[2017.08.22-20.32.52:491][  0]LogExternalProfiler: Found external profiler: VSPerf
[2017.08.22-20.32.52:492][  0]LogExternalProfiler: Using external profiler: VSPerf
[2017.08.22-20.32.52:506][  0]LogOcInput: OculusInput is initialized
[2017.08.22-20.32.52:530][  0]LogContentStreaming: Texture pool size now 1000 MB
[2017.08.22-20.32.52:639][  1]LogRenderer: Reallocating scene render targets to support 1624x720 Format 10 NumSamples 1 (Frame:2).
[2017.08.22-20.32.52:661][  1]LogAssetRegistry: Asset discovery search completed in 35.4039 seconds
[2017.08.22-20.32.52:664][  1]LogCollectionManager: Rebuilt the object cache for 0 collections in 0.000002 seconds (found 0 objects)
[2017.08.22-20.32.52:664][  1]LogCollectionManager: Fixed up redirectors for 0 collections in 0.000093 seconds (updated 0 objects)
[2017.08.22-20.32.53:706][ 93]LogSlate: Took 0.013780 seconds to synchronously load lazily loaded font '../../../Engine/Content/Slate/Fonts/Roboto-Light.ttf' (159K)
[2017.08.22-20.33.16:575][166]LogSlate: Took 0.000295 seconds to synchronously load lazily loaded font '../../../Engine/Content/Slate/Fonts/Roboto-Light.ttf' (159K)
[2017.08.22-20.33.16:670][166]LogAIModule: Creating AISystem for world SteamVRSitting_Pawn_Example
[2017.08.22-20.33.16:731][166]Cmd: MAP LOAD FILE="../../../../../UE4_Projects/SteamVRCameraExample/Content/SteamVRSitting_Pawn_Example.umap" TEMPLATE=0 SHOWPROGRESS=1 FEATURELEVEL=3
[2017.08.22-20.33.16:731][166]LightingResults: New page: Lighting Build
[2017.08.22-20.33.16:733][166]LoadErrors: New page: Loading map: SteamVRSitting_Pawn_Example.umap
[2017.08.22-20.33.16:734][166]MapCheck: New page: Map Check
[2017.08.22-20.33.16:734][166]LightingResults: New page: Lighting Build
[2017.08.22-20.33.16:870][166]LogEditorServer: Finished looking for orphan Actors (0.000 secs)
[2017.08.22-20.33.16:940][166]Cmd: MAP CHECKDEP NOCLEARLOG
[2017.08.22-20.33.17:011][166]MapCheck: Map check complete: 0 Error(s), 0 Warning(s), took 70.717ms to complete.
[2017.08.22-20.33.17:011][166]LogFileHelpers: Loading map 'SteamVRSitting_Pawn_Example' took 0.282
[2017.08.22-20.33.17:244][177]Cmd: MAP LOAD FILE="../../../../../UE4_Projects/SteamVRCameraExample/Content/SteamVRSitting_Pawn_Example.umap" TEMPLATE=0 SHOWPROGRESS=1 FEATURELEVEL=3
[2017.08.22-20.33.17:244][177]LightingResults: New page: Lighting Build
[2017.08.22-20.33.17:246][177]LoadErrors: New page: Loading map: SteamVRSitting_Pawn_Example.umap
[2017.08.22-20.33.17:246][177]MapCheck: New page: Map Check
[2017.08.22-20.33.17:246][177]LightingResults: New page: Lighting Build
[2017.08.22-20.33.17:313][177]LogAIModule: Creating AISystem for world SteamVRSitting_Pawn_Example
[2017.08.22-20.33.17:426][177]LogEditorServer: Finished looking for orphan Actors (0.000 secs)
[2017.08.22-20.33.17:496][177]Cmd: MAP CHECKDEP NOCLEARLOG
[2017.08.22-20.33.17:567][177]MapCheck: Map check complete: 0 Error(s), 0 Warning(s), took 70.468ms to complete.
[2017.08.22-20.33.17:568][177]LogFileHelpers: Loading map 'SteamVRSitting_Pawn_Example' took 0.326
[2017.08.22-20.33.18:487][273]LogTemp: Repeating last play command: VR Preview
[2017.08.22-20.33.18:507][273]LogPlayLevel: PlayLevel: No blueprints needed recompiling
[2017.08.22-20.33.18:507][273]LogHMD: Initializing OVRPlugin session
[2017.08.22-20.33.18:557][273]PIE: New page: PIE session: SteamVRSitting_Pawn_Example (Aug 22, 2017, 12:33:18 PM)
[2017.08.22-20.33.18:557][273]LogPlayLevel: Creating play world package: /Game/UEDPIE_0_SteamVRSitting_Pawn_Example
[2017.08.22-20.33.18:562][273]LogPlayLevel: PIE: StaticDuplicateObject took: (0.004720s)
[2017.08.22-20.33.18:563][273]LogAIModule: Creating AISystem for world SteamVRSitting_Pawn_Example
[2017.08.22-20.33.18:563][273]LogPlayLevel: PIE: World Init took: (0.001238s)
[2017.08.22-20.33.18:563][273]LogPlayLevel: PIE: Created PIE world by copying editor world from /Game/SteamVRSitting_Pawn_Example.SteamVRSitting_Pawn_Example to /Game/UEDPIE_0_SteamVRSitting_Pawn_Example.SteamVRSitting_Pawn_Example (0.006405s)
[2017.08.22-20.33.18:619][273]LogInit: XAudio2 using 'Speakers (Realtek High Definition Audio)' : 2 channels at 48 kHz using 32 bits per sample (channel mask 0x3)
[2017.08.22-20.33.18:633][273]LogInit: FAudioDevice initialized.
[2017.08.22-20.33.18:939][273]LogHMD: Allocating Oculus 2720 x 1600 rendertarget swapchain
[2017.08.22-20.33.18:977][273]LogLoad: Game class is 'GameModeBase'
[2017.08.22-20.33.18:981][273]LogWorld: Bringing World /Game/UEDPIE_0_SteamVRSitting_Pawn_Example.SteamVRSitting_Pawn_Example up for play (max tick rate 0) at 2017.08.22-16.33.18
[2017.08.22-20.33.18:981][273]LogWorld: Bringing up level for play took: 0.002120
[2017.08.22-20.33.19:040][273]LogContentBrowser: Native class hierarchy updated for 'MovieSceneCapture' in 0.0012 seconds. Added 11 classes and 0 folders.
[2017.08.22-20.33.19:047][273]PIE: Play in editor start time for /Game/UEDPIE_0_SteamVRSitting_Pawn_Example 1.296
[2017.08.22-20.33.19:076][273]LogRenderer: Reallocating scene render targets to support 2720x1600 Format 10 NumSamples 1 (Frame:1).
[2017.08.22-20.33.27:575][228]LogEditorViewport: Clicking on Actor (LMB): SteamVR_Pawn_Sitting_C (SteamVR_Pawn_Sitting)
[2017.08.22-20.33.29:217][281]LogContentBrowser: Native class hierarchy updated for 'BlueprintGraph' in 0.0020 seconds. Added 113 classes and 0 folders.
[2017.08.22-20.33.30:851][281]LogSlate: Took 0.014761 seconds to synchronously load lazily loaded font '../../../Engine/Content/Editor/Slate/Fonts/Roboto-BoldCondensed.ttf' (158K)
[2017.08.22-20.33.30:959][282]LogSlate: Took 0.009055 seconds to synchronously load lazily loaded font '../../../Engine/Content/Editor/Slate/Fonts/Roboto-Italic.ttf' (157K)
[2017.08.22-20.33.38:340][585]BlueprintLog: New page: Compile SteamVR_Pawn_Sitting
[2017.08.22-20.33.39:879][623]LogTemp: Repeating last play command: VR Preview
[2017.08.22-20.33.39:899][623]LogPlayLevel: PlayLevel: No blueprints needed recompiling
[2017.08.22-20.33.39:899][623]LogHMD: Initializing OVRPlugin session
[2017.08.22-20.33.39:940][623]PIE: New page: PIE session: SteamVRSitting_Pawn_Example (Aug 22, 2017, 12:33:39 PM)
[2017.08.22-20.33.39:941][623]LogPlayLevel: Creating play world package: /Game/UEDPIE_0_SteamVRSitting_Pawn_Example
[2017.08.22-20.33.39:947][623]LogPlayLevel: PIE: StaticDuplicateObject took: (0.005874s)
[2017.08.22-20.33.39:948][623]LogAIModule: Creating AISystem for world SteamVRSitting_Pawn_Example
[2017.08.22-20.33.39:948][623]LogPlayLevel: PIE: World Init took: (0.001374s)
[2017.08.22-20.33.39:948][623]LogPlayLevel: PIE: Created PIE world by copying editor world from /Game/SteamVRSitting_Pawn_Example.SteamVRSitting_Pawn_Example to /Game/UEDPIE_0_SteamVRSitting_Pawn_Example.SteamVRSitting_Pawn_Example (0.007741s)
[2017.08.22-20.33.40:051][623]LogInit: XAudio2 using 'Speakers (Realtek High Definition Audio)' : 2 channels at 48 kHz using 32 bits per sample (channel mask 0x3)
[2017.08.22-20.33.40:068][623]LogInit: FAudioDevice initialized.
[2017.08.22-20.33.40:284][623]LogHMD: Allocating Oculus 2720 x 1600 rendertarget swapchain
[2017.08.22-20.33.40:316][623]LogLoad: Game class is 'GameModeBase'
[2017.08.22-20.33.40:319][623]LogWorld: Bringing World /Game/UEDPIE_0_SteamVRSitting_Pawn_Example.SteamVRSitting_Pawn_Example up for play (max tick rate 0) at 2017.08.22-16.33.40
[2017.08.22-20.33.40:320][623]LogWorld: Bringing up level for play took: 0.002048
[2017.08.22-20.33.40:334][623]PIE: Play in editor start time for /Game/UEDPIE_0_SteamVRSitting_Pawn_Example 0.579
[2017.08.22-20.34.20:340][235]BlueprintLog: New page: Compile SteamVR_Pawn_Sitting
[2017.08.22-20.34.22:031][278]LogTemp: Repeating last play command: VR Preview
[2017.08.22-20.34.22:047][278]LogPlayLevel: PlayLevel: No blueprints needed recompiling
[2017.08.22-20.34.22:047][278]LogHMD: Initializing OVRPlugin session
[2017.08.22-20.34.22:086][278]PIE: New page: PIE session: SteamVRSitting_Pawn_Example (Aug 22, 2017, 12:34:22 PM)
[2017.08.22-20.34.22:086][278]LogPlayLevel: Creating play world package: /Game/UEDPIE_0_SteamVRSitting_Pawn_Example
[2017.08.22-20.34.22:093][278]LogPlayLevel: PIE: StaticDuplicateObject took: (0.006097s)
[2017.08.22-20.34.22:094][278]LogAIModule: Creating AISystem for world SteamVRSitting_Pawn_Example
[2017.08.22-20.34.22:094][278]LogPlayLevel: PIE: World Init took: (0.001624s)
[2017.08.22-20.34.22:095][278]LogPlayLevel: PIE: Created PIE world by copying editor world from /Game/SteamVRSitting_Pawn_Example.SteamVRSitting_Pawn_Example to /Game/UEDPIE_0_SteamVRSitting_Pawn_Example.SteamVRSitting_Pawn_Example (0.008201s)
[2017.08.22-20.34.22:198][278]LogInit: XAudio2 using 'Speakers (Realtek High Definition Audio)' : 2 channels at 48 kHz using 32 bits per sample (channel mask 0x3)
[2017.08.22-20.34.22:214][278]LogInit: FAudioDevice initialized.
[2017.08.22-20.34.22:460][278]LogHMD: Allocating Oculus 2720 x 1600 rendertarget swapchain
[2017.08.22-20.34.22:496][278]LogLoad: Game class is 'GameModeBase'
[2017.08.22-20.34.22:499][278]LogWorld: Bringing World /Game/UEDPIE_0_SteamVRSitting_Pawn_Example.SteamVRSitting_Pawn_Example up for play (max tick rate 0) at 2017.08.22-16.34.22
[2017.08.22-20.34.22:499][278]LogWorld: Bringing up level for play took: 0.002071
[2017.08.22-20.34.22:517][278]PIE: Play in editor start time for /Game/UEDPIE_0_SteamVRSitting_Pawn_Example 0.756
[2017.08.22-20.34.31:810][809]BlueprintLog: New page: Compile SteamVR_Pawn_Sitting
[2017.08.22-20.34.33:009][831]LogTemp: Repeating last play command: VR Preview
[2017.08.22-20.34.33:025][831]LogPlayLevel: PlayLevel: No blueprints needed recompiling
[2017.08.22-20.34.33:025][831]LogHMD: Initializing OVRPlugin session
[2017.08.22-20.34.33:065][831]PIE: New page: PIE session: SteamVRSitting_Pawn_Example (Aug 22, 2017, 12:34:33 PM)
[2017.08.22-20.34.33:065][831]LogPlayLevel: Creating play world package: /Game/UEDPIE_0_SteamVRSitting_Pawn_Example
[2017.08.22-20.34.33:071][831]LogPlayLevel: PIE: StaticDuplicateObject took: (0.005423s)
[2017.08.22-20.34.33:072][831]LogAIModule: Creating AISystem for world SteamVRSitting_Pawn_Example
[2017.08.22-20.34.33:072][831]LogPlayLevel: PIE: World Init took: (0.001380s)
[2017.08.22-20.34.33:073][831]LogPlayLevel: PIE: Created PIE world by copying editor world from /Game/SteamVRSitting_Pawn_Example.SteamVRSitting_Pawn_Example to /Game/UEDPIE_0_SteamVRSitting_Pawn_Example.SteamVRSitting_Pawn_Example (0.007279s)
[2017.08.22-20.34.33:172][831]LogInit: XAudio2 using 'Speakers (Realtek High Definition Audio)' : 2 channels at 48 kHz using 32 bits per sample (channel mask 0x3)
[2017.08.22-20.34.33:187][831]LogInit: FAudioDevice initialized.
[2017.08.22-20.34.33:432][831]LogHMD: Allocating Oculus 2720 x 1600 rendertarget swapchain
[2017.08.22-20.34.33:465][831]LogLoad: Game class is 'GameModeBase'
[2017.08.22-20.34.33:468][831]LogWorld: Bringing World /Game/UEDPIE_0_SteamVRSitting_Pawn_Example.SteamVRSitting_Pawn_Example up for play (max tick rate 0) at 2017.08.22-16.34.33
[2017.08.22-20.34.33:468][831]LogWorld: Bringing up level for play took: 0.002078
[2017.08.22-20.34.33:483][831]PIE: Play in editor start time for /Game/UEDPIE_0_SteamVRSitting_Pawn_Example -0.28
[2017.08.22-20.35.10:086][441]LogTemp: Repeating last play command: VR Preview
[2017.08.22-20.35.10:104][441]BlueprintLog: New page: Pre-Play auto-recompile
[2017.08.22-20.35.10:110][441]LogPlayLevel: [PlayLevel] Compiling SteamVR_Pawn_Sitting before play...
[2017.08.22-20.35.10:648][441]LogPlayLevel: PlayLevel: Blueprint regeneration took 544 ms (1 blueprints)
[2017.08.22-20.35.10:648][441]LogHMD: Initializing OVRPlugin session
[2017.08.22-20.35.10:689][441]PIE: New page: PIE session: SteamVRSitting_Pawn_Example (Aug 22, 2017, 12:35:10 PM)
[2017.08.22-20.35.10:689][441]LogPlayLevel: Creating play world package: /Game/UEDPIE_0_SteamVRSitting_Pawn_Example
[2017.08.22-20.35.10:695][441]LogPlayLevel: PIE: StaticDuplicateObject took: (0.005646s)
[2017.08.22-20.35.10:696][441]LogAIModule: Creating AISystem for world SteamVRSitting_Pawn_Example
[2017.08.22-20.35.10:696][441]LogPlayLevel: PIE: World Init took: (0.001430s)
[2017.08.22-20.35.10:696][441]LogPlayLevel: PIE: Created PIE world by copying editor world from /Game/SteamVRSitting_Pawn_Example.SteamVRSitting_Pawn_Example to /Game/UEDPIE_0_SteamVRSitting_Pawn_Example.SteamVRSitting_Pawn_Example (0.007528s)
[2017.08.22-20.35.10:801][441]LogInit: XAudio2 using 'Speakers (Realtek High Definition Audio)' : 2 channels at 48 kHz using 32 bits per sample (channel mask 0x3)
[2017.08.22-20.35.10:817][441]LogInit: FAudioDevice initialized.
[2017.08.22-20.35.11:058][441]LogHMD: Allocating Oculus 2720 x 1600 rendertarget swapchain
[2017.08.22-20.35.11:090][441]LogLoad: Game class is 'GameModeBase'
[2017.08.22-20.35.11:093][441]LogWorld: Bringing World /Game/UEDPIE_0_SteamVRSitting_Pawn_Example.SteamVRSitting_Pawn_Example up for play (max tick rate 0) at 2017.08.22-16.35.11
[2017.08.22-20.35.11:094][441]LogWorld: Bringing up level for play took: 0.002190
[2017.08.22-20.35.11:108][441]PIE: Play in editor start time for /Game/UEDPIE_0_SteamVRSitting_Pawn_Example 1.339
[2017.08.22-20.35.25:860][154]LogTemp: Repeating last play command: VR Preview
[2017.08.22-20.35.25:876][154]BlueprintLog: New page: Pre-Play auto-recompile
[2017.08.22-20.35.25:883][154]LogPlayLevel: [PlayLevel] Compiling SteamVR_Pawn_Sitting before play...
[2017.08.22-20.35.26:456][154]LogPlayLevel: PlayLevel: Blueprint regeneration took 579 ms (1 blueprints)
[2017.08.22-20.35.26:456][154]LogHMD: Initializing OVRPlugin session
[2017.08.22-20.35.26:497][154]PIE: New page: PIE session: SteamVRSitting_Pawn_Example (Aug 22, 2017, 12:35:26 PM)
[2017.08.22-20.35.26:497][154]LogPlayLevel: Creating play world package: /Game/UEDPIE_0_SteamVRSitting_Pawn_Example
[2017.08.22-20.35.26:503][154]LogPlayLevel: PIE: StaticDuplicateObject took: (0.005678s)
[2017.08.22-20.35.26:504][154]LogAIModule: Creating AISystem for world SteamVRSitting_Pawn_Example
[2017.08.22-20.35.26:504][154]LogPlayLevel: PIE: World Init took: (0.001469s)
[2017.08.22-20.35.26:505][154]LogPlayLevel: PIE: Created PIE world by copying editor world from /Game/SteamVRSitting_Pawn_Example.SteamVRSitting_Pawn_Example to /Game/UEDPIE_0_SteamVRSitting_Pawn_Example.SteamVRSitting_Pawn_Example (0.007664s)
[2017.08.22-20.35.26:606][154]LogInit: XAudio2 using 'Speakers (Realtek High Definition Audio)' : 2 channels at 48 kHz using 32 bits per sample (channel mask 0x3)
[2017.08.22-20.35.26:621][154]LogInit: FAudioDevice initialized.
[2017.08.22-20.35.26:865][154]LogHMD: Allocating Oculus 2720 x 1600 rendertarget swapchain
[2017.08.22-20.35.26:898][154]LogLoad: Game class is 'GameModeBase'
[2017.08.22-20.35.26:901][154]LogWorld: Bringing World /Game/UEDPIE_0_SteamVRSitting_Pawn_Example.SteamVRSitting_Pawn_Example up for play (max tick rate 0) at 2017.08.22-16.35.26
[2017.08.22-20.35.26:901][154]LogWorld: Bringing up level for play took: 0.002035
[2017.08.22-20.35.26:920][154]PIE: Play in editor start time for /Game/UEDPIE_0_SteamVRSitting_Pawn_Example 1.15
[2017.08.22-20.35.47:313][305]BlueprintLog: New page: Compile SteamVR_Pawn_Sitting
[2017.08.22-20.35.48:342][320]LogTemp: Repeating last play command: VR Preview
[2017.08.22-20.35.48:358][320]LogPlayLevel: PlayLevel: No blueprints needed recompiling
[2017.08.22-20.35.48:358][320]LogHMD: Initializing OVRPlugin session
[2017.08.22-20.35.48:398][320]PIE: New page: PIE session: SteamVRSitting_Pawn_Example (Aug 22, 2017, 12:35:48 PM)
[2017.08.22-20.35.48:398][320]LogPlayLevel: Creating play world package: /Game/UEDPIE_0_SteamVRSitting_Pawn_Example
[2017.08.22-20.35.48:404][320]LogPlayLevel: PIE: StaticDuplicateObject took: (0.005831s)
[2017.08.22-20.35.48:406][320]LogAIModule: Creating AISystem for world SteamVRSitting_Pawn_Example
[2017.08.22-20.35.48:406][320]LogPlayLevel: PIE: World Init took: (0.002180s)
[2017.08.22-20.35.48:407][320]LogPlayLevel: PIE: Created PIE world by copying editor world from /Game/SteamVRSitting_Pawn_Example.SteamVRSitting_Pawn_Example to /Game/UEDPIE_0_SteamVRSitting_Pawn_Example.SteamVRSitting_Pawn_Example (0.008476s)
[2017.08.22-20.35.48:513][320]LogInit: XAudio2 using 'Speakers (Realtek High Definition Audio)' : 2 channels at 48 kHz using 32 bits per sample (channel mask 0x3)
[2017.08.22-20.35.48:528][320]LogInit: FAudioDevice initialized.
[2017.08.22-20.35.48:854][320]LogHMD: Allocating Oculus 2720 x 1600 rendertarget swapchain
[2017.08.22-20.35.48:888][320]LogLoad: Game class is 'GameModeBase'
[2017.08.22-20.35.48:891][320]LogWorld: Bringing World /Game/UEDPIE_0_SteamVRSitting_Pawn_Example.SteamVRSitting_Pawn_Example up for play (max tick rate 0) at 2017.08.22-16.35.48
[2017.08.22-20.35.48:891][320]LogWorld: Bringing up level for play took: 0.002154
[2017.08.22-20.35.48:906][320]PIE: Play in editor start time for /Game/UEDPIE_0_SteamVRSitting_Pawn_Example 1.134
[2017.08.22-20.35.55:597][670]BlueprintLog: New page: Compile SteamVR_Pawn_Sitting
[2017.08.22-20.35.57:101][706]LogTemp: Repeating last play command: VR Preview
[2017.08.22-20.35.57:117][706]LogPlayLevel: PlayLevel: No blueprints needed recompiling
[2017.08.22-20.35.57:117][706]LogHMD: Initializing OVRPlugin session
[2017.08.22-20.35.57:157][706]PIE: New page: PIE session: SteamVRSitting_Pawn_Example (Aug 22, 2017, 12:35:57 PM)
[2017.08.22-20.35.57:157][706]LogPlayLevel: Creating play world package: /Game/UEDPIE_0_SteamVRSitting_Pawn_Example
[2017.08.22-20.35.57:163][706]LogPlayLevel: PIE: StaticDuplicateObject took: (0.005543s)
[2017.08.22-20.35.57:164][706]LogAIModule: Creating AISystem for world SteamVRSitting_Pawn_Example
[2017.08.22-20.35.57:164][706]LogPlayLevel: PIE: World Init took: (0.001296s)
[2017.08.22-20.35.57:164][706]LogPlayLevel: PIE: Created PIE world by copying editor world from /Game/SteamVRSitting_Pawn_Example.SteamVRSitting_Pawn_Example to /Game/UEDPIE_0_SteamVRSitting_Pawn_Example.SteamVRSitting_Pawn_Example (0.007303s)
[2017.08.22-20.35.57:268][706]LogInit: XAudio2 using 'Speakers (Realtek High Definition Audio)' : 2 channels at 48 kHz using 32 bits per sample (channel mask 0x3)
[2017.08.22-20.35.57:285][706]LogInit: FAudioDevice initialized.
[2017.08.22-20.35.57:527][706]LogHMD: Allocating Oculus 2720 x 1600 rendertarget swapchain
[2017.08.22-20.35.57:559][706]LogLoad: Game class is 'GameModeBase'
[2017.08.22-20.35.57:562][706]LogWorld: Bringing World /Game/UEDPIE_0_SteamVRSitting_Pawn_Example.SteamVRSitting_Pawn_Example up for play (max tick rate 0) at 2017.08.22-16.35.57
[2017.08.22-20.35.57:562][706]LogWorld: Bringing up level for play took: 0.002102
[2017.08.22-20.35.57:577][706]PIE: Play in editor start time for /Game/UEDPIE_0_SteamVRSitting_Pawn_Example -0.195
[2017.08.22-20.36.28:216][799]BlueprintLog: New page: Compile SteamVR_Pawn_Sitting
[2017.08.22-20.36.29:031][807]LogTemp: Repeating last play command: VR Preview
[2017.08.22-20.36.29:048][807]LogPlayLevel: PlayLevel: No blueprints needed recompiling
[2017.08.22-20.36.29:048][807]LogHMD: Initializing OVRPlugin session
[2017.08.22-20.36.29:088][807]PIE: New page: PIE session: SteamVRSitting_Pawn_Example (Aug 22, 2017, 12:36:29 PM)
[2017.08.22-20.36.29:088][807]LogPlayLevel: Creating play world package: /Game/UEDPIE_0_SteamVRSitting_Pawn_Example
[2017.08.22-20.36.29:094][807]LogPlayLevel: PIE: StaticDuplicateObject took: (0.005696s)
[2017.08.22-20.36.29:095][807]LogAIModule: Creating AISystem for world SteamVRSitting_Pawn_Example
[2017.08.22-20.36.29:095][807]LogPlayLevel: PIE: World Init took: (0.001419s)
[2017.08.22-20.36.29:095][807]LogPlayLevel: PIE: Created PIE world by copying editor world from /Game/SteamVRSitting_Pawn_Example.SteamVRSitting_Pawn_Example to /Game/UEDPIE_0_SteamVRSitting_Pawn_Example.SteamVRSitting_Pawn_Example (0.007599s)
[2017.08.22-20.36.29:199][807]LogInit: XAudio2 using 'Speakers (Realtek High Definition Audio)' : 2 channels at 48 kHz using 32 bits per sample (channel mask 0x3)
[2017.08.22-20.36.29:214][807]LogInit: FAudioDevice initialized.
[2017.08.22-20.36.29:450][807]LogHMD: Allocating Oculus 2720 x 1600 rendertarget swapchain
[2017.08.22-20.36.29:484][807]LogLoad: Game class is 'GameModeBase'
[2017.08.22-20.36.29:487][807]LogWorld: Bringing World /Game/UEDPIE_0_SteamVRSitting_Pawn_Example.SteamVRSitting_Pawn_Example up for play (max tick rate 0) at 2017.08.22-16.36.29
[2017.08.22-20.36.29:487][807]LogWorld: Bringing up level for play took: 0.002058
[2017.08.22-20.36.29:501][807]PIE: Play in editor start time for /Game/UEDPIE_0_SteamVRSitting_Pawn_Example -0.274
[2017.08.22-20.36.58:292][603]BlueprintLog: New page: Compile SteamVR_Pawn_Sitting
[2017.08.22-20.37.18:760][582]LogTemp: Repeating last play command: VR Preview
[2017.08.22-20.37.18:777][582]BlueprintLog: New page: Pre-Play auto-recompile
[2017.08.22-20.37.18:783][582]LogPlayLevel: [PlayLevel] Compiling SteamVR_Pawn_Sitting before play...
[2017.08.22-20.37.19:329][582]LogPlayLevel: PlayLevel: Blueprint regeneration took 551 ms (1 blueprints)
[2017.08.22-20.37.19:329][582]LogHMD: Initializing OVRPlugin session
[2017.08.22-20.37.19:369][582]PIE: New page: PIE session: SteamVRSitting_Pawn_Example (Aug 22, 2017, 12:37:19 PM)
[2017.08.22-20.37.19:370][582]LogPlayLevel: Creating play world package: /Game/UEDPIE_0_SteamVRSitting_Pawn_Example
[2017.08.22-20.37.19:375][582]LogPlayLevel: PIE: StaticDuplicateObject took: (0.005548s)
[2017.08.22-20.37.19:376][582]LogAIModule: Creating AISystem for world SteamVRSitting_Pawn_Example
[2017.08.22-20.37.19:377][582]LogPlayLevel: PIE: World Init took: (0.001368s)
[2017.08.22-20.37.19:377][582]LogPlayLevel: PIE: Created PIE world by copying editor world from /Game/SteamVRSitting_Pawn_Example.SteamVRSitting_Pawn_Example to /Game/UEDPIE_0_SteamVRSitting_Pawn_Example.SteamVRSitting_Pawn_Example (0.007384s)
[2017.08.22-20.37.19:476][582]LogInit: XAudio2 using 'Speakers (Realtek High Definition Audio)' : 2 channels at 48 kHz using 32 bits per sample (channel mask 0x3)
[2017.08.22-20.37.19:494][582]LogInit: FAudioDevice initialized.
[2017.08.22-20.37.19:726][582]LogHMD: Allocating Oculus 2720 x 1600 rendertarget swapchain
[2017.08.22-20.37.19:757][582]LogLoad: Game class is 'GameModeBase'
[2017.08.22-20.37.19:759][582]LogWorld: Bringing World /Game/UEDPIE_0_SteamVRSitting_Pawn_Example.SteamVRSitting_Pawn_Example up for play (max tick rate 0) at 2017.08.22-16.37.19
[2017.08.22-20.37.19:760][582]LogWorld: Bringing up level for play took: 0.002257
[2017.08.22-20.37.19:774][582]PIE: Play in editor start time for /Game/UEDPIE_0_SteamVRSitting_Pawn_Example 1.996
[2017.08.22-20.37.28:253][ 55]LogTemp: Repeating last play command: VR Preview
[2017.08.22-20.37.28:269][ 55]BlueprintLog: New page: Pre-Play auto-recompile
[2017.08.22-20.37.28:275][ 55]LogPlayLevel: [PlayLevel] Compiling SteamVR_Pawn_Sitting before play...
[2017.08.22-20.37.28:805][ 55]LogPlayLevel: PlayLevel: Blueprint regeneration took 535 ms (1 blueprints)
[2017.08.22-20.37.28:805][ 55]LogHMD: Initializing OVRPlugin session
[2017.08.22-20.37.28:845][ 55]PIE: New page: PIE session: SteamVRSitting_Pawn_Example (Aug 22, 2017, 12:37:28 PM)
[2017.08.22-20.37.28:846][ 55]LogPlayLevel: Creating play world package: /Game/UEDPIE_0_SteamVRSitting_Pawn_Example
[2017.08.22-20.37.28:851][ 55]LogPlayLevel: PIE: StaticDuplicateObject took: (0.005357s)
[2017.08.22-20.37.28:852][ 55]LogAIModule: Creating AISystem for world SteamVRSitting_Pawn_Example
[2017.08.22-20.37.28:853][ 55]LogPlayLevel: PIE: World Init took: (0.001575s)
[2017.08.22-20.37.28:853][ 55]LogPlayLevel: PIE: Created PIE world by copying editor world from /Game/SteamVRSitting_Pawn_Example.SteamVRSitting_Pawn_Example to /Game/UEDPIE_0_SteamVRSitting_Pawn_Example.SteamVRSitting_Pawn_Example (0.007457s)
[2017.08.22-20.37.28:958][ 55]LogInit: XAudio2 using 'Speakers (Realtek High Definition Audio)' : 2 channels at 48 kHz using 32 bits per sample (channel mask 0x3)
[2017.08.22-20.37.28:972][ 55]LogInit: FAudioDevice initialized.
[2017.08.22-20.37.29:197][ 55]LogHMD: Allocating Oculus 2720 x 1600 rendertarget swapchain
[2017.08.22-20.37.29:228][ 55]LogLoad: Game class is 'GameModeBase'
[2017.08.22-20.37.29:231][ 55]LogWorld: Bringing World /Game/UEDPIE_0_SteamVRSitting_Pawn_Example.SteamVRSitting_Pawn_Example up for play (max tick rate 0) at 2017.08.22-16.37.29
[2017.08.22-20.37.29:231][ 55]LogWorld: Bringing up level for play took: 0.002211
[2017.08.22-20.37.29:245][ 55]PIE: Play in editor start time for /Game/UEDPIE_0_SteamVRSitting_Pawn_Example 1.467
[2017.08.22-20.37.37:077][484]BlueprintLog: New page: Compile SteamVR_Pawn_Sitting
[2017.08.22-20.37.40:225][600]LogTemp: Repeating last play command: VR Preview
[2017.08.22-20.37.40:241][600]LogPlayLevel: PlayLevel: No blueprints needed recompiling
[2017.08.22-20.37.40:241][600]LogHMD: Initializing OVRPlugin session
[2017.08.22-20.37.40:283][600]PIE: New page: PIE session: SteamVRSitting_Pawn_Example (Aug 22, 2017, 12:37:40 PM)
[2017.08.22-20.37.40:283][600]LogPlayLevel: Creating play world package: /Game/UEDPIE_0_SteamVRSitting_Pawn_Example
[2017.08.22-20.37.40:288][600]LogPlayLevel: PIE: StaticDuplicateObject took: (0.005313s)
[2017.08.22-20.37.40:290][600]LogAIModule: Creating AISystem for world SteamVRSitting_Pawn_Example
[2017.08.22-20.37.40:290][600]LogPlayLevel: PIE: World Init took: (0.001463s)
[2017.08.22-20.37.40:290][600]LogPlayLevel: PIE: Created PIE world by copying editor world from /Game/SteamVRSitting_Pawn_Example.SteamVRSitting_Pawn_Example to /Game/UEDPIE_0_SteamVRSitting_Pawn_Example.SteamVRSitting_Pawn_Example (0.007264s)
[2017.08.22-20.37.40:396][600]LogInit: XAudio2 using 'Speakers (Realtek High Definition Audio)' : 2 channels at 48 kHz using 32 bits per sample (channel mask 0x3)
[2017.08.22-20.37.40:411][600]LogInit: FAudioDevice initialized.
[2017.08.22-20.37.40:642][600]LogHMD: Allocating Oculus 2720 x 1600 rendertarget swapchain
[2017.08.22-20.37.40:673][600]LogLoad: Game class is 'GameModeBase'
[2017.08.22-20.37.40:675][600]LogWorld: Bringing World /Game/UEDPIE_0_SteamVRSitting_Pawn_Example.SteamVRSitting_Pawn_Example up for play (max tick rate 0) at 2017.08.22-16.37.40
[2017.08.22-20.37.40:676][600]LogWorld: Bringing up level for play took: 0.002029
[2017.08.22-20.37.40:690][600]PIE: Play in editor start time for /Game/UEDPIE_0_SteamVRSitting_Pawn_Example 0.911
[2017.08.22-20.37.54:397][427]BlueprintLog: New page: Compile SteamVR_Pawn_Sitting
[2017.08.22-20.37.55:662][456]LogTemp: Repeating last play command: VR Preview
[2017.08.22-20.37.55:678][456]LogPlayLevel: PlayLevel: No blueprints needed recompiling
[2017.08.22-20.37.55:678][456]LogHMD: Initializing OVRPlugin session
[2017.08.22-20.37.55:719][456]PIE: New page: PIE session: SteamVRSitting_Pawn_Example (Aug 22, 2017, 12:37:55 PM)
[2017.08.22-20.37.55:719][456]LogPlayLevel: Creating play world package: /Game/UEDPIE_0_SteamVRSitting_Pawn_Example
[2017.08.22-20.37.55:725][456]LogPlayLevel: PIE: StaticDuplicateObject took: (0.005831s)
[2017.08.22-20.37.55:726][456]LogAIModule: Creating AISystem for world SteamVRSitting_Pawn_Example
[2017.08.22-20.37.55:727][456]LogPlayLevel: PIE: World Init took: (0.001329s)
[2017.08.22-20.37.55:727][456]LogPlayLevel: PIE: Created PIE world by copying editor world from /Game/SteamVRSitting_Pawn_Example.SteamVRSitting_Pawn_Example to /Game/UEDPIE_0_SteamVRSitting_Pawn_Example.SteamVRSitting_Pawn_Example (0.007609s)
[2017.08.22-20.37.55:830][456]LogInit: XAudio2 using 'Speakers (Realtek High Definition Audio)' : 2 channels at 48 kHz using 32 bits per sample (channel mask 0x3)
[2017.08.22-20.37.55:845][456]LogInit: FAudioDevice initialized.
[2017.08.22-20.37.56:080][456]LogHMD: Allocating Oculus 2720 x 1600 rendertarget swapchain
[2017.08.22-20.37.56:112][456]LogLoad: Game class is 'GameModeBase'
[2017.08.22-20.37.56:114][456]LogWorld: Bringing World /Game/UEDPIE_0_SteamVRSitting_Pawn_Example.SteamVRSitting_Pawn_Example up for play (max tick rate 0) at 2017.08.22-16.37.56
[2017.08.22-20.37.56:115][456]LogWorld: Bringing up level for play took: 0.002177
[2017.08.22-20.37.56:129][456]PIE: Play in editor start time for /Game/UEDPIE_0_SteamVRSitting_Pawn_Example 0.35
[2017.08.22-20.37.59:382][719]Set new viewmode: Wireframe
[2017.08.22-20.38.06:089][113]BlueprintLog: New page: Compile SteamVR_Pawn_Sitting
[2017.08.22-20.38.07:214][137]LogTemp: Repeating last play command: VR Preview
[2017.08.22-20.38.07:230][137]LogPlayLevel: PlayLevel: No blueprints needed recompiling
[2017.08.22-20.38.07:230][137]LogHMD: Initializing OVRPlugin session
[2017.08.22-20.38.07:269][137]PIE: New page: PIE session: SteamVRSitting_Pawn_Example (Aug 22, 2017, 12:38:07 PM)
[2017.08.22-20.38.07:269][137]LogPlayLevel: Creating play world package: /Game/UEDPIE_0_SteamVRSitting_Pawn_Example
[2017.08.22-20.38.07:275][137]LogPlayLevel: PIE: StaticDuplicateObject took: (0.005928s)
[2017.08.22-20.38.07:276][137]LogAIModule: Creating AISystem for world SteamVRSitting_Pawn_Example
[2017.08.22-20.38.07:277][137]LogPlayLevel: PIE: World Init took: (0.001265s)
[2017.08.22-20.38.07:277][137]LogPlayLevel: PIE: Created PIE world by copying editor world from /Game/SteamVRSitting_Pawn_Example.SteamVRSitting_Pawn_Example to /Game/UEDPIE_0_SteamVRSitting_Pawn_Example.SteamVRSitting_Pawn_Example (0.007643s)
[2017.08.22-20.38.07:379][137]LogInit: XAudio2 using 'Speakers (Realtek High Definition Audio)' : 2 channels at 48 kHz using 32 bits per sample (channel mask 0x3)
[2017.08.22-20.38.07:396][137]LogInit: FAudioDevice initialized.
[2017.08.22-20.38.07:621][137]LogHMD: Allocating Oculus 2720 x 1600 rendertarget swapchain
[2017.08.22-20.38.07:651][137]LogLoad: Game class is 'GameModeBase'
[2017.08.22-20.38.07:653][137]LogWorld: Bringing World /Game/UEDPIE_0_SteamVRSitting_Pawn_Example.SteamVRSitting_Pawn_Example up for play (max tick rate 0) at 2017.08.22-16.38.07
[2017.08.22-20.38.07:654][137]LogWorld: Bringing up level for play took: 0.002102
[2017.08.22-20.38.07:669][137]PIE: Play in editor start time for /Game/UEDPIE_0_SteamVRSitting_Pawn_Example -0.11
[2017.08.22-20.38.14:136][495]BlueprintLog: New page: Compile SteamVR_Pawn_Sitting
[2017.08.22-20.38.15:094][512]LogTemp: Repeating last play command: VR Preview
[2017.08.22-20.38.15:110][512]LogPlayLevel: PlayLevel: No blueprints needed recompiling
[2017.08.22-20.38.15:110][512]LogHMD: Initializing OVRPlugin session
[2017.08.22-20.38.15:151][512]PIE: New page: PIE session: SteamVRSitting_Pawn_Example (Aug 22, 2017, 12:38:15 PM)
[2017.08.22-20.38.15:152][512]LogPlayLevel: Creating play world package: /Game/UEDPIE_0_SteamVRSitting_Pawn_Example
[2017.08.22-20.38.15:158][512]LogPlayLevel: PIE: StaticDuplicateObject took: (0.006055s)
[2017.08.22-20.38.15:159][512]LogAIModule: Creating AISystem for world SteamVRSitting_Pawn_Example
[2017.08.22-20.38.15:159][512]LogPlayLevel: PIE: World Init took: (0.001260s)
[2017.08.22-20.38.15:159][512]LogPlayLevel: PIE: Created PIE world by copying editor world from /Game/SteamVRSitting_Pawn_Example.SteamVRSitting_Pawn_Example to /Game/UEDPIE_0_SteamVRSitting_Pawn_Example.SteamVRSitting_Pawn_Example (0.007809s)
[2017.08.22-20.38.15:265][512]LogInit: XAudio2 using 'Speakers (Realtek High Definition Audio)' : 2 channels at 48 kHz using 32 bits per sample (channel mask 0x3)
[2017.08.22-20.38.15:279][512]LogInit: FAudioDevice initialized.
[2017.08.22-20.38.15:514][512]LogHMD: Allocating Oculus 2720 x 1600 rendertarget swapchain
[2017.08.22-20.38.15:548][512]LogLoad: Game class is 'GameModeBase'
[2017.08.22-20.38.15:550][512]LogWorld: Bringing World /Game/UEDPIE_0_SteamVRSitting_Pawn_Example.SteamVRSitting_Pawn_Example up for play (max tick rate 0) at 2017.08.22-16.38.15
[2017.08.22-20.38.15:551][512]LogWorld: Bringing up level for play took: 0.002199
[2017.08.22-20.38.15:567][512]PIE: Play in editor start time for /Game/UEDPIE_0_SteamVRSitting_Pawn_Example -0.213
[2017.08.22-20.40.14:867][849]Cmd: OBJ SAVEPACKAGE PACKAGE="/Game/SteamVR_Pawn_Sitting" FILE="../../../../../UE4_Projects/SteamVRCameraExample/Content/SteamVR_Pawn_Sitting.uasset" SILENT=true
[2017.08.22-20.40.14:895][849]LogSavePackage: Save=25.42ms
[2017.08.22-20.40.14:896][849]LogSavePackage: Moving '../../../../../UE4_Projects/SteamVRCameraExample/Saved/SteamVR_Pawn_SittingF6BC5B364F5ED2D8A46D0D87F8DEB55A.tmp' to '../../../../../UE4_Projects/SteamVRCameraExample/Content/SteamVR_Pawn_Sitting.uasset'
[2017.08.22-20.40.14:897][849]LogSavePackage: Display: Finished SavePackage ../../../../../UE4_Projects/SteamVRCameraExample/Content/SteamVR_Pawn_Sitting.uasset
[2017.08.22-20.40.15:099][849]LogSavePackage: Save=52.92ms
[2017.08.22-20.40.15:099][849]LogSavePackage: Moving '../../../../../UE4_Projects/SteamVRCameraExample/Saved/SteamVRSitting_Pawn_Example6A5835734C53F713B87D92803C7039DC.tmp' to '../../../../../UE4_Projects/SteamVRCameraExample/Content/SteamVRSitting_Pawn_Example.umap'
[2017.08.22-20.40.15:102][849]LogSavePackage: Display: Finished SavePackage ../../../../../UE4_Projects/SteamVRCameraExample/Content/SteamVRSitting_Pawn_Example.umap
[2017.08.22-20.40.15:123][849]LogFileHelpers: Saving map 'SteamVRSitting_Pawn_Example' took 0.222
[2017.08.22-20.40.15:416][850]Cmd: QUIT_EDITOR
[2017.08.22-20.40.15:452][850]LogExit: Preparing to exit.
[2017.08.22-20.40.15:894][850]LogDirectoryWatcher: A directory notification failed for 'D:/UE4_Projects/SteamVRCameraExample/Content/', and we were unable to create a new request.
[2017.08.22-20.40.15:946][850]LogExit: Editor shut down
[2017.08.22-20.40.15:954][850]LogExit: Transaction tracking system shut down
[2017.08.22-20.40.16:095][850]LogDirectoryWatcher: A directory notification for '../../../Engine/Content/' was aborted.
[2017.08.22-20.40.16:095][850]LogDirectoryWatcher: A directory notification for '../../../../../UE4_Projects/SteamVRCameraExample/Content/' was aborted.
[2017.08.22-20.40.16:096][850]LogDirectoryWatcher: A directory notification for '../../../Engine/Plugins/2D/Paper2D/Content/' was aborted.
[2017.08.22-20.40.16:096][850]LogDirectoryWatcher: A directory notification for '../../../Engine/Plugins/Runtime/Oculus/OculusVR/Content/' was aborted.
[2017.08.22-20.40.16:096][850]LogDirectoryWatcher: A directory notification for '../../../Engine/Plugins/Runtime/Steam/SteamVR/Content/' was aborted.
[2017.08.22-20.40.16:235][850]LogExit: Object subsystem successfully closed.
[2017.08.22-20.40.16:272][850]LogD3D11RHI: Shutdown
[2017.08.22-20.40.16:272][850]LogD3D11RHI: CleanupD3DDevice
[2017.08.22-20.40.16:276][850]LogD3D11RHI: ~FD3D11DynamicRHI
[2017.08.22-20.40.16:289][850]LogModuleManager: Shutting down and abandoning module BlueprintGraph (536)
[2017.08.22-20.40.16:289][850]LogModuleManager: Shutting down and abandoning module BlueprintProfiler (534)
[2017.08.22-20.40.16:289][850]LogModuleManager: Shutting down and abandoning module MovieSceneCapture (532)
[2017.08.22-20.40.16:289][850]LogModuleManager: Shutting down and abandoning module HierarchicalLODOutliner (530)
[2017.08.22-20.40.16:289][850]LogModuleManager: Shutting down and abandoning module SceneOutliner (528)
[2017.08.22-20.40.16:289][850]LogModuleManager: Shutting down and abandoning module AddContentDialog (526)
[2017.08.22-20.40.16:289][850]LogDirectoryWatcher: A directory notification for 'D:/UE4_Public/UE_4.17/FeaturePacks/' was aborted.
[2017.08.22-20.40.16:291][850]LogModuleManager: Shutting down and abandoning module WidgetCarousel (525)
[2017.08.22-20.40.16:291][850]LogModuleManager: Shutting down and abandoning module EditorWidgets (522)
[2017.08.22-20.40.16:291][850]LogModuleManager: Shutting down and abandoning module CollectionManager (520)
[2017.08.22-20.40.16:291][850]LogDirectoryWatcher: A directory notification for 'D:/UE4_Projects/SteamVRCameraExample/Content/Collections/' was aborted.
[2017.08.22-20.40.16:291][850]LogDirectoryWatcher: A directory notification for 'D:/UE4_Projects/SteamVRCameraExample/Content/Developers/SamDeiter/Collections/' was aborted.
[2017.08.22-20.40.16:291][850]LogDirectoryWatcher: A directory notification for 'D:/UE4_Projects/SteamVRCameraExample/Saved/Collections/' was aborted.
[2017.08.22-20.40.16:292][850]LogModuleManager: Shutting down and abandoning module StatsViewer (518)
[2017.08.22-20.40.16:292][850]LogModuleManager: Shutting down and abandoning module FoliageEdit (516)
[2017.08.22-20.40.16:292][850]LogModuleManager: Shutting down and abandoning module LandscapeEditor (514)
[2017.08.22-20.40.16:292][850]LogModuleManager: Shutting down and abandoning module MeshPaintMode (512)
[2017.08.22-20.40.16:292][850]LogModuleManager: Shutting down and abandoning module SceneDepthPickerMode (510)
[2017.08.22-20.40.16:292][850]LogModuleManager: Shutting down and abandoning module ActorPickerMode (508)
[2017.08.22-20.40.16:292][850]LogModuleManager: Shutting down and abandoning module GeometryMode (506)
[2017.08.22-20.40.16:292][850]LogModuleManager: Shutting down and abandoning module TextureAlignMode (504)
[2017.08.22-20.40.16:292][850]LogModuleManager: Shutting down and abandoning module BspMode (502)
[2017.08.22-20.40.16:292][850]LogModuleManager: Shutting down and abandoning module PIEPreviewDeviceProfileSelector (500)
[2017.08.22-20.40.16:292][850]LogModuleManager: Shutting down and abandoning module HardwareSurvey (498)
[2017.08.22-20.40.16:292][850]LogModuleManager: Shutting down and abandoning module SequenceRecorderSections (496)
[2017.08.22-20.40.16:292][850]LogModuleManager: Shutting down and abandoning module AutomationWorker (494)
[2017.08.22-20.40.16:292][850]LogModuleManager: Shutting down and abandoning module MatineeToLevelSequence (492)
[2017.08.22-20.40.16:292][850]LogModuleManager: Shutting down and abandoning module LevelSequenceEditor (490)
[2017.08.22-20.40.16:292][850]LogModuleManager: Shutting down and abandoning module PlacementMode (489)
[2017.08.22-20.40.16:292][850]LogModuleManager: Shutting down and abandoning module WmfMediaFactory (486)
[2017.08.22-20.40.16:292][850]LogModuleManager: Shutting down and abandoning module WmfMediaEditor (484)
[2017.08.22-20.40.16:293][850]LogModuleManager: Shutting down and abandoning module AvfMediaFactory (482)
[2017.08.22-20.40.16:293][850]LogModuleManager: Shutting down and abandoning module AvfMediaEditor (480)
[2017.08.22-20.40.16:293][850]LogModuleManager: Shutting down and abandoning module AndroidMediaFactory (478)
[2017.08.22-20.40.16:293][850]LogModuleManager: Shutting down and abandoning module Media (477)
[2017.08.22-20.40.16:293][850]LogModuleManager: Shutting down and abandoning module AndroidMediaEditor (474)
[2017.08.22-20.40.16:293][850]LogModuleManager: Shutting down and abandoning module CharacterAI (472)
[2017.08.22-20.40.16:293][850]LogModuleManager: Shutting down and abandoning module AudioCapture (470)
[2017.08.22-20.40.16:293][850]LogModuleManager: Shutting down and abandoning module SequenceRecorder (469)
[2017.08.22-20.40.16:293][850]LogModuleManager: Shutting down and abandoning module SmartSnapping (466)
[2017.08.22-20.40.16:293][850]LogModuleManager: Shutting down and abandoning module SessionServices (464)
[2017.08.22-20.40.16:293][850]LogModuleManager: Shutting down and abandoning module ViewportSnapping (462)
[2017.08.22-20.40.16:293][850]LogModuleManager: Shutting down and abandoning module ViewportInteraction (460)
[2017.08.22-20.40.16:293][850]LogModuleManager: Shutting down and abandoning module ClothPainter (458)
[2017.08.22-20.40.16:293][850]LogModuleManager: Shutting down and abandoning module LogVisualizer (456)
[2017.08.22-20.40.16:293][850]LogModuleManager: Shutting down and abandoning module IntroTutorials (454)
[2017.08.22-20.40.16:293][850]LogModuleManager: Shutting down and abandoning module GameProjectGeneration (453)
[2017.08.22-20.40.16:293][850]LogModuleManager: Shutting down and abandoning module IOSPlatformEditor (450)
[2017.08.22-20.40.16:293][850]LogModuleManager: Shutting down and abandoning module HTML5PlatformEditor (448)
[2017.08.22-20.40.16:293][850]LogModuleManager: Shutting down and abandoning module AndroidPlatformEditor (446)
[2017.08.22-20.40.16:293][850]LogModuleManager: Shutting down and abandoning module AndroidDeviceDetection (445)
[2017.08.22-20.40.17:080][850]LogModuleManager: Shutting down and abandoning module WindowsPlatformEditor (442)
[2017.08.22-20.40.17:081][850]LogModuleManager: Shutting down and abandoning module IOSRuntimeSettings (440)
[2017.08.22-20.40.17:081][850]LogModuleManager: Shutting down and abandoning module AndroidRuntimeSettings (438)
[2017.08.22-20.40.17:081][850]LogModuleManager: Shutting down and abandoning module InputBindingEditor (436)
[2017.08.22-20.40.17:081][850]LogModuleManager: Shutting down and abandoning module MergeActors (434)
[2017.08.22-20.40.17:081][850]LogModuleManager: Shutting down and abandoning module SizeMap (432)
[2017.08.22-20.40.17:081][850]LogModuleManager: Shutting down and abandoning module TreeMap (430)
[2017.08.22-20.40.17:081][850]LogModuleManager: Shutting down and abandoning module ReferenceViewer (428)
[2017.08.22-20.40.17:081][850]LogModuleManager: Shutting down and abandoning module LocalizationDashboard (426)
[2017.08.22-20.40.17:081][850]LogModuleManager: Shutting down and abandoning module LocalizationService (425)
[2017.08.22-20.40.17:081][850]LogModuleManager: Shutting down and abandoning module HardwareTargeting (422)
[2017.08.22-20.40.17:081][850]LogModuleManager: Shutting down and abandoning module DeviceProfileEditor (420)
[2017.08.22-20.40.17:081][850]LogModuleManager: Shutting down and abandoning module UndoHistory (418)
[2017.08.22-20.40.17:081][850]LogModuleManager: Shutting down and abandoning module XmlParser (416)
[2017.08.22-20.40.17:081][850]LogModuleManager: Shutting down and abandoning module Blutility (414)
[2017.08.22-20.40.17:081][850]LogModuleManager: Shutting down and abandoning module ProjectSettingsViewer (412)
[2017.08.22-20.40.17:081][850]LogModuleManager: Shutting down and abandoning module ProjectTargetPlatformEditor (411)
[2017.08.22-20.40.17:082][850]LogModuleManager: Shutting down and abandoning module EditorSettingsViewer (408)
[2017.08.22-20.40.17:082][850]LogModuleManager: Shutting down and abandoning module SettingsEditor (406)
[2017.08.22-20.40.17:082][850]LogModuleManager: Shutting down and abandoning module ProjectLauncher (404)
[2017.08.22-20.40.17:082][850]LogModuleManager: Shutting down and abandoning module SessionFrontend (402)
[2017.08.22-20.40.17:082][850]LogModuleManager: Shutting down and abandoning module ProfilerClient (400)
[2017.08.22-20.40.17:082][850]LogModuleManager: Shutting down and abandoning module DeviceManager (398)
[2017.08.22-20.40.17:082][850]LogModuleManager: Shutting down and abandoning module TargetDeviceServices (397)
[2017.08.22-20.40.17:132][850]LogModuleManager: Shutting down and abandoning module AutomationController (394)
[2017.08.22-20.40.17:132][850]LogModuleManager: Shutting down and abandoning module AutomationWindow (392)
[2017.08.22-20.40.17:132][850]LogModuleManager: Shutting down and abandoning module Layers (390)
[2017.08.22-20.40.17:132][850]LogModuleManager: Shutting down and abandoning module ComponentVisualizers (388)
[2017.08.22-20.40.17:132][850]LogModuleManager: Shutting down and abandoning module DetailCustomizations (386)
[2017.08.22-20.40.17:132][850]LogModuleManager: Shutting down and abandoning module PackagesDialog (384)
[2017.08.22-20.40.17:132][850]LogModuleManager: Shutting down and abandoning module Persona (382)
[2017.08.22-20.40.17:132][850]LogModuleManager: Shutting down and abandoning module AdvancedPreviewScene (381)
[2017.08.22-20.40.17:132][850]LogModuleManager: Shutting down and abandoning module AnimGraph (379)
[2017.08.22-20.40.17:132][850]LogModuleManager: Shutting down and abandoning module Kismet (376)
[2017.08.22-20.40.17:143][850]LogModuleManager: Shutting down and abandoning module ClassViewer (374)
[2017.08.22-20.40.17:144][850]LogModuleManager: Shutting down and abandoning module Toolbox (372)
[2017.08.22-20.40.17:144][850]LogModuleManager: Shutting down and abandoning module ModuleUI (370)
[2017.08.22-20.40.17:144][850]LogModuleManager: Shutting down and abandoning module MovieSceneTools (368)
[2017.08.22-20.40.17:144][850]LogModuleManager: Shutting down and abandoning module OutputLog (366)
[2017.08.22-20.40.17:144][850]LogModuleManager: Shutting down and abandoning module GammaUI (364)
[2017.08.22-20.40.17:144][850]LogModuleManager: Shutting down and abandoning module Documentation (362)
[2017.08.22-20.40.17:144][850]LogModuleManager: Shutting down and abandoning module MovieSceneTracks (360)
[2017.08.22-20.40.17:144][850]LogModuleManager: Shutting down and abandoning module MovieScene (358)
[2017.08.22-20.40.17:144][850]LogModuleManager: Shutting down and abandoning module Niagara (356)
[2017.08.22-20.40.17:144][850]LogModuleManager: Shutting down and abandoning module NiagaraEditor (355)
[2017.08.22-20.40.17:144][850]LogModuleManager: Shutting down and abandoning module StreamingPauseRendering (352)
[2017.08.22-20.40.17:144][850]LogModuleManager: Shutting down and abandoning module LauncherPlatform (350)
[2017.08.22-20.40.17:144][850]LogModuleManager: Shutting down and abandoning module AnalyticsET (348)
[2017.08.22-20.40.17:144][850]LogModuleManager: Shutting down and abandoning module PortalServices (346)
[2017.08.22-20.40.17:144][850]LogModuleManager: Shutting down and abandoning module PortalRpc (344)
[2017.08.22-20.40.17:144][850]LogModuleManager: Shutting down and abandoning module MessagingRpc (342)
[2017.08.22-20.40.17:144][850]LogModuleManager: Shutting down and abandoning module AIModule (340)
[2017.08.22-20.40.17:144][850]LogModuleManager: Shutting down and abandoning module GameplayDebugger (339)
[2017.08.22-20.40.17:145][850]LogModuleManager: Shutting down and abandoning module AITestSuite (337)
[2017.08.22-20.40.17:145][850]LogModuleManager: Shutting down and abandoning module ProfilerService (334)
[2017.08.22-20.40.17:201][850]LogModuleManager: Shutting down and abandoning module TaskGraph (332)
[2017.08.22-20.40.17:201][850]LogModuleManager: Shutting down and abandoning module SteamVRController (330)
[2017.08.22-20.40.17:202][850]LogModuleManager: Shutting down and abandoning module ProceduralMeshComponentEditor (328)
[2017.08.22-20.40.17:202][850]LogModuleManager: Shutting down and abandoning module ProceduralMeshComponent (326)
[2017.08.22-20.40.17:202][850]LogModuleManager: Shutting down and abandoning module OculusInput (324)
[2017.08.22-20.40.17:202][850]LogModuleManager: Shutting down and abandoning module MobilePatchingUtils (322)
[2017.08.22-20.40.17:202][850]LogModuleManager: Shutting down and abandoning module CustomMeshComponent (320)
[2017.08.22-20.40.17:202][850]LogModuleManager: Shutting down and abandoning module CableComponent (318)
[2017.08.22-20.40.17:202][850]LogModuleManager: Shutting down and abandoning module ArchVisCharacter (316)
[2017.08.22-20.40.17:202][850]LogModuleManager: Shutting down and abandoning module AndroidPermission (314)
[2017.08.22-20.40.17:202][850]LogModuleManager: Shutting down and abandoning module MediaPlayerEditor (310)
[2017.08.22-20.40.17:202][850]LogModuleManager: Shutting down and abandoning module HTML5Networking (308)
[2017.08.22-20.40.17:202][850]LogModuleManager: Shutting down and abandoning module AlembicImporter (306)
[2017.08.22-20.40.17:202][850]LogModuleManager: Shutting down and abandoning module AlembicLibrary (305)
[2017.08.22-20.40.17:202][850]LogModuleManager: Shutting down and abandoning module GeometryCache (304)
[2017.08.22-20.40.17:202][850]LogModuleManager: Shutting down and abandoning module GeometryCacheEd (303)
[2017.08.22-20.40.17:202][850]LogModuleManager: Shutting down and abandoning module SpeedTreeImporter (298)
[2017.08.22-20.40.17:202][850]LogModuleManager: Shutting down and abandoning module PluginBrowser (296)
[2017.08.22-20.40.17:202][850]LogModuleManager: Shutting down and abandoning module MobileLauncherProfileWizard (294)
[2017.08.22-20.40.17:202][850]LogModuleManager: Shutting down and abandoning module VisualStudioSourceCodeAccess (292)
[2017.08.22-20.40.17:202][850]LogModuleManager: Shutting down and abandoning module DesktopPlatform (291)
[2017.08.22-20.40.17:202][850]LogModuleManager: Shutting down and abandoning module UObjectPlugin (288)
[2017.08.22-20.40.17:202][850]LogModuleManager: Shutting down and abandoning module SubversionSourceControl (286)
[2017.08.22-20.40.17:202][850]LogModuleManager: Shutting down and abandoning module PerforceSourceControl (284)
[2017.08.22-20.40.17:203][850]LogModuleManager: Shutting down and abandoning module GitSourceControl (282)
[2017.08.22-20.40.17:203][850]LogModuleManager: Shutting down and abandoning module SourceControl (281)
[2017.08.22-20.40.17:203][850]LogModuleManager: Shutting down and abandoning module LightPropagationVolumeEditor (278)
[2017.08.22-20.40.17:203][850]LogModuleManager: Shutting down and abandoning module PaperTiledImporter (276)
[2017.08.22-20.40.17:203][850]LogModuleManager: Shutting down and abandoning module PaperSpriteSheetImporter (274)
[2017.08.22-20.40.17:203][850]LogModuleManager: Shutting down and abandoning module Paper2DEditor (272)
[2017.08.22-20.40.17:203][850]LogModuleManager: Shutting down and abandoning module MeshPaint (271)
[2017.08.22-20.40.17:203][850]LogModuleManager: Shutting down and abandoning module LevelEditor (269)
[2017.08.22-20.40.17:204][850]LogModuleManager: Shutting down and abandoning module PixelInspectorModule (268)
[2017.08.22-20.40.17:204][850]LogModuleManager: Shutting down and abandoning module MainFrame (266)
[2017.08.22-20.40.17:204][850]LogModuleManager: Shutting down and abandoning module HotReload (265)
[2017.08.22-20.40.17:205][850]LogModuleManager: Shutting down and abandoning module RuntimePhysXCooking (260)
[2017.08.22-20.40.17:205][850]LogModuleManager: Shutting down and abandoning module PhysXVehiclesEditor (258)
[2017.08.22-20.40.17:205][850]LogModuleManager: Shutting down and abandoning module PhysXVehicles (256)
[2017.08.22-20.40.17:205][850]LogModuleManager: Shutting down and abandoning module OculusEditor (254)
[2017.08.22-20.40.17:205][850]LogModuleManager: Shutting down and abandoning module LocationServicesBPLibrary (252)
[2017.08.22-20.40.17:205][850]LogModuleManager: Shutting down and abandoning module ImmediatePhysicsEditor (250)
[2017.08.22-20.40.17:205][850]LogModuleManager: Shutting down and abandoning module ImmediatePhysics (248)
[2017.08.22-20.40.17:205][850]LogModuleManager: Shutting down and abandoning module UdpMessaging (246)
[2017.08.22-20.40.17:305][850]LogModuleManager: Shutting down and abandoning module TcpMessaging (244)
[2017.08.22-20.40.17:405][850]LogModuleManager: Shutting down and abandoning module GameplayTagsEditor (242)
[2017.08.22-20.40.17:405][850]LogModuleManager: Shutting down and abandoning module FacialAnimationEditor (240)
[2017.08.22-20.40.17:405][850]LogModuleManager: Shutting down and abandoning module FacialAnimation (238)
[2017.08.22-20.40.17:405][850]LogModuleManager: Shutting down and abandoning module AssetManagerEditor (236)
[2017.08.22-20.40.17:405][850]LogModuleManager: Shutting down and abandoning module GraphEditor (235)
[2017.08.22-20.40.17:405][850]LogModuleManager: Shutting down and abandoning module ContentBrowser (233)
[2017.08.22-20.40.17:407][850]LogModuleManager: Shutting down and abandoning module LightPropagationVolumeRuntime (230)
[2017.08.22-20.40.17:407][850]LogModuleManager: Shutting down and abandoning module Paper2D (228)
[2017.08.22-20.40.17:407][850]LogModuleManager: Shutting down and abandoning module WindowsMoviePlayer (226)
[2017.08.22-20.40.17:407][850]LogModuleManager: Shutting down and abandoning module WmfMedia (224)
[2017.08.22-20.40.17:408][850]LogModuleManager: Shutting down and abandoning module PacketHandler (222)
[2017.08.22-20.40.17:408][850]LogModuleManager: Shutting down and abandoning module ClothingSystemEditor (220)
[2017.08.22-20.40.17:408][850]LogModuleManager: Shutting down and abandoning module ClothingSystemRuntime (218)
[2017.08.22-20.40.17:408][850]LogModuleManager: Shutting down and abandoning module Overlay (216)
[2017.08.22-20.40.17:408][850]LogModuleManager: Shutting down and abandoning module OverlayEditor (215)
[2017.08.22-20.40.17:408][850]LogModuleManager: Shutting down and abandoning module MediaAssets (212)
[2017.08.22-20.40.17:408][850]LogModuleManager: Shutting down and abandoning module VREditor (210)
[2017.08.22-20.40.17:408][850]LogModuleManager: Shutting down and abandoning module StringTableEditor (208)
[2017.08.22-20.40.17:409][850]LogModuleManager: Shutting down and abandoning module GameplayTasksEditor (206)
[2017.08.22-20.40.17:409][850]LogModuleManager: Shutting down and abandoning module BehaviorTreeEditor (204)
[2017.08.22-20.40.17:409][850]LogModuleManager: Shutting down and abandoning module FunctionalTesting (202)
[2017.08.22-20.40.17:409][850]LogModuleManager: Shutting down and abandoning module CollisionAnalyzer (200)
[2017.08.22-20.40.17:409][850]LogModuleManager: Shutting down and abandoning module WorkspaceMenuStructure (199)
[2017.08.22-20.40.17:409][850]LogModuleManager: Shutting down and abandoning module UMG (196)
[2017.08.22-20.40.17:409][850]LogModuleManager: Shutting down and abandoning module UMGEditor (195)
[2017.08.22-20.40.17:409][850]LogModuleManager: Shutting down and abandoning module Sequencer (194)
[2017.08.22-20.40.17:409][850]LogModuleManager: Shutting down and abandoning module MessageLog (191)
[2017.08.22-20.40.17:409][850]LogModuleManager: Shutting down and abandoning module SlateReflector (186)
[2017.08.22-20.40.17:409][850]LogModuleManager: Shutting down and abandoning module Slate (184)
[2017.08.22-20.40.17:409][850]LogModuleManager: Shutting down and abandoning module EditorStyle (182)
[2017.08.22-20.40.17:412][850]LogModuleManager: Shutting down and abandoning module MRMesh (180)
[2017.08.22-20.40.17:412][850]LogModuleManager: Shutting down and abandoning module SourceCodeAccess (178)
[2017.08.22-20.40.17:412][850]LogModuleManager: Shutting down and abandoning module HeadMountedDisplay (176)
[2017.08.22-20.40.17:412][850]LogModuleManager: Shutting down and abandoning module XAudio2 (174)
[2017.08.22-20.40.17:412][850]LogModuleManager: Shutting down and abandoning module Networking (172)
[2017.08.22-20.40.17:413][850]LogModuleManager: Shutting down and abandoning module Core (168)
[2017.08.22-20.40.17:413][850]LogModuleManager: Shutting down and abandoning module KismetCompiler (164)
[2017.08.22-20.40.17:413][850]LogModuleManager: Shutting down and abandoning module MeshUtilities (162)
[2017.08.22-20.40.17:413][850]LogModuleManager: Shutting down and abandoning module MeshMergeUtilities (161)
[2017.08.22-20.40.17:413][850]LogModuleManager: Shutting down and abandoning module MeshReductionInterface (160)
[2017.08.22-20.40.17:413][850]LogModuleManager: Shutting down and abandoning module SimplygonSwarm (159)
[2017.08.22-20.40.17:413][850]LogModuleManager: Shutting down and abandoning module SimplygonMeshReduction (157)
[2017.08.22-20.40.17:413][850]LogModuleManager: Shutting down and abandoning module QuadricMeshReduction (155)
[2017.08.22-20.40.17:413][850]LogModuleManager: Shutting down and abandoning module MaterialBaking (151)
[2017.08.22-20.40.17:413][850]LogModuleManager: Shutting down and abandoning module LevelSequence (148)
[2017.08.22-20.40.17:413][850]LogModuleManager: Shutting down and abandoning module DirectoryWatcher (146)
[2017.08.22-20.40.17:414][850]LogModuleManager: Shutting down and abandoning module DerivedDataCache (144)
[2017.08.22-20.40.17:497][850]LogDerivedDataCache: Shutdown
[2017.08.22-20.40.17:497][850]LogModuleManager: Shutting down and abandoning module TargetPlatform (142)
[2017.08.22-20.40.17:497][850]LogModuleManager: Shutting down and abandoning module VulkanShaderFormat (141)
[2017.08.22-20.40.17:498][850]LogModuleManager: Shutting down and abandoning module ShaderFormatVectorVM (139)
[2017.08.22-20.40.17:498][850]LogModuleManager: Shutting down and abandoning module ShaderFormatOpenGL (137)
[2017.08.22-20.40.17:498][850]LogModuleManager: Shutting down and abandoning module ShaderFormatD3D (135)
[2017.08.22-20.40.17:498][850]LogModuleManager: Shutting down and abandoning module MetalShaderFormat (133)
[2017.08.22-20.40.17:498][850]LogModuleManager: Shutting down and abandoning module TextureFormatUncompressed (131)
[2017.08.22-20.40.17:498][850]LogModuleManager: Shutting down and abandoning module TextureFormatPVR (129)
[2017.08.22-20.40.17:498][850]LogModuleManager: Shutting down and abandoning module TextureFormatDXT (127)
[2017.08.22-20.40.17:498][850]LogModuleManager: Shutting down and abandoning module TextureFormatIntelISPCTexComp (125)
[2017.08.22-20.40.17:498][850]LogModuleManager: Shutting down and abandoning module TextureFormatASTC (123)
[2017.08.22-20.40.17:498][850]LogModuleManager: Shutting down and abandoning module ImageWrapper (122)
[2017.08.22-20.40.17:498][850]LogModuleManager: Shutting down and abandoning module TextureFormatAndroid (119)
[2017.08.22-20.40.17:498][850]LogModuleManager: Shutting down and abandoning module AudioFormatOpus (117)
[2017.08.22-20.40.17:498][850]LogModuleManager: Shutting down and abandoning module AudioFormatOgg (115)
[2017.08.22-20.40.17:498][850]LogModuleManager: Shutting down and abandoning module AudioFormatADPCM (113)
[2017.08.22-20.40.17:498][850]LogModuleManager: Shutting down and abandoning module LinuxTargetPlatform (111)
[2017.08.22-20.40.17:498][850]LogModuleManager: Shutting down and abandoning module LinuxServerTargetPlatform (109)
[2017.08.22-20.40.17:498][850]LogModuleManager: Shutting down and abandoning module LinuxNoEditorTargetPlatform (107)
[2017.08.22-20.40.17:498][850]LogModuleManager: Shutting down and abandoning module LinuxClientTargetPlatform (105)
[2017.08.22-20.40.17:498][850]LogModuleManager: Shutting down and abandoning module TVOSTargetPlatform (103)
[2017.08.22-20.40.17:498][850]LogModuleManager: Shutting down and abandoning module Messaging (101)
[2017.08.22-20.40.17:498][850]LogModuleManager: Shutting down and abandoning module IOSTargetPlatform (99)
[2017.08.22-20.40.17:498][850]LogModuleManager: Shutting down and abandoning module HTML5TargetPlatform (97)
[2017.08.22-20.40.17:498][850]LogModuleManager: Shutting down and abandoning module Android_PVRTCTargetPlatform (95)
[2017.08.22-20.40.17:499][850]LogModuleManager: Shutting down and abandoning module Android_MultiTargetPlatform (93)
[2017.08.22-20.40.17:499][850]LogModuleManager: Shutting down and abandoning module Android_ETC2TargetPlatform (91)
[2017.08.22-20.40.17:499][850]LogModuleManager: Shutting down and abandoning module Android_ETC1TargetPlatform (89)
[2017.08.22-20.40.17:499][850]LogModuleManager: Shutting down and abandoning module Android_DXTTargetPlatform (87)
[2017.08.22-20.40.17:499][850]LogModuleManager: Shutting down and abandoning module Android_ATCTargetPlatform (85)
[2017.08.22-20.40.17:499][850]LogModuleManager: Shutting down and abandoning module Android_ASTCTargetPlatform (83)
[2017.08.22-20.40.17:499][850]LogModuleManager: Shutting down and abandoning module AndroidTargetPlatform (81)
[2017.08.22-20.40.17:499][850]LogModuleManager: Shutting down and abandoning module WindowsTargetPlatform (79)
[2017.08.22-20.40.17:499][850]LogModuleManager: Shutting down and abandoning module WindowsServerTargetPlatform (77)
[2017.08.22-20.40.17:499][850]LogModuleManager: Shutting down and abandoning module WindowsNoEditorTargetPlatform (75)
[2017.08.22-20.40.17:499][850]LogModuleManager: Shutting down and abandoning module WindowsClientTargetPlatform (73)
[2017.08.22-20.40.17:499][850]LogModuleManager: Shutting down and abandoning module MacTargetPlatform (71)
[2017.08.22-20.40.17:499][850]LogModuleManager: Shutting down and abandoning module MacServerTargetPlatform (69)
[2017.08.22-20.40.17:499][850]LogModuleManager: Shutting down and abandoning module MacNoEditorTargetPlatform (67)
[2017.08.22-20.40.17:499][850]LogModuleManager: Shutting down and abandoning module MacClientTargetPlatform (65)
[2017.08.22-20.40.17:499][850]LogModuleManager: Shutting down and abandoning module AllDesktopTargetPlatform (63)
[2017.08.22-20.40.17:499][850]LogModuleManager: Shutting down and abandoning module InputCore (60)
[2017.08.22-20.40.17:499][850]LogModuleManager: Shutting down and abandoning module Settings (58)
[2017.08.22-20.40.17:499][850]LogModuleManager: Shutting down and abandoning module PhysXCooking (56)
[2017.08.22-20.40.17:499][850]LogModuleManager: Shutting down and abandoning module SteamVR (54)
[2017.08.22-20.40.17:499][850]LogModuleManager: Shutting down and abandoning module OculusHMD (52)
[2017.08.22-20.40.17:499][850]LogModuleManager: Shutting down and abandoning module ExampleDeviceProfileSelector (50)
[2017.08.22-20.40.17:499][850]LogModuleManager: Shutting down and abandoning module OnlineBlueprintSupport (48)
[2017.08.22-20.40.17:499][850]LogModuleManager: Shutting down and abandoning module OnlineSubsystem (44)
[2017.08.22-20.40.17:499][850]LogOnline: Display: Unloading online subsystem: NULL
[2017.08.22-20.40.17:499][850]LogModuleManager: Shutting down and abandoning module XMPP (43)
[2017.08.22-20.40.17:500][850]LogModuleManager: Shutting down and abandoning module HTTP (41)
[2017.08.22-20.40.17:500][850]LogHttp: Display: Http module shutting down, but needs to wait on 1 outstanding Http requests:
[2017.08.22-20.40.17:500][850]LogHttp: Display: 	verb=[POST] url=[https://datarouter.ol.epicgames.com/datarouter/api/v1/public/data?SessionID=%7BA7D5606C-4B50-8D51-9586-9AB7700D7698%7D&AppID=UEEditor.Rocket.Release&AppVersion=4.17.1-3586342%2B%2B%2BUE4%2BRelease-4.17&UserID=21dfb41146021c46825b48804bd93b3a%7Ccfb348dc549f4951a74453128631b01d%7C41578b7f-b02e-4bae-9b87-ce952923e161&AppEnvironment=datacollector-binary&UploadType=eteventstream] status=Processing
[2017.08.22-20.40.17:511][850]LogModuleManager: Shutting down and abandoning module SSL (40)
[2017.08.22-20.40.17:512][850]LogModuleManager: Shutting down and abandoning module AnimationModifiers (36)
[2017.08.22-20.40.17:513][850]LogModuleManager: Shutting down and abandoning module PropertyEditor (35)
[2017.08.22-20.40.17:513][850]LogModuleManager: Shutting down and abandoning module AudioEditor (32)
[2017.08.22-20.40.17:513][850]LogModuleManager: Shutting down and abandoning module TextureCompressor (30)
[2017.08.22-20.40.17:513][850]LogModuleManager: Shutting down and abandoning module ShaderCore (28)
[2017.08.22-20.40.17:513][850]LogModuleManager: Shutting down and abandoning module Landscape (26)
[2017.08.22-20.40.17:513][850]LogModuleManager: Shutting down and abandoning module SlateRHIRenderer (24)
[2017.08.22-20.40.17:514][850]LogModuleManager: Shutting down and abandoning module OpenGLDrv (22)
[2017.08.22-20.40.17:514][850]LogModuleManager: Shutting down and abandoning module D3D11RHI (20)
[2017.08.22-20.40.17:514][850]LogModuleManager: Shutting down and abandoning module AnimGraphRuntime (18)
[2017.08.22-20.40.17:514][850]LogModuleManager: Shutting down and abandoning module Renderer (16)
[2017.08.22-20.40.17:514][850]LogModuleManager: Shutting down and abandoning module Engine (14)
[2017.08.22-20.40.17:515][850]LogModuleManager: Shutting down and abandoning module CoreUObject (12)
[2017.08.22-20.40.17:515][850]LogModuleManager: Shutting down and abandoning module NetworkFile (10)
[2017.08.22-20.40.17:515][850]LogModuleManager: Shutting down and abandoning module CookedIterativeFile (8)
[2017.08.22-20.40.17:515][850]LogModuleManager: Shutting down and abandoning module StreamingFile (6)
[2017.08.22-20.40.17:515][850]LogModuleManager: Shutting down and abandoning module SandboxFile (4)
[2017.08.22-20.40.17:515][850]LogModuleManager: Shutting down and abandoning module PakFile (2)
[2017.08.22-20.40.17:529][850]LogExit: Exiting.
[2017.08.22-20.40.17:542][850]Log file closed, 08/22/17 16:40:17
