Log file open, 08/23/17 10:58:16
LogWindows: LoadLibraryWithSearchPaths failed for file aqProf.dll. GetLastError=0
LogWindows: LoadLibraryWithSearchPaths failed for file VtuneApi.dll. GetLastError=0
LogWindows: LoadLibraryWithSearchPaths failed for file VtuneApi32e.dll. GetLastError=0
LogInit: Display: Running engine for game: SteamVRCameraExample
LogPlatformFile: Not using cached read wrapper
LogInit: Display: RandInit(-1135805973) SRandInit(-1135805973).
LogTaskGraph: Started task graph with 5 named threads and 50 total threads with 3 sets of task threads.
LogStats: Stats thread started at 0.590299
LogD3D11RHI: Aftermath initialized
LogPluginManager: Mounting plugin Paper2D
LogPluginManager: Mounting plugin LightPropagationVolume
LogPluginManager: Mounting plugin CodeLiteSourceCodeAccess
LogPluginManager: Mounting plugin GitSourceControl
LogPluginManager: Mounting plugin KDevelopSourceCodeAccess
LogPluginManager: Mounting plugin NullSourceCodeAccess
LogPluginManager: Mounting plugin PerforceSourceControl
LogPluginManager: Mounting plugin SubversionSourceControl
LogPluginManager: Mounting plugin UObjectPlugin
LogPluginManager: Mounting plugin VisualStudioSourceCodeAccess
LogPluginManager: Mounting plugin XCodeSourceCodeAccess
LogPluginManager: Mounting plugin AssetManagerEditor
LogPluginManager: Mounting plugin AudioCapture
LogPluginManager: Mounting plugin FacialAnimation
LogPluginManager: Mounting plugin GameplayTagsEditor
LogPluginManager: Mounting plugin MobileLauncherProfileWizard
LogPluginManager: Mounting plugin PluginBrowser
LogPluginManager: Mounting plugin SpeedTreeImporter
LogPluginManager: Mounting plugin AlembicImporter
LogPluginManager: Mounting plugin CharacterAI
LogPluginManager: Mounting plugin HTML5Networking
LogPluginManager: Mounting plugin AndroidMedia
LogPluginManager: Mounting plugin AvfMedia
LogPluginManager: Mounting plugin MediaPlayerEditor
LogPluginManager: Mounting plugin WmfMedia
LogPluginManager: Mounting plugin TcpMessaging
LogPluginManager: Mounting plugin UdpMessaging
LogPluginManager: Mounting plugin LevelSequenceEditor
LogPluginManager: Mounting plugin MatineeToLevelSequence
LogPluginManager: Mounting plugin OnlineSubsystemGooglePlay
LogPluginManager: Mounting plugin OnlineSubsystemIOS
LogPluginManager: Mounting plugin OnlineSubsystem
LogPluginManager: Mounting plugin OnlineSubsystemNull
LogPluginManager: Mounting plugin OnlineSubsystemUtils
LogPluginManager: Mounting plugin AndroidDeviceProfileSelector
LogPluginManager: Mounting plugin AndroidMoviePlayer
LogPluginManager: Mounting plugin AndroidPermission
LogPluginManager: Mounting plugin AppleMoviePlayer
LogPluginManager: Mounting plugin ArchVisCharacter
LogPluginManager: Mounting plugin CableComponent
LogPluginManager: Mounting plugin CustomMeshComponent
LogPluginManager: Mounting plugin ExampleDeviceProfileSelector
LogPluginManager: Mounting plugin GoogleCloudMessaging
LogPluginManager: Mounting plugin ImmediatePhysics
LogPluginManager: Mounting plugin IOSDeviceProfileSelector
LogPluginManager: Mounting plugin LinuxDeviceProfileSelector
LogPluginManager: Mounting plugin LocationServicesBPLibrary
LogPluginManager: Mounting plugin MobilePatchingUtils
LogPluginManager: Mounting plugin OculusVR
LogPluginManager: Mounting plugin PhysXVehicles
LogPluginManager: Mounting plugin ProceduralMeshComponent
LogPluginManager: Mounting plugin RuntimePhysXCooking
LogPluginManager: Mounting plugin SteamVR
LogPluginManager: Mounting plugin WindowsMoviePlayer
LogInit: Using libcurl 7.47.1
LogInit:  - built for x86_64-pc-win32
LogInit:  - supports SSL with OpenSSL/1.0.2g
LogInit:  - supports HTTP deflate (compression) using libz 1.2.8
LogInit:  - other features:
LogInit:      CURL_VERSION_SSL
LogInit:      CURL_VERSION_LIBZ
LogInit:      CURL_VERSION_IPV6
LogInit:      CURL_VERSION_ASYNCHDNS
LogInit:      CURL_VERSION_LARGEFILE
LogInit:      CURL_VERSION_IDN
LogInit:  CurlRequestOptions (configurable via config and command line):
LogInit:  - bVerifyPeer = false  - Libcurl will NOT verify peer certificate
LogInit:  - bUseHttpProxy = false  - Libcurl will NOT use HTTP proxy
LogInit:  - bDontReuseConnections = false  - Libcurl will reuse connections
LogInit:  - CertBundlePath = nullptr  - Libcurl will use whatever was configured at build time.
LogInit: Build: ++UE4+Release-4.17-CL-3586342
LogInit: Engine Version: 4.17.1-3586342+++UE4+Release-4.17
LogInit: Compatible Engine Version: 4.17.0-3573198+++UE4+Release-4.17
LogInit: Net CL: 3573198
LogDevObjectVersion: Number of dev versions registered: 16
LogDevObjectVersion:   Dev-Blueprints (B0D832E4-1F89-4F0D-ACCF-7EB736FD4AA2): 10
LogDevObjectVersion:   Dev-Build (E1C64328-A22C-4D53-A36C-8E866417BD8C): 0
LogDevObjectVersion:   Dev-Core (375EC13C-06E4-48FB-B500-84F0262A717E): 2
LogDevObjectVersion:   Dev-Editor (E4B068ED-F494-42E9-A231-DA0B2E46BB41): 20
LogDevObjectVersion:   Dev-Framework (CFFC743F-43B0-4480-9391-14DF171D2073): 28
LogDevObjectVersion:   Dev-Mobile (B02B49B5-BB20-44E9-A304-32B752E40360): 0
LogDevObjectVersion:   Dev-Networking (A4E4105C-59A1-49B5-A7C5-40C4547EDFEE): 0
LogDevObjectVersion:   Dev-Online (39C831C9-5AE6-47DC-9A44-9C173E1C8E7C): 0
LogDevObjectVersion:   Dev-Physics (78F01B33-EBEA-4F98-B9B4-84EACCB95AA2): 0
LogDevObjectVersion:   Dev-Platform (6631380F-2D4D-43E0-8009-CF276956A95A): 0
LogDevObjectVersion:   Dev-Rendering (12F88B9F-8875-4AFC-A67C-D90C383ABD29): 19
LogDevObjectVersion:   Dev-Sequencer (7B5AE74C-D270-4C10-A958-57980B212A5A): 4
LogDevObjectVersion:   Dev-VR (D7296918-1DD6-4BDD-9DE2-64A83CC13884): 0
LogDevObjectVersion:   Dev-LoadTimes (C2A15278-BFE7-4AFE-6C17-90FF531DF755): 1
LogDevObjectVersion:   Private-Geometry (6EACA3D4-40EC-4CC1-B786-8BED09428FC5): 1
LogDevObjectVersion:   Dev-AnimPhys (29E575DD-E0A3-4627-9D10-D276232CDCEA): 7
LogInit: Compiled (64-bit): Aug 15 2017 02:05:26
LogInit: Compiled with Visual C++: 19.00.24215.01
LogInit: Build Configuration: Development
LogInit: Branch Name: ++UE4+Release-4.17
LogInit: Command line:  
LogInit: Base directory: D:/UE4_Public/UE_4.17/Engine/Binaries/Win64/
LogInit: Installed Engine Build: 1
LogInit: Presizing for max 8388607 objects, including 0 objects not considered by GC, pre-allocating 0 bytes for permanent pool.
LogInit: Object subsystem initialized
[2017.08.23-14.58.17:802][  0]LogInit: Selected Device Profile: [Windows]
[2017.08.23-14.58.17:802][  0]LogInit: Applying CVar settings loaded from the selected device profile: [Windows]
[2017.08.23-14.58.17:827][  0]LogInit: Computer: RDU-WD-2977
[2017.08.23-14.58.17:827][  0]LogInit: User: SamDeiter
[2017.08.23-14.58.17:827][  0]LogInit: CPU Page size=4096, Cores=16
[2017.08.23-14.58.17:827][  0]LogInit: High frequency timer resolution =2.143300 MHz
[2017.08.23-14.58.17:828][  0]LogMemory: Memory total: Physical=31.9GB (32GB approx)
[2017.08.23-14.58.17:828][  0]LogMemory: Platform Memory Stats for Windows
[2017.08.23-14.58.17:828][  0]LogMemory: Process Physical Memory: 301.73 MB used, 301.73 MB peak
[2017.08.23-14.58.17:828][  0]LogMemory: Process Virtual Memory: 298.05 MB used, 298.05 MB peak
[2017.08.23-14.58.17:828][  0]LogMemory: Physical Memory: 20059.22 MB used,  12635.43 MB free, 32694.65 MB total
[2017.08.23-14.58.17:828][  0]LogMemory: Virtual Memory: 734.27 MB used,  12635.43 MB free, 8388608.00 MB total
[2017.08.23-14.58.18:185][  0]LogInit: Using OS detected language (en-US).
[2017.08.23-14.58.18:185][  0]LogInit: Using OS detected locale (en-US).
[2017.08.23-14.58.18:195][  0]LogTextLocalizationManager: No specific localization for 'en-US' exists, so the 'en' localization will be used.
[2017.08.23-14.58.19:794][  0]LogD3D11RHI: D3D11 adapters:
[2017.08.23-14.58.20:850][  0]LogD3D11RHI:    0. 'NVIDIA GeForce GTX 1070' (Feature Level 11_0)
[2017.08.23-14.58.20:850][  0]LogD3D11RHI:       8085/0/16091 MB DedicatedVideo/DedicatedSystem/SharedSystem, Outputs:3, VendorId:0x10de
[2017.08.23-14.58.20:850][  0]LogD3D11RHI: Chosen D3D11 Adapter: 0
[2017.08.23-14.58.20:860][  0]LogD3D11RHI: Creating new Direct3DDevice
[2017.08.23-14.58.20:860][  0]LogD3D11RHI:     GPU DeviceId: 0x1b81 (for the marketing name, search the web for "GPU Device Id")
[2017.08.23-14.58.20:860][  0]LogWindows: EnumDisplayDevices:
[2017.08.23-14.58.20:861][  0]LogWindows:    0. 'NVIDIA GeForce GTX 1070' (P:1 D:1)
[2017.08.23-14.58.20:861][  0]LogWindows:    1. 'NVIDIA GeForce GTX 1070' (P:0 D:1)
[2017.08.23-14.58.20:862][  0]LogWindows:    2. 'NVIDIA GeForce GTX 1070' (P:0 D:1)
[2017.08.23-14.58.20:862][  0]LogWindows:    3. 'NVIDIA GeForce GTX 1070' (P:0 D:0)
[2017.08.23-14.58.20:862][  0]LogWindows:    4. 'RDPDD Chained DD' (P:0 D:0)
[2017.08.23-14.58.20:863][  0]LogWindows:    5. 'RDP Encoder Mirror Driver' (P:0 D:0)
[2017.08.23-14.58.20:863][  0]LogWindows:    6. 'RDP Reflector Display Driver' (P:0 D:0)
[2017.08.23-14.58.20:863][  0]LogWindows:    7. 'DameWare Development Mirror Driver 64-bit' (P:0 D:0)
[2017.08.23-14.58.20:863][  0]LogWindows: DebugString: GetVideoDriverDetailsInvalid PrimaryIsNotTheChoosenAdapter GetVideoDriverDetailsInvalid PrimaryIsNotTheChoosenAdapter GetVideoDriverDetailsInvalid PrimaryIsNotTheChoosenAdapter GetVideoDriverDetailsInvalid PrimaryIsNotTheChoosenAdapter FoundDriverCount:4 
[2017.08.23-14.58.20:863][  0]LogD3D11RHI:     Adapter Name: NVIDIA GeForce GTX 1070
[2017.08.23-14.58.20:863][  0]LogD3D11RHI:   Driver Version: 382.05 (internal:22.21.13.8205, unified:382.05)
[2017.08.23-14.58.20:863][  0]LogD3D11RHI:      Driver Date: 5-1-2017
[2017.08.23-14.58.20:863][  0]LogRHI: Texture pool is 1361 MB (70% of 1945 MB)
[2017.08.23-14.58.21:758][  0]LogD3D11RHI: Async texture creation enabled
[2017.08.23-14.58.21:811][  0]LogD3D11RHI: GPU Timing Frequency: 1000.000000 (Debug: 2 2)
[2017.08.23-14.58.21:902][  0]LogShaderCompilers: Guid format shader working directory is 3 characters bigger than the processId version (../../../../../UE4_Projects/SteamVRCameraExample/Intermediate/Shaders/WorkingDirectory/2804/).
[2017.08.23-14.58.21:902][  0]LogShaderCompilers: Cleaned the shader compiler working directory 'C:/Users/sam.deiter/AppData/Local/Temp/UnrealShaderWorkingDir/4E500D644CC7409CE6828C8DEA520B18/'.
[2017.08.23-14.58.21:902][  0]LogShaderCompilers: Display: Using Local Shader Compiler.
[2017.08.23-14.58.23:539][  0]LogTemp: Display: Loaded TP AllDesktopTargetPlatform
[2017.08.23-14.58.23:618][  0]LogTemp: Display: Loaded TP MacClientTargetPlatform
[2017.08.23-14.58.23:696][  0]LogTemp: Display: Loaded TP MacNoEditorTargetPlatform
[2017.08.23-14.58.23:776][  0]LogTemp: Display: Loaded TP MacServerTargetPlatform
[2017.08.23-14.58.23:856][  0]LogTemp: Display: Loaded TP MacTargetPlatform
[2017.08.23-14.58.23:935][  0]LogTemp: Display: Loaded TP WindowsClientTargetPlatform
[2017.08.23-14.58.24:014][  0]LogTemp: Display: Loaded TP WindowsNoEditorTargetPlatform
[2017.08.23-14.58.24:093][  0]LogTemp: Display: Loaded TP WindowsServerTargetPlatform
[2017.08.23-14.58.24:161][  0]LogTemp: Display: Loaded TP WindowsTargetPlatform
[2017.08.23-14.58.24:237][  0]LogTemp: Display: Loaded TP AndroidTargetPlatform
[2017.08.23-14.58.24:313][  0]LogTemp: Display: Loaded TP Android_ASTCTargetPlatform
[2017.08.23-14.58.24:390][  0]LogTemp: Display: Loaded TP Android_ATCTargetPlatform
[2017.08.23-14.58.24:467][  0]LogTemp: Display: Loaded TP Android_DXTTargetPlatform
[2017.08.23-14.58.24:545][  0]LogTemp: Display: Loaded TP Android_ETC1TargetPlatform
[2017.08.23-14.58.24:622][  0]LogTemp: Display: Loaded TP Android_ETC2TargetPlatform
[2017.08.23-14.58.24:775][  0]LogTemp: Display: Loaded TP Android_MultiTargetPlatform
[2017.08.23-14.58.24:775][  0]LogTemp: Display: Loaded TP Android_PVRTCTargetPlatform
[2017.08.23-14.58.24:832][  0]LogTemp: Display: Loaded TP HTML5TargetPlatform
[2017.08.23-14.58.24:959][  0]LogTemp: Display: Loaded TP IOSTargetPlatform
[2017.08.23-14.58.25:002][  0]LogTemp: Display: Loaded TP TVOSTargetPlatform
[2017.08.23-14.58.25:078][  0]LogTemp: Display: Loaded TP LinuxClientTargetPlatform
[2017.08.23-14.58.25:154][  0]LogTemp: Display: Loaded TP LinuxNoEditorTargetPlatform
[2017.08.23-14.58.25:229][  0]LogTemp: Display: Loaded TP LinuxServerTargetPlatform
[2017.08.23-14.58.25:306][  0]LogTemp: Display: Loaded TP LinuxTargetPlatform
[2017.08.23-14.58.25:306][  0]LogTargetPlatformManager: Display: Building Assets For Windows
[2017.08.23-14.58.25:998][  0]LogDerivedDataCache: Display: Max Cache Size: 512 MB
[2017.08.23-14.58.26:170][  0]LogDerivedDataCache: Loaded boot cache 0.17s 93MB C:/Users/sam.deiter/AppData/Local/UnrealEngine/4.17/DerivedDataCache/Boot.ddc.
[2017.08.23-14.58.26:170][  0]LogDerivedDataCache: Display: Loaded Boot cache: C:/Users/sam.deiter/AppData/Local/UnrealEngine/4.17/DerivedDataCache/Boot.ddc
[2017.08.23-14.58.26:170][  0]LogDerivedDataCache: FDerivedDataBackendGraph:  Pak pak cache file ../../../../../UE4_Projects/SteamVRCameraExample/DerivedDataCache/DDC.ddp not found, will not use a pak cache.
[2017.08.23-14.58.26:170][  0]LogDerivedDataCache: Unable to find inner node Pak for hierarchical cache Hierarchy.
[2017.08.23-14.58.26:170][  0]LogDerivedDataCache: FDerivedDataBackendGraph:  CompressedPak pak cache file ../../../../../UE4_Projects/SteamVRCameraExample/DerivedDataCache/Compressed.ddp not found, will not use a pak cache.
[2017.08.23-14.58.26:170][  0]LogDerivedDataCache: Unable to find inner node CompressedPak for hierarchical cache Hierarchy.
[2017.08.23-14.58.26:201][  0]LogDerivedDataCache: Display: Pak cache opened for reading ../../../Engine/DerivedDataCache/Compressed.ddp.
[2017.08.23-14.58.26:214][  0]LogDerivedDataCache: Using Local data cache path C:/Users/sam.deiter/AppData/Local/UnrealEngine/Common/DerivedDataCache: Writable
[2017.08.23-14.58.26:232][  0]LogMaterial: Verifying Global Shaders for PCD3D_SM5
[2017.08.23-14.58.26:233][  0]LogSlate: Using Freetype 2.6.0
[2017.08.23-14.58.26:234][  0]LogSlate: SlateFontCache - WITH_FREETYPE: 1, WITH_HARFBUZZ: 1
[2017.08.23-14.58.26:234][  0]LogSlate: SlateFontCache - WITH_FREETYPE: 1, WITH_HARFBUZZ: 1
[2017.08.23-14.58.26:712][  0]LogAssetRegistry: FAssetRegistry took 0.0280 seconds to start up
[2017.08.23-14.58.27:004][  0]LogInit: Selected Device Profile: [Windows]
[2017.08.23-14.58.27:012][  0]LogContentStreaming: Texture pool size is 0.00 MB
[2017.08.23-14.58.27:622][  0]LogSimplygon: Simplygon DLL not present - disabling.
[2017.08.23-14.58.27:681][  0]LogMeshReduction: Using SimplygonSwarm for distributed automatic mesh merging
[2017.08.23-14.58.27:681][  0]LogMeshReduction: Using QuadricMeshReduction for automatic static mesh reduction
[2017.08.23-14.58.27:681][  0]LogMeshReduction: No automatic skeletal mesh reduction module available
[2017.08.23-14.58.27:681][  0]LogMeshReduction: No automatic mesh merging module available
[2017.08.23-14.58.27:681][  0]LogMeshMerging: No automatic mesh merging module available
[2017.08.23-14.58.28:338][  0]LogNetVersion: SteamVRCameraExample , NetCL: 3573198, EngineNetVer: 2, GameNetVer: 0 (Checksum: 3290616030)
[2017.08.23-14.58.28:658][  0]LogPackageLocalizationCache: Processed 5 localized package path(s) for 2 prioritized culture(s) in 0.038126 seconds
[2017.08.23-14.58.28:668][  0]LogUObjectArray: 35825 objects as part of root set at end of initial load.
[2017.08.23-14.58.28:668][  0]LogUObjectAllocator: 7529104 out of 0 bytes used by permanent object pool.
[2017.08.23-14.58.28:668][  0]LogUObjectArray: CloseDisregardForGC: 0/0 objects in disregard for GC pool
[2017.08.23-14.58.28:744][  0]LogInit: WinSock: version 1.1 (2.2), MaxSocks=32767, MaxUdp=65467
[2017.08.23-14.58.32:669][  0]LogTcpMessaging: Initializing TcpMessaging bridge
[2017.08.23-14.58.32:722][  0]LogUdpMessaging: Initializing bridge on interface 0.0.0.0:0 to multicast group 230.0.0.1:6666.
[2017.08.23-14.58.33:665][  0]LogMaterial: Uniform references updated for custom material expression Custom.
[2017.08.23-14.58.34:293][  0]SourceControl: Source control is disabled
[2017.08.23-14.58.34:293][  0]SourceControl: Source control is disabled
[2017.08.23-14.58.34:365][  0]SourceControl: Source control is disabled
[2017.08.23-14.58.34:439][  0]SourceControl: Source control is disabled
[2017.08.23-14.58.35:301][  0]LogAndroidPermission: UAndroidPermissionCallbackProxy::GetInstance
[2017.08.23-14.58.35:669][  0]LogOcInput: OculusInput pre-init called
[2017.08.23-14.58.36:055][  0]LogEngine: Initializing Engine...
[2017.08.23-14.58.40:296][  0]LogHMD: SteamVR initialized.  Driver: lighthouse  Display: LHR-81CA8D3B
[2017.08.23-14.58.40:691][  0]LogStats: UGameplayTagsManager::ConstructGameplayTagTree: Construct from data asset -  0.000 s
[2017.08.23-14.58.40:691][  0]LogStats: UGameplayTagsManager::ConstructGameplayTagTree: GameplayTagTreeChangedEvent.Broadcast -  0.000 s
[2017.08.23-14.58.40:882][  0]LogAIModule: Creating AISystem for world Untitled
[2017.08.23-14.58.40:922][  0]LogInit: XAudio2 using 'Speakers (Realtek High Definition Audio)' : 2 channels at 48 kHz using 32 bits per sample (channel mask 0x3)
[2017.08.23-14.58.40:941][  0]LogInit: FAudioDevice initialized.
[2017.08.23-14.58.41:205][  0]LogDerivedDataCache: Saved boot cache 0.26s 93MB C:/Users/sam.deiter/AppData/Local/UnrealEngine/4.17/DerivedDataCache/Boot.ddc.
[2017.08.23-14.58.41:233][  0]LogInit: Texture streaming: Enabled
[2017.08.23-14.58.41:394][  0]LogEngineSessionManager: EngineSessionManager initialized
[2017.08.23-14.58.41:715][  0]LogInit: Transaction tracking system initialized
[2017.08.23-14.58.42:174][  0]BlueprintLog: New page: Editor Load
[2017.08.23-14.58.43:565][  0]LocalizationService: Localization service is disabled
[2017.08.23-14.58.44:977][  0]LogConsoleResponse: Display: 
[2017.08.23-14.58.45:252][  0]LogCook: Display: Max memory allowance for cook 16384mb min free memory 0mb
[2017.08.23-14.58.45:252][  0]LogCook: Display: Mobile HDR setting 1
[2017.08.23-14.58.45:252][  0]LogFileCache: Scanning file cache for directory 'D:/UE4_Projects/SteamVRCameraExample/Content/' took 0.01s
[2017.08.23-14.58.45:253][  0]LogGameplayTags: Display: UGameplayTagsManager::DoneAddingNativeTags. DelegateIsBound: 0
[2017.08.23-14.58.46:858][  0]SourceControl: Source control is disabled
[2017.08.23-14.58.46:858][  0]Cmd: MAP LOAD FILE="../../../Engine/Content/Maps/Templates/Template_Default.umap" TEMPLATE=1 SHOWPROGRESS=1 FEATURELEVEL=3
[2017.08.23-14.58.46:859][  0]LightingResults: New page: Lighting Build
[2017.08.23-14.58.46:918][  0]MapCheck: New page: Map Check
[2017.08.23-14.58.46:918][  0]LightingResults: New page: Lighting Build
[2017.08.23-14.58.47:324][  0]LogAIModule: Creating AISystem for world Untitled_1
[2017.08.23-14.58.47:332][  0]LogEditorServer: Finished looking for orphan Actors (0.000 secs)
[2017.08.23-14.58.47:380][  0]Cmd: MAP CHECKDEP NOCLEARLOG
[2017.08.23-14.58.47:450][  0]MapCheck: Map check complete: 0 Error(s), 0 Warning(s), took 69.539ms to complete.
[2017.08.23-14.58.47:450][  0]LogFileHelpers: Loading map 'Template_Default' took 0.592
[2017.08.23-14.58.47:788][  0]LogCollectionManager: Loaded 0 collections in 0.003439 seconds
[2017.08.23-14.58.47:932][  0]LogFileCache: Scanning file cache for directory 'D:/UE4_Projects/SteamVRCameraExample/Saved/Collections/' took 0.01s
[2017.08.23-14.58.47:932][  0]LogFileCache: Scanning file cache for directory 'D:/UE4_Projects/SteamVRCameraExample/Content/Developers/SamDeiter/Collections/' took 0.01s
[2017.08.23-14.58.47:932][  0]LogFileCache: Scanning file cache for directory 'D:/UE4_Projects/SteamVRCameraExample/Content/Collections/' took 0.01s
[2017.08.23-14.58.47:932][  0]LogCollectionManager: Rebuilt the GUID cache for 0 collections in 0.000001 seconds
[2017.08.23-14.58.47:948][  0]LogContentBrowser: Native class hierarchy populated in 0.0164 seconds. Added 2386 classes and 500 folders.
[2017.08.23-14.58.48:041][  0]LogContentBrowser: Native class hierarchy updated for 'WidgetCarousel' in 0.0011 seconds. Added 0 classes and 0 folders.
[2017.08.23-14.58.48:109][  0]LogContentBrowser: Native class hierarchy updated for 'AddContentDialog' in 0.0011 seconds. Added 0 classes and 0 folders.
[2017.08.23-14.58.48:181][  0]LogContentBrowser: Native class hierarchy updated for 'SceneOutliner' in 0.0012 seconds. Added 1 classes and 2 folders.
[2017.08.23-14.58.48:388][  0]LogContentBrowser: Native class hierarchy updated for 'HierarchicalLODOutliner' in 0.0012 seconds. Added 1 classes and 2 folders.
[2017.08.23-14.58.48:388][  0]LogLoad: (Engine Initialization) Total time: 34.22 seconds
[2017.08.23-14.58.48:388][  0]LogLoad: (Engine Initialization) Total Blueprint compile time: 0.00 seconds
[2017.08.23-14.58.48:389][  0]LogExternalProfiler: Found external profiler: VSPerf
[2017.08.23-14.58.48:389][  0]LogExternalProfiler: Using external profiler: VSPerf
[2017.08.23-14.58.48:732][  0]LogOcInput: OculusInput is initialized
[2017.08.23-14.58.48:754][  0]LogContentStreaming: Texture pool size now 1000 MB
[2017.08.23-14.58.48:756][  0]LogSlate: Took 0.000292 seconds to synchronously load lazily loaded font '../../../Engine/Content/Slate/Fonts/Roboto-Regular.ttf' (155K)
[2017.08.23-14.58.48:763][  0]LogSlate: Took 0.000244 seconds to synchronously load lazily loaded font '../../../Engine/Content/Slate/Fonts/Roboto-Bold.ttf' (160K)
[2017.08.23-14.58.48:769][  0]LogSlate: Took 0.000241 seconds to synchronously load lazily loaded font '../../../Engine/Content/Editor/Slate/Fonts/FontAwesome.ttf' (139K)
[2017.08.23-14.58.49:079][  1]LogRenderer: Reallocating scene render targets to support 860x440 Format 10 NumSamples 1 (Frame:1).
[2017.08.23-14.58.49:079][  1]LogAssetRegistry: Asset discovery search completed in 22.3862 seconds
[2017.08.23-14.58.49:082][  1]LogCollectionManager: Rebuilt the object cache for 0 collections in 0.000002 seconds (found 0 objects)
[2017.08.23-14.58.49:082][  1]LogCollectionManager: Fixed up redirectors for 0 collections in 0.000091 seconds (updated 0 objects)
[2017.08.23-14.58.49:737][  3]LogSlate: Took 0.000360 seconds to synchronously load lazily loaded font '../../../Engine/Content/Slate/Fonts/Roboto-Light.ttf' (159K)
[2017.08.23-14.58.56:732][118]LogSlate: Took 0.000274 seconds to synchronously load lazily loaded font '../../../Engine/Content/Slate/Fonts/Roboto-Light.ttf' (159K)
[2017.08.23-14.58.56:878][118]LogAIModule: Creating AISystem for world SteamVRSitting_Pawn_Example
[2017.08.23-14.58.56:938][118]Cmd: MAP LOAD FILE="../../../../../UE4_Projects/SteamVRCameraExample/Content/SteamVRSitting_Pawn_Example.umap" TEMPLATE=0 SHOWPROGRESS=1 FEATURELEVEL=3
[2017.08.23-14.58.56:938][118]LightingResults: New page: Lighting Build
[2017.08.23-14.58.56:939][118]LoadErrors: New page: Loading map: SteamVRSitting_Pawn_Example.umap
[2017.08.23-14.58.56:940][118]MapCheck: New page: Map Check
[2017.08.23-14.58.56:940][118]LightingResults: New page: Lighting Build
[2017.08.23-14.58.57:081][118]LogEditorServer: Finished looking for orphan Actors (0.000 secs)
[2017.08.23-14.58.57:152][118]Cmd: MAP CHECKDEP NOCLEARLOG
[2017.08.23-14.58.57:224][118]MapCheck: Map check complete: 0 Error(s), 0 Warning(s), took 71.457ms to complete.
[2017.08.23-14.58.57:224][118]LogFileHelpers: Loading map 'SteamVRSitting_Pawn_Example' took 0.288
[2017.08.23-14.58.58:608][267]LogTemp: Repeating last play command: VR Preview
[2017.08.23-14.58.58:646][267]LogPlayLevel: PlayLevel: No blueprints needed recompiling
[2017.08.23-14.58.58:646][267]PIE: New page: PIE session: SteamVRSitting_Pawn_Example (Aug 23, 2017, 6:58:58 AM)
[2017.08.23-14.58.58:646][267]LogPlayLevel: Creating play world package: /Game/UEDPIE_0_SteamVRSitting_Pawn_Example
[2017.08.23-14.58.58:651][267]LogPlayLevel: PIE: StaticDuplicateObject took: (0.004892s)
[2017.08.23-14.58.58:652][267]LogAIModule: Creating AISystem for world SteamVRSitting_Pawn_Example
[2017.08.23-14.58.58:653][267]LogPlayLevel: PIE: World Init took: (0.001171s)
[2017.08.23-14.58.58:653][267]LogPlayLevel: PIE: Created PIE world by copying editor world from /Game/SteamVRSitting_Pawn_Example.SteamVRSitting_Pawn_Example to /Game/UEDPIE_0_SteamVRSitting_Pawn_Example.SteamVRSitting_Pawn_Example (0.006487s)
[2017.08.23-14.58.58:717][267]LogInit: XAudio2 using 'Speakers (Realtek High Definition Audio)' : 2 channels at 48 kHz using 32 bits per sample (channel mask 0x3)
[2017.08.23-14.58.58:732][267]LogInit: FAudioDevice initialized.
[2017.08.23-14.58.59:014][267]LogLoad: Game class is 'GameModeBase'
[2017.08.23-14.58.59:018][267]LogWorld: Bringing World /Game/UEDPIE_0_SteamVRSitting_Pawn_Example.SteamVRSitting_Pawn_Example up for play (max tick rate 0) at 2017.08.23-10.58.59
[2017.08.23-14.58.59:018][267]LogWorld: Bringing up level for play took: 0.002125
[2017.08.23-14.58.59:081][267]LogContentBrowser: Native class hierarchy updated for 'MovieSceneCapture' in 0.0012 seconds. Added 11 classes and 0 folders.
[2017.08.23-14.58.59:089][267]PIE: Play in editor start time for /Game/UEDPIE_0_SteamVRSitting_Pawn_Example -0.411
[2017.08.23-14.58.59:150][268]LogRenderer: Reallocating scene render targets to support 3024x1680 Format 10 NumSamples 1 (Frame:1).
[2017.08.23-14.59.29:317][894]LogEditorViewport: Clicking on Actor (LMB): SteamVR_Pawn_Sitting_C (SteamVR_Pawn_Sitting)
[2017.08.23-14.59.31:033][973]LogContentBrowser: Native class hierarchy updated for 'BlueprintGraph' in 0.0019 seconds. Added 113 classes and 0 folders.
[2017.08.23-14.59.32:537][973]LogSlate: Took 0.000324 seconds to synchronously load lazily loaded font '../../../Engine/Content/Editor/Slate/Fonts/Roboto-BoldCondensed.ttf' (158K)
[2017.08.23-14.59.32:630][974]LogSlate: Took 0.000364 seconds to synchronously load lazily loaded font '../../../Engine/Content/Editor/Slate/Fonts/Roboto-Italic.ttf' (157K)
[2017.08.23-14.59.39:915][281]BlueprintLog: New page: Compile SteamVR_Pawn_Sitting
[2017.08.23-14.59.41:267][310]LogTemp: Repeating last play command: VR Preview
[2017.08.23-14.59.41:285][310]LogPlayLevel: PlayLevel: No blueprints needed recompiling
[2017.08.23-14.59.41:285][310]PIE: New page: PIE session: SteamVRSitting_Pawn_Example (Aug 23, 2017, 6:59:41 AM)
[2017.08.23-14.59.41:285][310]LogPlayLevel: Creating play world package: /Game/UEDPIE_0_SteamVRSitting_Pawn_Example
[2017.08.23-14.59.41:291][310]LogPlayLevel: PIE: StaticDuplicateObject took: (0.005076s)
[2017.08.23-14.59.41:292][310]LogAIModule: Creating AISystem for world SteamVRSitting_Pawn_Example
[2017.08.23-14.59.41:292][310]LogPlayLevel: PIE: World Init took: (0.001552s)
[2017.08.23-14.59.41:292][310]LogPlayLevel: PIE: Created PIE world by copying editor world from /Game/SteamVRSitting_Pawn_Example.SteamVRSitting_Pawn_Example to /Game/UEDPIE_0_SteamVRSitting_Pawn_Example.SteamVRSitting_Pawn_Example (0.007077s)
[2017.08.23-14.59.41:399][310]LogInit: XAudio2 using 'Speakers (Realtek High Definition Audio)' : 2 channels at 48 kHz using 32 bits per sample (channel mask 0x3)
[2017.08.23-14.59.41:415][310]LogInit: FAudioDevice initialized.
[2017.08.23-14.59.41:696][310]LogLoad: Game class is 'GameModeBase'
[2017.08.23-14.59.41:703][310]LogWorld: Bringing World /Game/UEDPIE_0_SteamVRSitting_Pawn_Example.SteamVRSitting_Pawn_Example up for play (max tick rate 0) at 2017.08.23-10.59.41
[2017.08.23-14.59.41:703][310]LogWorld: Bringing up level for play took: 0.006417
[2017.08.23-14.59.41:742][310]PIE: Play in editor start time for /Game/UEDPIE_0_SteamVRSitting_Pawn_Example 0.24
[2017.08.23-15.00.04:303][828]BlueprintLog: New page: Compile SteamVR_Pawn_Sitting
[2017.08.23-15.00.05:757][870]LogTemp: Repeating last play command: VR Preview
[2017.08.23-15.00.05:772][870]LogPlayLevel: PlayLevel: No blueprints needed recompiling
[2017.08.23-15.00.05:772][870]PIE: New page: PIE session: SteamVRSitting_Pawn_Example (Aug 23, 2017, 7:00:05 AM)
[2017.08.23-15.00.05:773][870]LogPlayLevel: Creating play world package: /Game/UEDPIE_0_SteamVRSitting_Pawn_Example
[2017.08.23-15.00.05:778][870]LogPlayLevel: PIE: StaticDuplicateObject took: (0.005384s)
[2017.08.23-15.00.05:779][870]LogAIModule: Creating AISystem for world SteamVRSitting_Pawn_Example
[2017.08.23-15.00.05:779][870]LogPlayLevel: PIE: World Init took: (0.001354s)
[2017.08.23-15.00.05:780][870]LogPlayLevel: PIE: Created PIE world by copying editor world from /Game/SteamVRSitting_Pawn_Example.SteamVRSitting_Pawn_Example to /Game/UEDPIE_0_SteamVRSitting_Pawn_Example.SteamVRSitting_Pawn_Example (0.007160s)
[2017.08.23-15.00.05:885][870]LogInit: XAudio2 using 'Speakers (Realtek High Definition Audio)' : 2 channels at 48 kHz using 32 bits per sample (channel mask 0x3)
[2017.08.23-15.00.05:900][870]LogInit: FAudioDevice initialized.
[2017.08.23-15.00.06:141][870]LogLoad: Game class is 'GameModeBase'
[2017.08.23-15.00.06:144][870]LogWorld: Bringing World /Game/UEDPIE_0_SteamVRSitting_Pawn_Example.SteamVRSitting_Pawn_Example up for play (max tick rate 0) at 2017.08.23-11.00.06
[2017.08.23-15.00.06:145][870]LogWorld: Bringing up level for play took: 0.002152
[2017.08.23-15.00.06:158][870]PIE: Play in editor start time for /Game/UEDPIE_0_SteamVRSitting_Pawn_Example 0.662
[2017.08.23-15.00.12:853][265]BlueprintLog: New page: Compile SteamVR_Pawn_Sitting
[2017.08.23-15.00.13:950][288]LogTemp: Repeating last play command: VR Preview
[2017.08.23-15.00.13:965][288]LogPlayLevel: PlayLevel: No blueprints needed recompiling
[2017.08.23-15.00.13:965][288]PIE: New page: PIE session: SteamVRSitting_Pawn_Example (Aug 23, 2017, 7:00:13 AM)
[2017.08.23-15.00.13:966][288]LogPlayLevel: Creating play world package: /Game/UEDPIE_0_SteamVRSitting_Pawn_Example
[2017.08.23-15.00.13:971][288]LogPlayLevel: PIE: StaticDuplicateObject took: (0.005696s)
[2017.08.23-15.00.13:973][288]LogAIModule: Creating AISystem for world SteamVRSitting_Pawn_Example
[2017.08.23-15.00.13:973][288]LogPlayLevel: PIE: World Init took: (0.001341s)
[2017.08.23-15.00.13:973][288]LogPlayLevel: PIE: Created PIE world by copying editor world from /Game/SteamVRSitting_Pawn_Example.SteamVRSitting_Pawn_Example to /Game/UEDPIE_0_SteamVRSitting_Pawn_Example.SteamVRSitting_Pawn_Example (0.007517s)
[2017.08.23-15.00.14:083][288]LogInit: XAudio2 using 'Speakers (Realtek High Definition Audio)' : 2 channels at 48 kHz using 32 bits per sample (channel mask 0x3)
[2017.08.23-15.00.14:097][288]LogInit: FAudioDevice initialized.
[2017.08.23-15.00.14:335][288]LogLoad: Game class is 'GameModeBase'
[2017.08.23-15.00.14:337][288]LogWorld: Bringing World /Game/UEDPIE_0_SteamVRSitting_Pawn_Example.SteamVRSitting_Pawn_Example up for play (max tick rate 0) at 2017.08.23-11.00.14
[2017.08.23-15.00.14:337][288]LogWorld: Bringing up level for play took: 0.001954
[2017.08.23-15.00.14:351][288]PIE: Play in editor start time for /Game/UEDPIE_0_SteamVRSitting_Pawn_Example 0.857
[2017.08.23-15.00.36:195][ 26]LogFactory: FactoryCreateFile: StaticMesh with FbxFactory (0 0 C:/Users/sam.deiter/Desktop/SM_Height_Stick_Sitting.FBX)
[2017.08.23-15.00.36:205][ 26]LogFbx: ItemName: GlobalSettings, ItemCount : 1
[2017.08.23-15.00.36:206][ 26]LogFbx: ItemName: AnimationStack, ItemCount : 1
[2017.08.23-15.00.36:206][ 26]LogFbx: ItemName: AnimationLayer, ItemCount : 1
[2017.08.23-15.00.36:206][ 26]LogFbx: ItemName: Model, ItemCount : 1
[2017.08.23-15.00.36:206][ 26]LogFbx: ItemName: Geometry, ItemCount : 1
[2017.08.23-15.00.36:215][ 26]LogFbx: Loading FBX Scene from C:/Users/sam.deiter/Desktop/SM_Height_Stick_Sitting.FBX
[2017.08.23-15.00.36:223][ 26]LogFbx: FBX Scene Loaded Succesfully
[2017.08.23-15.00.37:686][ 26]LogFbx: Loading FBX Scene from C:/Users/sam.deiter/Desktop/SM_Height_Stick_Sitting.FBX
[2017.08.23-15.00.37:695][ 26]LogFbx: FBX Scene Loaded Succesfully
[2017.08.23-15.00.37:696][ 26]LogStaticMesh: Building static mesh SM_Height_Stick_Sitting...
[2017.08.23-15.00.37:701][ 26]LogStaticMesh: Built static mesh [0.00s] /Game/SM_Height_Stick_Sitting.SM_Height_Stick_Sitting
[2017.08.23-15.00.37:716][ 26]LogFactory: FactoryCreateFile: StaticMesh with FbxFactory (0 0 C:/Users/sam.deiter/Desktop/SM_Height_Stick_Standing.FBX)
[2017.08.23-15.00.37:731][ 26]LogFbx: Loading FBX Scene from C:/Users/sam.deiter/Desktop/SM_Height_Stick_Standing.FBX
[2017.08.23-15.00.37:740][ 26]LogFbx: FBX Scene Loaded Succesfully
[2017.08.23-15.00.37:741][ 26]LogStaticMesh: Building static mesh SM_Height_Stick_Standing...
[2017.08.23-15.00.37:745][ 26]LogStaticMesh: Built static mesh [0.00s] /Game/SM_Height_Stick_Standing.SM_Height_Stick_Standing
[2017.08.23-15.00.39:150][ 80]LogActorFactory: Actor Factory created SM_Height_Stick_Sitting
[2017.08.23-15.00.39:152][ 80]LogActorFactory: Actor Factory created SM_Height_Stick_Standing
[2017.08.23-15.00.39:485][ 94]LogActorFactory: Actor Factory created SM_Height_Stick_Sitting
[2017.08.23-15.00.39:561][ 94]LogActorFactory: Actor Factory created SM_Height_Stick_Standing
[2017.08.23-15.00.45:233][358]LogEditorViewport: Clicking on Actor (LMB): StaticMeshActor (SM_Height_Stick_Standing)
[2017.08.23-15.00.47:918][478]LogTemp: Repeating last play command: VR Preview
[2017.08.23-15.00.47:934][478]LogPlayLevel: PlayLevel: No blueprints needed recompiling
[2017.08.23-15.00.47:934][478]PIE: New page: PIE session: SteamVRSitting_Pawn_Example (Aug 23, 2017, 7:00:47 AM)
[2017.08.23-15.00.47:934][478]LogPlayLevel: Creating play world package: /Game/UEDPIE_0_SteamVRSitting_Pawn_Example
[2017.08.23-15.00.47:940][478]LogPlayLevel: PIE: StaticDuplicateObject took: (0.005839s)
[2017.08.23-15.00.47:941][478]LogAIModule: Creating AISystem for world SteamVRSitting_Pawn_Example
[2017.08.23-15.00.47:942][478]LogPlayLevel: PIE: World Init took: (0.001395s)
[2017.08.23-15.00.47:942][478]LogPlayLevel: PIE: Created PIE world by copying editor world from /Game/SteamVRSitting_Pawn_Example.SteamVRSitting_Pawn_Example to /Game/UEDPIE_0_SteamVRSitting_Pawn_Example.SteamVRSitting_Pawn_Example (0.007733s)
[2017.08.23-15.00.48:023][478]LogInit: XAudio2 using 'Speakers (Realtek High Definition Audio)' : 2 channels at 48 kHz using 32 bits per sample (channel mask 0x3)
[2017.08.23-15.00.48:037][478]LogInit: FAudioDevice initialized.
[2017.08.23-15.00.48:281][478]LogLoad: Game class is 'GameModeBase'
[2017.08.23-15.00.48:284][478]LogWorld: Bringing World /Game/UEDPIE_0_SteamVRSitting_Pawn_Example.SteamVRSitting_Pawn_Example up for play (max tick rate 0) at 2017.08.23-11.00.48
[2017.08.23-15.00.48:284][478]LogWorld: Bringing up level for play took: 0.002139
[2017.08.23-15.00.48:355][478]PIE: Play in editor start time for /Game/UEDPIE_0_SteamVRSitting_Pawn_Example 0.868
[2017.08.23-15.01.27:979][715]BlueprintLog: New page: Compile SteamVR_Pawn_Sitting
[2017.08.23-15.01.29:122][745]LogTemp: Repeating last play command: VR Preview
[2017.08.23-15.01.29:138][745]LogPlayLevel: PlayLevel: No blueprints needed recompiling
[2017.08.23-15.01.29:138][745]PIE: New page: PIE session: SteamVRSitting_Pawn_Example (Aug 23, 2017, 7:01:29 AM)
[2017.08.23-15.01.29:138][745]LogPlayLevel: Creating play world package: /Game/UEDPIE_0_SteamVRSitting_Pawn_Example
[2017.08.23-15.01.29:143][745]LogPlayLevel: PIE: StaticDuplicateObject took: (0.005125s)
[2017.08.23-15.01.29:144][745]LogAIModule: Creating AISystem for world SteamVRSitting_Pawn_Example
[2017.08.23-15.01.29:145][745]LogPlayLevel: PIE: World Init took: (0.001264s)
[2017.08.23-15.01.29:145][745]LogPlayLevel: PIE: Created PIE world by copying editor world from /Game/SteamVRSitting_Pawn_Example.SteamVRSitting_Pawn_Example to /Game/UEDPIE_0_SteamVRSitting_Pawn_Example.SteamVRSitting_Pawn_Example (0.006809s)
[2017.08.23-15.01.29:225][745]LogInit: XAudio2 using 'Speakers (Realtek High Definition Audio)' : 2 channels at 48 kHz using 32 bits per sample (channel mask 0x3)
[2017.08.23-15.01.29:240][745]LogInit: FAudioDevice initialized.
[2017.08.23-15.01.29:481][745]LogLoad: Game class is 'GameModeBase'
[2017.08.23-15.01.29:484][745]LogWorld: Bringing World /Game/UEDPIE_0_SteamVRSitting_Pawn_Example.SteamVRSitting_Pawn_Example up for play (max tick rate 0) at 2017.08.23-11.01.29
[2017.08.23-15.01.29:485][745]LogWorld: Bringing up level for play took: 0.002272
[2017.08.23-15.01.29:500][745]PIE: Play in editor start time for /Game/UEDPIE_0_SteamVRSitting_Pawn_Example 0.024
[2017.08.23-15.03.15:336][910]LogEditorViewport: Clicking on Actor (LMB): StaticMeshActor (SM_Height_Stick_Sitting)
[2017.08.23-15.03.16:164][945]Cmd: DELETE
[2017.08.23-15.03.16:164][945]Cmd: ACTOR DELETE
[2017.08.23-15.03.16:165][945]LogEditorActor: Deleted Actor: StaticMeshActor
[2017.08.23-15.03.16:227][945]LogEditorActor: Deleted 1 Actors (0.063 secs)
[2017.08.23-15.03.16:763][970]LogEditorViewport: Clicking on Actor (LMB): StaticMeshActor (SM_Height_Stick_Standing)
[2017.08.23-15.03.19:322][ 88]LogEditorViewport: Clicking on Actor (LMB): PlayerStart (Player Start)
[2017.08.23-15.03.19:921][115]Cmd: DELETE
[2017.08.23-15.03.19:921][115]Cmd: ACTOR DELETE
[2017.08.23-15.03.19:922][115]LogEditorActor: Deleted Actor: PlayerStart
[2017.08.23-15.03.19:985][115]LogEditorActor: Deleted 1 Actors (0.063 secs)
[2017.08.23-15.03.21:760][214]LogEditorViewport: Clicking on Actor (LMB): StaticMeshActor (SM_Height_Stick_Standing)
[2017.08.23-15.03.21:951][217]Cmd: DELETE
[2017.08.23-15.03.21:951][217]Cmd: ACTOR DELETE
[2017.08.23-15.03.21:952][217]LogEditorActor: Deleted Actor: StaticMeshActor
[2017.08.23-15.03.22:015][217]LogEditorActor: Deleted 1 Actors (0.064 secs)
[2017.08.23-15.03.42:665][625]Cmd: OBJ SAVEPACKAGE PACKAGE="/Game/SteamVR_Pawn_Sitting" FILE="../../../../../UE4_Projects/SteamVRCameraExample/Content/SteamVR_Pawn_Sitting.uasset" SILENT=true
[2017.08.23-15.03.42:694][625]LogSavePackage: Save=25.07ms
[2017.08.23-15.03.42:694][625]LogSavePackage: Moving '../../../../../UE4_Projects/SteamVRCameraExample/Saved/SteamVR_Pawn_SittingE8583F9B404766438508F897A0E98646.tmp' to '../../../../../UE4_Projects/SteamVRCameraExample/Content/SteamVR_Pawn_Sitting.uasset'
[2017.08.23-15.03.42:696][625]LogSavePackage: Display: Finished SavePackage ../../../../../UE4_Projects/SteamVRCameraExample/Content/SteamVR_Pawn_Sitting.uasset
[2017.08.23-15.03.42:895][625]LogSavePackage: Save=47.25ms
[2017.08.23-15.03.42:895][625]LogSavePackage: Moving '../../../../../UE4_Projects/SteamVRCameraExample/Saved/SteamVRSitting_Pawn_ExampleA3B497CC429B91787ED8B0BB0BBE836F.tmp' to '../../../../../UE4_Projects/SteamVRCameraExample/Content/SteamVRSitting_Pawn_Example.umap'
[2017.08.23-15.03.42:897][625]LogSavePackage: Display: Finished SavePackage ../../../../../UE4_Projects/SteamVRCameraExample/Content/SteamVRSitting_Pawn_Example.umap
[2017.08.23-15.03.42:925][625]LogFileHelpers: Saving map 'SteamVRSitting_Pawn_Example' took 0.225
[2017.08.23-15.03.49:957][ 26]BlueprintLog: New page: Compile SteamVR_Pawn_Sitting
[2017.08.23-15.13.56:045][301]LogSavePackage: Save=46.40ms
[2017.08.23-15.13.56:045][301]LogSavePackage: Moving '../../../../../UE4_Projects/SteamVRCameraExample/Saved/SteamVRSitting_Pawn_Example_Auto1C893D889441DF04F50FE0ABEB0BF9AC2.tmp' to '../../../../../UE4_Projects/SteamVRCameraExample/Saved/Autosaves/Game/SteamVRSitting_Pawn_Example_Auto1.umap'
[2017.08.23-15.13.56:046][301]LogSavePackage: Display: Finished SavePackage ../../../../../UE4_Projects/SteamVRCameraExample/Saved/Autosaves/Game/SteamVRSitting_Pawn_Example_Auto1.umap
[2017.08.23-15.13.56:048][301]LogFileHelpers: Editor autosave (incl. sublevels) for '/Game/SteamVRSitting_Pawn_Example' took 0.127
[2017.08.23-15.13.56:048][301]LogFileHelpers: Editor autosave (incl. sublevels) for all levels took 0.127
[2017.08.23-15.13.56:051][301]OBJ SavePackage: Generating thumbnails for [0] asset(s) in package [/Game/SteamVR_Pawn_Sitting] ([1] browsable assets)...
[2017.08.23-15.13.56:051][301]OBJ SavePackage: Finished generating thumbnails for package [/Game/SteamVR_Pawn_Sitting]
[2017.08.23-15.13.56:051][301]Cmd: OBJ SAVEPACKAGE PACKAGE="/Game/SteamVR_Pawn_Sitting" FILE="../../../../../UE4_Projects/SteamVRCameraExample/Saved/Autosaves/Game/SteamVR_Pawn_Sitting_Auto1.uasset" SILENT=false AUTOSAVING=true
[2017.08.23-15.13.56:078][301]LogSavePackage: Save=24.10ms
[2017.08.23-15.13.56:078][301]LogSavePackage: Moving '../../../../../UE4_Projects/SteamVRCameraExample/Saved/SteamVR_Pawn_Sitting_Auto1EE7905674D7AFC9068DF47A1DCF2D03E.tmp' to '../../../../../UE4_Projects/SteamVRCameraExample/Saved/Autosaves/Game/SteamVR_Pawn_Sitting_Auto1.uasset'
[2017.08.23-15.13.56:079][301]LogSavePackage: Display: Finished SavePackage ../../../../../UE4_Projects/SteamVRCameraExample/Saved/Autosaves/Game/SteamVR_Pawn_Sitting_Auto1.uasset
[2017.08.23-15.13.56:079][301]LogFileHelpers: Auto-saving content packages took 0.029
[2017.08.23-15.18.40:296][829]BlueprintLog: New page: Compile SteamVR_Pawn_Sitting
[2017.08.23-15.21.18:336][286]MapCheck: New page: Map Check
[2017.08.23-15.21.18:410][286]Cmd: MAP REBUILD ALLVISIBLE
[2017.08.23-15.21.18:410][286]LogEditorServer: Rebuildmap Clear paths rebuilt
[2017.08.23-15.21.18:731][286]LogMaterial: Missing cached shader map for material FDebugViewModeMaterialProxy WorldGridMaterial, compiling. Is special engine material.
[2017.08.23-15.21.18:748][286]LogMaterial: Missing cached shader map for material FDebugViewModeMaterialProxy DefaultMaterial, compiling. 
[2017.08.23-15.21.18:758][286]LogMaterial: Missing cached shader map for material FDebugViewModeMaterialProxy MaterialInstanceDynamic_2, compiling. 
[2017.08.23-15.21.18:770][286]LogMaterial: Missing cached shader map for material FDebugViewModeMaterialProxy MatineeCam_mat, compiling. 
[2017.08.23-15.21.19:744][286]TextureStreamingBuild: Display: Compiling optional shaders took 1.026 seconds.
[2017.08.23-15.21.19:751][286]LogLevel: Display: Export Material TexCoord Scales took 0.007 seconds.
[2017.08.23-15.21.19:759][286]TextureStreamingBuild: Display: Build Texture Streaming took 0.007 seconds.
[2017.08.23-15.21.19:823][286]LightingResults: New page: Lighting Build - Aug 23, 2017, 7:21:19 AM
[2017.08.23-15.21.19:900][286]LogSwarmInterface: [OpenConnection] Registering TCP channel ...
[2017.08.23-15.21.19:934][286]LogSwarmInterface: [OpenConnection] Connecting to agent ...
[2017.08.23-15.21.19:964][286]LogSwarmInterface: [TryOpenConnection] Testing the Agent
[2017.08.23-15.21.20:991][286]LogSwarmInterface: [TryOpenConnection] Opening Connection to Agent
[2017.08.23-15.21.20:991][286]LogSwarmInterface: [TryOpenConnection] Local Process ID is 2804
[2017.08.23-15.21.22:426][286]LogStaticLightingSystem: Running Lightmass w/ ImmediateImport mode ENABLED
[2017.08.23-15.21.22:426][286]LogStaticLightingSystem: Running Lightmass w/ ImmediateProcess mode ENABLED
[2017.08.23-15.21.22:426][286]LogStaticLightingSystem: Running Lightmass w/ Sorting mode ENABLED
[2017.08.23-15.21.22:426][286]LogStaticLightingSystem: Running Lightmass w/ Mapping paddings ENABLED
[2017.08.23-15.21.22:426][286]LogStaticLightingSystem: Running Lightmass w/ Mapping debug paddings DISABLED
[2017.08.23-15.21.22:799][286]Cmd: MAP CHECK DONTDISPLAYDIALOG
[2017.08.23-15.21.22:800][286]MapCheck: New page: SteamVRSitting_Pawn_Example - Aug 23, 2017, 7:21:22 AM
[2017.08.23-15.21.22:800][286]MapCheck: Error: WorldSettings_1 Maps need lighting rebuilt 
[2017.08.23-15.21.22:880][286]MapCheck: Map check complete: 1 Error(s), 0 Warning(s), took 80.029ms to complete.
[2017.08.23-15.21.22:901][286]LogEditorBuildUtils: Build time 0:04
[2017.08.23-15.21.26:525][413]Job is a success!
[2017.08.23-15.21.26:733][414]LogTexture: Display: Building textures: HQ_Lightmap1_1 (AutoDXT, 256X256)
[2017.08.23-15.21.26:733][414]LogTexture: Display: Building textures: LQ_Lightmap_1_1 (DXT1, 256X256)
[2017.08.23-15.21.26:733][414]LogTexture: Display: Building textures: HQ_Lightmap1_2 (AutoDXT, 64X64)
[2017.08.23-15.21.26:733][414]LogTexture: Display: Building textures: LQ_Lightmap_1_2 (DXT1, 64X64)
[2017.08.23-15.21.26:780][414]Lightmass on RDU-WD-2977: 2.52 sec total, 152 ms importing, 4 ms setup, 1.46 sec photons, 873 ms processing, 0 ms extra exporting [2/2 mappings]. Threads: 22.7 sec total, 221 ms processing.
[2017.08.23-15.21.27:005][414]LogStaticLightingSystem: Illumination: 7.07 sec (33 ms encoding lightmaps, 0 ms encoding shadowmaps)
[2017.08.23-15.21.27:005][414]LogStaticLightingSystem: Lightmap texture memory:  0.1 MB (0.1 MB streaming, 0.0 MB non-streaming), 4 textures
[2017.08.23-15.21.27:005][414]LogStaticLightingSystem: Shadowmap texture memory: 0.0 MB (0.0 MB streaming, 0.0 MB non-streaming), 0 textures
[2017.08.23-15.21.27:436][414]DumpUnbuiltLightIteractions
[2017.08.23-15.21.27:436][414]Lights with unbuilt interactions: 0
[2017.08.23-15.21.27:436][414]
[2017.08.23-15.21.27:436][414]Primitives with unbuilt interactions: 0
[2017.08.23-15.21.27:511][415]Cmd: MAP CHECK NOTIFYRESULTS
[2017.08.23-15.21.27:511][415]MapCheck: New page: SteamVRSitting_Pawn_Example - Aug 23, 2017, 7:21:27 AM
[2017.08.23-15.21.27:588][415]MapCheck: Map check complete: 0 Error(s), 0 Warning(s), took 76.751ms to complete.
[2017.08.23-15.21.46:670][419]LogPlayLevel: PlayLevel: No blueprints needed recompiling
[2017.08.23-15.21.46:670][419]PIE: New page: PIE session: SteamVRSitting_Pawn_Example (Aug 23, 2017, 7:21:46 AM)
[2017.08.23-15.21.46:670][419]LogPlayLevel: Creating play world package: /Game/UEDPIE_0_SteamVRSitting_Pawn_Example
[2017.08.23-15.21.46:676][419]LogPlayLevel: PIE: StaticDuplicateObject took: (0.005601s)
[2017.08.23-15.21.46:677][419]LogAIModule: Creating AISystem for world SteamVRSitting_Pawn_Example
[2017.08.23-15.21.46:678][419]LogPlayLevel: PIE: World Init took: (0.001677s)
[2017.08.23-15.21.46:678][419]LogPlayLevel: PIE: Created PIE world by copying editor world from /Game/SteamVRSitting_Pawn_Example.SteamVRSitting_Pawn_Example to /Game/UEDPIE_0_SteamVRSitting_Pawn_Example.SteamVRSitting_Pawn_Example (0.007780s)
[2017.08.23-15.21.46:764][419]LogInit: XAudio2 using 'Speakers (Realtek High Definition Audio)' : 2 channels at 48 kHz using 32 bits per sample (channel mask 0x3)
[2017.08.23-15.21.46:780][419]LogInit: FAudioDevice initialized.
[2017.08.23-15.21.46:813][419]LogLoad: Game class is 'GameModeBase'
[2017.08.23-15.21.46:815][419]LogWorld: Bringing World /Game/UEDPIE_0_SteamVRSitting_Pawn_Example.SteamVRSitting_Pawn_Example up for play (max tick rate 0) at 2017.08.23-11.21.46
[2017.08.23-15.21.46:816][419]LogWorld: Bringing up level for play took: 0.001836
[2017.08.23-15.21.46:818][419]PIE: Play in editor start time for /Game/UEDPIE_0_SteamVRSitting_Pawn_Example -0.578
[2017.08.23-15.21.48:875][602]LogEditorViewport: Clicking on Actor (LMB): BP_Sky_Sphere_C (Sky Sphere)
[2017.08.23-15.21.50:958][749]LogTemp: Repeating last play command: Selected Viewport
[2017.08.23-15.21.50:976][749]LogPlayLevel: PlayLevel: No blueprints needed recompiling
[2017.08.23-15.21.50:977][749]PIE: New page: PIE session: SteamVRSitting_Pawn_Example (Aug 23, 2017, 7:21:50 AM)
[2017.08.23-15.21.50:977][749]LogPlayLevel: Creating play world package: /Game/UEDPIE_0_SteamVRSitting_Pawn_Example
[2017.08.23-15.21.50:982][749]LogPlayLevel: PIE: StaticDuplicateObject took: (0.005108s)
[2017.08.23-15.21.50:983][749]LogAIModule: Creating AISystem for world SteamVRSitting_Pawn_Example
[2017.08.23-15.21.50:983][749]LogPlayLevel: PIE: World Init took: (0.001197s)
[2017.08.23-15.21.50:984][749]LogPlayLevel: PIE: Created PIE world by copying editor world from /Game/SteamVRSitting_Pawn_Example.SteamVRSitting_Pawn_Example to /Game/UEDPIE_0_SteamVRSitting_Pawn_Example.SteamVRSitting_Pawn_Example (0.006747s)
[2017.08.23-15.21.51:066][749]LogInit: XAudio2 using 'Speakers (Realtek High Definition Audio)' : 2 channels at 48 kHz using 32 bits per sample (channel mask 0x3)
[2017.08.23-15.21.51:080][749]LogInit: FAudioDevice initialized.
[2017.08.23-15.21.51:119][749]LogLoad: Game class is 'GameModeBase'
[2017.08.23-15.21.51:122][749]LogWorld: Bringing World /Game/UEDPIE_0_SteamVRSitting_Pawn_Example.SteamVRSitting_Pawn_Example up for play (max tick rate 0) at 2017.08.23-11.21.51
[2017.08.23-15.21.51:123][749]LogWorld: Bringing up level for play took: 0.002156
[2017.08.23-15.21.51:124][749]PIE: Play in editor start time for /Game/UEDPIE_0_SteamVRSitting_Pawn_Example -0.271
[2017.08.23-15.21.54:845][ 48]LogEditorViewport: Clicking on Actor (LMB): BP_Sky_Sphere_C (Sky Sphere)
[2017.08.23-15.22.14:871][714]LogEditorViewport: Clicking on Actor (LMB): StaticMeshActor (Floor)
[2017.08.23-15.22.15:873][792]Cmd: EDIT PASTE
[2017.08.23-15.22.19:029][ 18]LogEditorViewport: Clicking on Actor (LMB): TextRenderActor (TextRenderActor)
[2017.08.23-15.22.27:887][700]LogSavePackage: Save=53.68ms
[2017.08.23-15.22.27:887][700]LogSavePackage: Moving '../../../../../UE4_Projects/SteamVRCameraExample/Saved/SteamVRSitting_Pawn_ExampleE86BA95544D79A0E1025FA8D0E880C12.tmp' to '../../../../../UE4_Projects/SteamVRCameraExample/Content/SteamVRSitting_Pawn_Example.umap'
[2017.08.23-15.22.27:889][700]LogSavePackage: Display: Finished SavePackage ../../../../../UE4_Projects/SteamVRCameraExample/Content/SteamVRSitting_Pawn_Example.umap
[2017.08.23-15.22.27:916][700]Cmd: OBJ SAVEPACKAGE PACKAGE="/Game/SteamVRSitting_Pawn_Example_BuiltData" FILE="../../../../../UE4_Projects/SteamVRCameraExample/Content/SteamVRSitting_Pawn_Example_BuiltData.uasset" SILENT=true
[2017.08.23-15.22.27:938][700]LogSavePackage: Save=11.42ms
[2017.08.23-15.22.27:938][700]LogSavePackage: Moving '../../../../../UE4_Projects/SteamVRCameraExample/Saved/SteamVRSitting_Pawn_Example_BuiltDataD73AB02649521C437CC588B84983B1EB.tmp' to '../../../../../UE4_Projects/SteamVRCameraExample/Content/SteamVRSitting_Pawn_Example_BuiltData.uasset'
[2017.08.23-15.22.27:944][700]LogSavePackage: Display: Finished SavePackage ../../../../../UE4_Projects/SteamVRCameraExample/Content/SteamVRSitting_Pawn_Example_BuiltData.uasset
[2017.08.23-15.23.12:621][767]LogEditorViewport: Clicking on Actor (LMB): PostProcessVolume (PostProcessVolume)
[2017.08.23-15.23.29:213][959]LogSavePackage: Save=53.89ms
[2017.08.23-15.23.29:213][959]LogSavePackage: Moving '../../../../../UE4_Projects/SteamVRCameraExample/Saved/SteamVRSitting_Pawn_Example34CD44FF4FEE27C60B6A50B1DA41B529.tmp' to '../../../../../UE4_Projects/SteamVRCameraExample/Content/SteamVRSitting_Pawn_Example.umap'
[2017.08.23-15.23.29:214][959]LogSavePackage: Display: Finished SavePackage ../../../../../UE4_Projects/SteamVRCameraExample/Content/SteamVRSitting_Pawn_Example.umap
[2017.08.23-15.23.29:242][959]Cmd: OBJ SAVEPACKAGE PACKAGE="/Game/SteamVRSitting_Pawn_Example_BuiltData" FILE="../../../../../UE4_Projects/SteamVRCameraExample/Content/SteamVRSitting_Pawn_Example_BuiltData.uasset" SILENT=true
[2017.08.23-15.23.29:255][959]LogSavePackage: Save=10.91ms
[2017.08.23-15.23.29:256][959]LogSavePackage: Moving '../../../../../UE4_Projects/SteamVRCameraExample/Saved/SteamVRSitting_Pawn_Example_BuiltDataB2FDE4144DA0D90792860ABD33A1334F.tmp' to '../../../../../UE4_Projects/SteamVRCameraExample/Content/SteamVRSitting_Pawn_Example_BuiltData.uasset'
[2017.08.23-15.23.29:257][959]LogSavePackage: Display: Finished SavePackage ../../../../../UE4_Projects/SteamVRCameraExample/Content/SteamVRSitting_Pawn_Example_BuiltData.uasset
[2017.08.23-15.26.37:388][504]Cmd: OBJ SAVEPACKAGE PACKAGE="/Game/SteamVR_Pawn_Sitting" FILE="../../../../../UE4_Projects/SteamVRCameraExample/Content/SteamVR_Pawn_Sitting.uasset" SILENT=true
[2017.08.23-15.26.37:416][504]LogSavePackage: Save=24.43ms
[2017.08.23-15.26.37:417][504]LogSavePackage: Moving '../../../../../UE4_Projects/SteamVRCameraExample/Saved/SteamVR_Pawn_SittingA0D54DE64C2BF519D75159A0BB7B47FB.tmp' to '../../../../../UE4_Projects/SteamVRCameraExample/Content/SteamVR_Pawn_Sitting.uasset'
[2017.08.23-15.26.37:418][504]LogSavePackage: Display: Finished SavePackage ../../../../../UE4_Projects/SteamVRCameraExample/Content/SteamVR_Pawn_Sitting.uasset
[2017.08.23-15.26.42:106][949]LogPlayLevel: PlayLevel: No blueprints needed recompiling
[2017.08.23-15.26.42:106][949]PIE: New page: PIE session: SteamVRSitting_Pawn_Example (Aug 23, 2017, 7:26:42 AM)
[2017.08.23-15.26.42:107][949]LogPlayLevel: Creating play world package: /Game/UEDPIE_0_SteamVRSitting_Pawn_Example
[2017.08.23-15.26.42:113][949]LogPlayLevel: PIE: StaticDuplicateObject took: (0.005955s)
[2017.08.23-15.26.42:114][949]LogAIModule: Creating AISystem for world SteamVRSitting_Pawn_Example
[2017.08.23-15.26.42:114][949]LogPlayLevel: PIE: World Init took: (0.001632s)
[2017.08.23-15.26.42:115][949]LogPlayLevel: PIE: Created PIE world by copying editor world from /Game/SteamVRSitting_Pawn_Example.SteamVRSitting_Pawn_Example to /Game/UEDPIE_0_SteamVRSitting_Pawn_Example.SteamVRSitting_Pawn_Example (0.008112s)
[2017.08.23-15.26.42:198][949]LogInit: XAudio2 using 'Speakers (Realtek High Definition Audio)' : 2 channels at 48 kHz using 32 bits per sample (channel mask 0x3)
[2017.08.23-15.26.42:213][949]LogInit: FAudioDevice initialized.
[2017.08.23-15.26.44:500][949]LogHMD: SteamVR initialized.  Driver: lighthouse  Display: LHR-81CA8D3B
[2017.08.23-15.26.44:541][949]LogLoad: Game class is 'GameModeBase'
[2017.08.23-15.26.44:544][949]LogWorld: Bringing World /Game/UEDPIE_0_SteamVRSitting_Pawn_Example.SteamVRSitting_Pawn_Example up for play (max tick rate 0) at 2017.08.23-11.26.44
[2017.08.23-15.26.44:545][949]LogWorld: Bringing up level for play took: 0.002373
[2017.08.23-15.26.44:554][949]PIE: Play in editor start time for /Game/UEDPIE_0_SteamVRSitting_Pawn_Example 3.145
[2017.08.23-15.26.55:919][921]LogEditorViewport: Clicking on Actor (LMB): SteamVR_Pawn_Sitting_C (SteamVR_Pawn_Sitting)
[2017.08.23-15.27.20:797][617]LogDirectoryWatcher: A directory notification failed for 'D:/UE4_Projects/SteamVRCameraExample/Saved/Collections/' because it could not be accessed. Aborting watch request...
[2017.08.23-15.28.55:982][110]LogTemp: Repeating last play command: VR Preview
[2017.08.23-15.28.56:002][110]LogPlayLevel: PlayLevel: No blueprints needed recompiling
[2017.08.23-15.28.56:002][110]PIE: New page: PIE session: SteamVRSitting_Pawn_Example (Aug 23, 2017, 7:28:56 AM)
[2017.08.23-15.28.56:003][110]LogPlayLevel: Creating play world package: /Game/UEDPIE_0_SteamVRSitting_Pawn_Example
[2017.08.23-15.28.56:008][110]LogPlayLevel: PIE: StaticDuplicateObject took: (0.005853s)
[2017.08.23-15.28.56:010][110]LogAIModule: Creating AISystem for world SteamVRSitting_Pawn_Example
[2017.08.23-15.28.56:010][110]LogPlayLevel: PIE: World Init took: (0.001634s)
[2017.08.23-15.28.56:011][110]LogPlayLevel: PIE: Created PIE world by copying editor world from /Game/SteamVRSitting_Pawn_Example.SteamVRSitting_Pawn_Example to /Game/UEDPIE_0_SteamVRSitting_Pawn_Example.SteamVRSitting_Pawn_Example (0.008011s)
[2017.08.23-15.28.56:122][110]LogInit: XAudio2 using 'Speakers (Realtek High Definition Audio)' : 2 channels at 48 kHz using 32 bits per sample (channel mask 0x3)
[2017.08.23-15.28.56:136][110]LogInit: FAudioDevice initialized.
[2017.08.23-15.28.56:367][110]LogLoad: Game class is 'GameModeBase'
[2017.08.23-15.28.56:370][110]LogWorld: Bringing World /Game/UEDPIE_0_SteamVRSitting_Pawn_Example.SteamVRSitting_Pawn_Example up for play (max tick rate 0) at 2017.08.23-11.28.56
[2017.08.23-15.28.56:370][110]LogWorld: Bringing up level for play took: 0.002347
[2017.08.23-15.28.56:380][110]PIE: Play in editor start time for /Game/UEDPIE_0_SteamVRSitting_Pawn_Example 0.965
[2017.08.23-15.28.57:951][191]LogEditorViewport: Clicking on Actor (LMB): BP_Sky_Sphere_C (Sky Sphere)
[2017.08.23-15.29.41:283][725]LogRenderer: Reallocating scene render targets to support 3584x1932 Format 10 NumSamples 1 (Frame:2617).
[2017.08.23-15.46.50:952][700]Cmd: QUIT_EDITOR
[2017.08.23-15.46.50:993][700]LogExit: Preparing to exit.
[2017.08.23-15.46.52:507][700]LogDirectoryWatcher: A directory notification for 'D:/UE4_Projects/SteamVRCameraExample/Content/' was aborted.
[2017.08.23-15.46.52:558][700]LogExit: Editor shut down
[2017.08.23-15.46.52:566][700]LogExit: Transaction tracking system shut down
[2017.08.23-15.46.52:715][700]LogDirectoryWatcher: A directory notification for '../../../Engine/Content/' was aborted.
[2017.08.23-15.46.52:715][700]LogDirectoryWatcher: A directory notification for '../../../../../UE4_Projects/SteamVRCameraExample/Content/' was aborted.
[2017.08.23-15.46.52:715][700]LogDirectoryWatcher: A directory notification for '../../../Engine/Plugins/2D/Paper2D/Content/' was aborted.
[2017.08.23-15.46.52:716][700]LogDirectoryWatcher: A directory notification for '../../../Engine/Plugins/Runtime/Oculus/OculusVR/Content/' was aborted.
[2017.08.23-15.46.52:716][700]LogDirectoryWatcher: A directory notification for '../../../Engine/Plugins/Runtime/Steam/SteamVR/Content/' was aborted.
[2017.08.23-15.46.52:859][700]LogExit: Object subsystem successfully closed.
[2017.08.23-15.46.52:903][700]LogD3D11RHI: Shutdown
[2017.08.23-15.46.52:903][700]LogD3D11RHI: CleanupD3DDevice
[2017.08.23-15.46.52:907][700]LogD3D11RHI: ~FD3D11DynamicRHI
[2017.08.23-15.46.52:921][700]LogModuleManager: Shutting down and abandoning module HierarchicalLODUtilities (538)
[2017.08.23-15.46.52:921][700]LogModuleManager: Shutting down and abandoning module BlueprintGraph (536)
[2017.08.23-15.46.52:921][700]LogModuleManager: Shutting down and abandoning module BlueprintProfiler (534)
[2017.08.23-15.46.52:921][700]LogModuleManager: Shutting down and abandoning module MovieSceneCapture (532)
[2017.08.23-15.46.52:921][700]LogModuleManager: Shutting down and abandoning module HierarchicalLODOutliner (530)
[2017.08.23-15.46.52:921][700]LogModuleManager: Shutting down and abandoning module SceneOutliner (528)
[2017.08.23-15.46.52:921][700]LogModuleManager: Shutting down and abandoning module AddContentDialog (526)
[2017.08.23-15.46.52:921][700]LogDirectoryWatcher: A directory notification for 'D:/UE4_Public/UE_4.17/FeaturePacks/' was aborted.
[2017.08.23-15.46.52:923][700]LogModuleManager: Shutting down and abandoning module WidgetCarousel (525)
[2017.08.23-15.46.52:923][700]LogModuleManager: Shutting down and abandoning module EditorWidgets (522)
[2017.08.23-15.46.52:923][700]LogModuleManager: Shutting down and abandoning module CollectionManager (520)
[2017.08.23-15.46.52:923][700]LogDirectoryWatcher: A directory notification for 'D:/UE4_Projects/SteamVRCameraExample/Content/Collections/' was aborted.
[2017.08.23-15.46.52:923][700]LogDirectoryWatcher: A directory notification for 'D:/UE4_Projects/SteamVRCameraExample/Content/Developers/SamDeiter/Collections/' was aborted.
[2017.08.23-15.46.52:923][700]LogModuleManager: Shutting down and abandoning module StatsViewer (518)
[2017.08.23-15.46.52:923][700]LogModuleManager: Shutting down and abandoning module FoliageEdit (516)
[2017.08.23-15.46.52:923][700]LogModuleManager: Shutting down and abandoning module LandscapeEditor (514)
[2017.08.23-15.46.52:923][700]LogModuleManager: Shutting down and abandoning module MeshPaintMode (512)
[2017.08.23-15.46.52:924][700]LogModuleManager: Shutting down and abandoning module SceneDepthPickerMode (510)
[2017.08.23-15.46.52:924][700]LogModuleManager: Shutting down and abandoning module ActorPickerMode (508)
[2017.08.23-15.46.52:924][700]LogModuleManager: Shutting down and abandoning module GeometryMode (506)
[2017.08.23-15.46.52:924][700]LogModuleManager: Shutting down and abandoning module TextureAlignMode (504)
[2017.08.23-15.46.52:924][700]LogModuleManager: Shutting down and abandoning module BspMode (502)
[2017.08.23-15.46.52:924][700]LogModuleManager: Shutting down and abandoning module PIEPreviewDeviceProfileSelector (500)
[2017.08.23-15.46.52:924][700]LogModuleManager: Shutting down and abandoning module HardwareSurvey (498)
[2017.08.23-15.46.52:924][700]LogModuleManager: Shutting down and abandoning module SequenceRecorderSections (496)
[2017.08.23-15.46.52:924][700]LogModuleManager: Shutting down and abandoning module AutomationWorker (494)
[2017.08.23-15.46.52:924][700]LogModuleManager: Shutting down and abandoning module MatineeToLevelSequence (492)
[2017.08.23-15.46.52:924][700]LogModuleManager: Shutting down and abandoning module LevelSequenceEditor (490)
[2017.08.23-15.46.52:924][700]LogModuleManager: Shutting down and abandoning module PlacementMode (489)
[2017.08.23-15.46.52:924][700]LogModuleManager: Shutting down and abandoning module WmfMediaFactory (486)
[2017.08.23-15.46.52:924][700]LogModuleManager: Shutting down and abandoning module WmfMediaEditor (484)
[2017.08.23-15.46.52:924][700]LogModuleManager: Shutting down and abandoning module AvfMediaFactory (482)
[2017.08.23-15.46.52:924][700]LogModuleManager: Shutting down and abandoning module AvfMediaEditor (480)
[2017.08.23-15.46.52:924][700]LogModuleManager: Shutting down and abandoning module AndroidMediaFactory (478)
[2017.08.23-15.46.52:924][700]LogModuleManager: Shutting down and abandoning module Media (477)
[2017.08.23-15.46.52:924][700]LogModuleManager: Shutting down and abandoning module AndroidMediaEditor (474)
[2017.08.23-15.46.52:924][700]LogModuleManager: Shutting down and abandoning module CharacterAI (472)
[2017.08.23-15.46.52:924][700]LogModuleManager: Shutting down and abandoning module AudioCapture (470)
[2017.08.23-15.46.52:924][700]LogModuleManager: Shutting down and abandoning module SequenceRecorder (469)
[2017.08.23-15.46.52:924][700]LogModuleManager: Shutting down and abandoning module SmartSnapping (466)
[2017.08.23-15.46.52:925][700]LogModuleManager: Shutting down and abandoning module SessionServices (464)
[2017.08.23-15.46.52:925][700]LogModuleManager: Shutting down and abandoning module ViewportSnapping (462)
[2017.08.23-15.46.52:925][700]LogModuleManager: Shutting down and abandoning module ViewportInteraction (460)
[2017.08.23-15.46.52:925][700]LogModuleManager: Shutting down and abandoning module ClothPainter (458)
[2017.08.23-15.46.52:925][700]LogModuleManager: Shutting down and abandoning module LogVisualizer (456)
[2017.08.23-15.46.52:925][700]LogModuleManager: Shutting down and abandoning module IntroTutorials (454)
[2017.08.23-15.46.52:925][700]LogModuleManager: Shutting down and abandoning module GameProjectGeneration (453)
[2017.08.23-15.46.52:925][700]LogModuleManager: Shutting down and abandoning module IOSPlatformEditor (450)
[2017.08.23-15.46.52:925][700]LogModuleManager: Shutting down and abandoning module HTML5PlatformEditor (448)
[2017.08.23-15.46.52:925][700]LogModuleManager: Shutting down and abandoning module AndroidPlatformEditor (446)
[2017.08.23-15.46.52:925][700]LogModuleManager: Shutting down and abandoning module AndroidDeviceDetection (445)
[2017.08.23-15.46.53:304][700]LogModuleManager: Shutting down and abandoning module WindowsPlatformEditor (442)
[2017.08.23-15.46.53:304][700]LogModuleManager: Shutting down and abandoning module IOSRuntimeSettings (440)
[2017.08.23-15.46.53:304][700]LogModuleManager: Shutting down and abandoning module AndroidRuntimeSettings (438)
[2017.08.23-15.46.53:304][700]LogModuleManager: Shutting down and abandoning module InputBindingEditor (436)
[2017.08.23-15.46.53:304][700]LogModuleManager: Shutting down and abandoning module MergeActors (434)
[2017.08.23-15.46.53:304][700]LogModuleManager: Shutting down and abandoning module SizeMap (432)
[2017.08.23-15.46.53:304][700]LogModuleManager: Shutting down and abandoning module TreeMap (430)
[2017.08.23-15.46.53:304][700]LogModuleManager: Shutting down and abandoning module ReferenceViewer (428)
[2017.08.23-15.46.53:304][700]LogModuleManager: Shutting down and abandoning module LocalizationDashboard (426)
[2017.08.23-15.46.53:304][700]LogModuleManager: Shutting down and abandoning module LocalizationService (425)
[2017.08.23-15.46.53:304][700]LogModuleManager: Shutting down and abandoning module HardwareTargeting (422)
[2017.08.23-15.46.53:304][700]LogModuleManager: Shutting down and abandoning module DeviceProfileEditor (420)
[2017.08.23-15.46.53:304][700]LogModuleManager: Shutting down and abandoning module UndoHistory (418)
[2017.08.23-15.46.53:304][700]LogModuleManager: Shutting down and abandoning module XmlParser (416)
[2017.08.23-15.46.53:304][700]LogModuleManager: Shutting down and abandoning module Blutility (414)
[2017.08.23-15.46.53:304][700]LogModuleManager: Shutting down and abandoning module ProjectSettingsViewer (412)
[2017.08.23-15.46.53:304][700]LogModuleManager: Shutting down and abandoning module ProjectTargetPlatformEditor (411)
[2017.08.23-15.46.53:305][700]LogModuleManager: Shutting down and abandoning module EditorSettingsViewer (408)
[2017.08.23-15.46.53:305][700]LogModuleManager: Shutting down and abandoning module SettingsEditor (406)
[2017.08.23-15.46.53:305][700]LogModuleManager: Shutting down and abandoning module ProjectLauncher (404)
[2017.08.23-15.46.53:305][700]LogModuleManager: Shutting down and abandoning module SessionFrontend (402)
[2017.08.23-15.46.53:305][700]LogModuleManager: Shutting down and abandoning module ProfilerClient (400)
[2017.08.23-15.46.53:305][700]LogModuleManager: Shutting down and abandoning module DeviceManager (398)
[2017.08.23-15.46.53:305][700]LogModuleManager: Shutting down and abandoning module TargetDeviceServices (397)
[2017.08.23-15.46.53:365][700]LogModuleManager: Shutting down and abandoning module AutomationController (394)
[2017.08.23-15.46.53:365][700]LogModuleManager: Shutting down and abandoning module AutomationWindow (392)
[2017.08.23-15.46.53:365][700]LogModuleManager: Shutting down and abandoning module Layers (390)
[2017.08.23-15.46.53:365][700]LogModuleManager: Shutting down and abandoning module ComponentVisualizers (388)
[2017.08.23-15.46.53:365][700]LogModuleManager: Shutting down and abandoning module DetailCustomizations (386)
[2017.08.23-15.46.53:365][700]LogModuleManager: Shutting down and abandoning module PackagesDialog (384)
[2017.08.23-15.46.53:365][700]LogModuleManager: Shutting down and abandoning module Persona (382)
[2017.08.23-15.46.53:365][700]LogModuleManager: Shutting down and abandoning module AdvancedPreviewScene (381)
[2017.08.23-15.46.53:365][700]LogModuleManager: Shutting down and abandoning module AnimGraph (379)
[2017.08.23-15.46.53:366][700]LogModuleManager: Shutting down and abandoning module Kismet (376)
[2017.08.23-15.46.53:376][700]LogModuleManager: Shutting down and abandoning module ClassViewer (374)
[2017.08.23-15.46.53:376][700]LogModuleManager: Shutting down and abandoning module Toolbox (372)
[2017.08.23-15.46.53:376][700]LogModuleManager: Shutting down and abandoning module ModuleUI (370)
[2017.08.23-15.46.53:376][700]LogModuleManager: Shutting down and abandoning module MovieSceneTools (368)
[2017.08.23-15.46.53:376][700]LogModuleManager: Shutting down and abandoning module OutputLog (366)
[2017.08.23-15.46.53:376][700]LogModuleManager: Shutting down and abandoning module GammaUI (364)
[2017.08.23-15.46.53:376][700]LogModuleManager: Shutting down and abandoning module Documentation (362)
[2017.08.23-15.46.53:377][700]LogModuleManager: Shutting down and abandoning module MovieSceneTracks (360)
[2017.08.23-15.46.53:377][700]LogModuleManager: Shutting down and abandoning module MovieScene (358)
[2017.08.23-15.46.53:377][700]LogModuleManager: Shutting down and abandoning module Niagara (356)
[2017.08.23-15.46.53:377][700]LogModuleManager: Shutting down and abandoning module NiagaraEditor (355)
[2017.08.23-15.46.53:377][700]LogModuleManager: Shutting down and abandoning module StreamingPauseRendering (352)
[2017.08.23-15.46.53:377][700]LogModuleManager: Shutting down and abandoning module LauncherPlatform (350)
[2017.08.23-15.46.53:377][700]LogModuleManager: Shutting down and abandoning module AnalyticsET (348)
[2017.08.23-15.46.53:377][700]LogModuleManager: Shutting down and abandoning module PortalServices (346)
[2017.08.23-15.46.53:377][700]LogModuleManager: Shutting down and abandoning module PortalRpc (344)
[2017.08.23-15.46.53:377][700]LogModuleManager: Shutting down and abandoning module MessagingRpc (342)
[2017.08.23-15.46.53:377][700]LogModuleManager: Shutting down and abandoning module AIModule (340)
[2017.08.23-15.46.53:377][700]LogModuleManager: Shutting down and abandoning module GameplayDebugger (339)
[2017.08.23-15.46.53:377][700]LogModuleManager: Shutting down and abandoning module AITestSuite (337)
[2017.08.23-15.46.53:377][700]LogModuleManager: Shutting down and abandoning module ProfilerService (334)
[2017.08.23-15.46.53:598][700]LogModuleManager: Shutting down and abandoning module TaskGraph (332)
[2017.08.23-15.46.53:598][700]LogModuleManager: Shutting down and abandoning module SteamVRController (330)
[2017.08.23-15.46.53:598][700]LogModuleManager: Shutting down and abandoning module ProceduralMeshComponentEditor (328)
[2017.08.23-15.46.53:598][700]LogModuleManager: Shutting down and abandoning module ProceduralMeshComponent (326)
[2017.08.23-15.46.53:598][700]LogModuleManager: Shutting down and abandoning module OculusInput (324)
[2017.08.23-15.46.53:598][700]LogModuleManager: Shutting down and abandoning module MobilePatchingUtils (322)
[2017.08.23-15.46.53:598][700]LogModuleManager: Shutting down and abandoning module CustomMeshComponent (320)
[2017.08.23-15.46.53:598][700]LogModuleManager: Shutting down and abandoning module CableComponent (318)
[2017.08.23-15.46.53:598][700]LogModuleManager: Shutting down and abandoning module ArchVisCharacter (316)
[2017.08.23-15.46.53:598][700]LogModuleManager: Shutting down and abandoning module AndroidPermission (314)
[2017.08.23-15.46.53:598][700]LogModuleManager: Shutting down and abandoning module MediaPlayerEditor (310)
[2017.08.23-15.46.53:598][700]LogModuleManager: Shutting down and abandoning module HTML5Networking (308)
[2017.08.23-15.46.53:598][700]LogModuleManager: Shutting down and abandoning module AlembicImporter (306)
[2017.08.23-15.46.53:598][700]LogModuleManager: Shutting down and abandoning module AlembicLibrary (305)
[2017.08.23-15.46.53:598][700]LogModuleManager: Shutting down and abandoning module GeometryCache (304)
[2017.08.23-15.46.53:598][700]LogModuleManager: Shutting down and abandoning module GeometryCacheEd (303)
[2017.08.23-15.46.53:598][700]LogModuleManager: Shutting down and abandoning module SpeedTreeImporter (298)
[2017.08.23-15.46.53:598][700]LogModuleManager: Shutting down and abandoning module PluginBrowser (296)
[2017.08.23-15.46.53:599][700]LogModuleManager: Shutting down and abandoning module MobileLauncherProfileWizard (294)
[2017.08.23-15.46.53:599][700]LogModuleManager: Shutting down and abandoning module VisualStudioSourceCodeAccess (292)
[2017.08.23-15.46.53:599][700]LogModuleManager: Shutting down and abandoning module DesktopPlatform (291)
[2017.08.23-15.46.53:599][700]LogModuleManager: Shutting down and abandoning module UObjectPlugin (288)
[2017.08.23-15.46.53:599][700]LogModuleManager: Shutting down and abandoning module SubversionSourceControl (286)
[2017.08.23-15.46.53:599][700]LogModuleManager: Shutting down and abandoning module PerforceSourceControl (284)
[2017.08.23-15.46.53:599][700]LogModuleManager: Shutting down and abandoning module GitSourceControl (282)
[2017.08.23-15.46.53:599][700]LogModuleManager: Shutting down and abandoning module SourceControl (281)
[2017.08.23-15.46.53:599][700]LogModuleManager: Shutting down and abandoning module LightPropagationVolumeEditor (278)
[2017.08.23-15.46.53:599][700]LogModuleManager: Shutting down and abandoning module PaperTiledImporter (276)
[2017.08.23-15.46.53:599][700]LogModuleManager: Shutting down and abandoning module PaperSpriteSheetImporter (274)
[2017.08.23-15.46.53:599][700]LogModuleManager: Shutting down and abandoning module Paper2DEditor (272)
[2017.08.23-15.46.53:599][700]LogModuleManager: Shutting down and abandoning module MeshPaint (271)
[2017.08.23-15.46.53:599][700]LogModuleManager: Shutting down and abandoning module LevelEditor (269)
[2017.08.23-15.46.53:601][700]LogModuleManager: Shutting down and abandoning module PixelInspectorModule (268)
[2017.08.23-15.46.53:601][700]LogModuleManager: Shutting down and abandoning module MainFrame (266)
[2017.08.23-15.46.53:601][700]LogModuleManager: Shutting down and abandoning module HotReload (265)
[2017.08.23-15.46.53:601][700]LogModuleManager: Shutting down and abandoning module RuntimePhysXCooking (260)
[2017.08.23-15.46.53:601][700]LogModuleManager: Shutting down and abandoning module PhysXVehiclesEditor (258)
[2017.08.23-15.46.53:602][700]LogModuleManager: Shutting down and abandoning module PhysXVehicles (256)
[2017.08.23-15.46.53:602][700]LogModuleManager: Shutting down and abandoning module OculusEditor (254)
[2017.08.23-15.46.53:602][700]LogModuleManager: Shutting down and abandoning module LocationServicesBPLibrary (252)
[2017.08.23-15.46.53:602][700]LogModuleManager: Shutting down and abandoning module ImmediatePhysicsEditor (250)
[2017.08.23-15.46.53:602][700]LogModuleManager: Shutting down and abandoning module ImmediatePhysics (248)
[2017.08.23-15.46.53:602][700]LogModuleManager: Shutting down and abandoning module UdpMessaging (246)
[2017.08.23-15.46.53:702][700]LogModuleManager: Shutting down and abandoning module TcpMessaging (244)
[2017.08.23-15.46.53:802][700]LogModuleManager: Shutting down and abandoning module GameplayTagsEditor (242)
[2017.08.23-15.46.53:802][700]LogModuleManager: Shutting down and abandoning module FacialAnimationEditor (240)
[2017.08.23-15.46.53:802][700]LogModuleManager: Shutting down and abandoning module FacialAnimation (238)
[2017.08.23-15.46.53:802][700]LogModuleManager: Shutting down and abandoning module AssetManagerEditor (236)
[2017.08.23-15.46.53:802][700]LogModuleManager: Shutting down and abandoning module GraphEditor (235)
[2017.08.23-15.46.53:802][700]LogModuleManager: Shutting down and abandoning module ContentBrowser (233)
[2017.08.23-15.46.53:804][700]LogModuleManager: Shutting down and abandoning module LightPropagationVolumeRuntime (230)
[2017.08.23-15.46.53:804][700]LogModuleManager: Shutting down and abandoning module Paper2D (228)
[2017.08.23-15.46.53:804][700]LogModuleManager: Shutting down and abandoning module WindowsMoviePlayer (226)
[2017.08.23-15.46.53:804][700]LogModuleManager: Shutting down and abandoning module WmfMedia (224)
[2017.08.23-15.46.53:805][700]LogModuleManager: Shutting down and abandoning module PacketHandler (222)
[2017.08.23-15.46.53:805][700]LogModuleManager: Shutting down and abandoning module ClothingSystemEditor (220)
[2017.08.23-15.46.53:805][700]LogModuleManager: Shutting down and abandoning module ClothingSystemRuntime (218)
[2017.08.23-15.46.53:805][700]LogModuleManager: Shutting down and abandoning module Overlay (216)
[2017.08.23-15.46.53:805][700]LogModuleManager: Shutting down and abandoning module OverlayEditor (215)
[2017.08.23-15.46.53:805][700]LogModuleManager: Shutting down and abandoning module MediaAssets (212)
[2017.08.23-15.46.53:805][700]LogModuleManager: Shutting down and abandoning module VREditor (210)
[2017.08.23-15.46.53:806][700]LogModuleManager: Shutting down and abandoning module StringTableEditor (208)
[2017.08.23-15.46.53:806][700]LogModuleManager: Shutting down and abandoning module GameplayTasksEditor (206)
[2017.08.23-15.46.53:806][700]LogModuleManager: Shutting down and abandoning module BehaviorTreeEditor (204)
[2017.08.23-15.46.53:806][700]LogModuleManager: Shutting down and abandoning module FunctionalTesting (202)
[2017.08.23-15.46.53:806][700]LogModuleManager: Shutting down and abandoning module CollisionAnalyzer (200)
[2017.08.23-15.46.53:806][700]LogModuleManager: Shutting down and abandoning module WorkspaceMenuStructure (199)
[2017.08.23-15.46.53:806][700]LogModuleManager: Shutting down and abandoning module UMG (196)
[2017.08.23-15.46.53:806][700]LogModuleManager: Shutting down and abandoning module UMGEditor (195)
[2017.08.23-15.46.53:806][700]LogModuleManager: Shutting down and abandoning module Sequencer (194)
[2017.08.23-15.46.53:806][700]LogModuleManager: Shutting down and abandoning module MessageLog (191)
[2017.08.23-15.46.53:806][700]LogModuleManager: Shutting down and abandoning module SlateReflector (186)
[2017.08.23-15.46.53:806][700]LogModuleManager: Shutting down and abandoning module Slate (184)
[2017.08.23-15.46.53:806][700]LogModuleManager: Shutting down and abandoning module EditorStyle (182)
[2017.08.23-15.46.53:809][700]LogModuleManager: Shutting down and abandoning module MRMesh (180)
[2017.08.23-15.46.53:809][700]LogModuleManager: Shutting down and abandoning module SourceCodeAccess (178)
[2017.08.23-15.46.53:809][700]LogModuleManager: Shutting down and abandoning module HeadMountedDisplay (176)
[2017.08.23-15.46.53:810][700]LogModuleManager: Shutting down and abandoning module XAudio2 (174)
[2017.08.23-15.46.53:810][700]LogModuleManager: Shutting down and abandoning module Networking (172)
[2017.08.23-15.46.53:810][700]LogModuleManager: Shutting down and abandoning module Core (168)
[2017.08.23-15.46.53:810][700]LogModuleManager: Shutting down and abandoning module KismetCompiler (164)
[2017.08.23-15.46.53:810][700]LogModuleManager: Shutting down and abandoning module MeshUtilities (162)
[2017.08.23-15.46.53:810][700]LogModuleManager: Shutting down and abandoning module MeshMergeUtilities (161)
[2017.08.23-15.46.53:810][700]LogModuleManager: Shutting down and abandoning module MeshReductionInterface (160)
[2017.08.23-15.46.53:810][700]LogModuleManager: Shutting down and abandoning module SimplygonSwarm (159)
[2017.08.23-15.46.53:810][700]LogModuleManager: Shutting down and abandoning module SimplygonMeshReduction (157)
[2017.08.23-15.46.53:810][700]LogModuleManager: Shutting down and abandoning module QuadricMeshReduction (155)
[2017.08.23-15.46.53:810][700]LogModuleManager: Shutting down and abandoning module MaterialBaking (151)
[2017.08.23-15.46.53:810][700]LogModuleManager: Shutting down and abandoning module LevelSequence (148)
[2017.08.23-15.46.53:810][700]LogModuleManager: Shutting down and abandoning module DirectoryWatcher (146)
[2017.08.23-15.46.53:811][700]LogModuleManager: Shutting down and abandoning module DerivedDataCache (144)
[2017.08.23-15.46.53:830][700]LogDerivedDataCache: Shutdown
[2017.08.23-15.46.53:830][700]LogModuleManager: Shutting down and abandoning module TargetPlatform (142)
[2017.08.23-15.46.53:830][700]LogModuleManager: Shutting down and abandoning module VulkanShaderFormat (141)
[2017.08.23-15.46.53:830][700]LogModuleManager: Shutting down and abandoning module ShaderFormatVectorVM (139)
[2017.08.23-15.46.53:830][700]LogModuleManager: Shutting down and abandoning module ShaderFormatOpenGL (137)
[2017.08.23-15.46.53:830][700]LogModuleManager: Shutting down and abandoning module ShaderFormatD3D (135)
[2017.08.23-15.46.53:830][700]LogModuleManager: Shutting down and abandoning module MetalShaderFormat (133)
[2017.08.23-15.46.53:830][700]LogModuleManager: Shutting down and abandoning module TextureFormatUncompressed (131)
[2017.08.23-15.46.53:830][700]LogModuleManager: Shutting down and abandoning module TextureFormatPVR (129)
[2017.08.23-15.46.53:830][700]LogModuleManager: Shutting down and abandoning module TextureFormatDXT (127)
[2017.08.23-15.46.53:830][700]LogModuleManager: Shutting down and abandoning module TextureFormatIntelISPCTexComp (125)
[2017.08.23-15.46.53:831][700]LogModuleManager: Shutting down and abandoning module TextureFormatASTC (123)
[2017.08.23-15.46.53:831][700]LogModuleManager: Shutting down and abandoning module ImageWrapper (122)
[2017.08.23-15.46.53:831][700]LogModuleManager: Shutting down and abandoning module TextureFormatAndroid (119)
[2017.08.23-15.46.53:831][700]LogModuleManager: Shutting down and abandoning module AudioFormatOpus (117)
[2017.08.23-15.46.53:831][700]LogModuleManager: Shutting down and abandoning module AudioFormatOgg (115)
[2017.08.23-15.46.53:831][700]LogModuleManager: Shutting down and abandoning module AudioFormatADPCM (113)
[2017.08.23-15.46.53:831][700]LogModuleManager: Shutting down and abandoning module LinuxTargetPlatform (111)
[2017.08.23-15.46.53:831][700]LogModuleManager: Shutting down and abandoning module LinuxServerTargetPlatform (109)
[2017.08.23-15.46.53:831][700]LogModuleManager: Shutting down and abandoning module LinuxNoEditorTargetPlatform (107)
[2017.08.23-15.46.53:831][700]LogModuleManager: Shutting down and abandoning module LinuxClientTargetPlatform (105)
[2017.08.23-15.46.53:831][700]LogModuleManager: Shutting down and abandoning module TVOSTargetPlatform (103)
[2017.08.23-15.46.53:831][700]LogModuleManager: Shutting down and abandoning module Messaging (101)
[2017.08.23-15.46.53:831][700]LogModuleManager: Shutting down and abandoning module IOSTargetPlatform (99)
[2017.08.23-15.46.53:831][700]LogModuleManager: Shutting down and abandoning module HTML5TargetPlatform (97)
[2017.08.23-15.46.53:831][700]LogModuleManager: Shutting down and abandoning module Android_PVRTCTargetPlatform (95)
[2017.08.23-15.46.53:831][700]LogModuleManager: Shutting down and abandoning module Android_MultiTargetPlatform (93)
[2017.08.23-15.46.53:831][700]LogModuleManager: Shutting down and abandoning module Android_ETC2TargetPlatform (91)
[2017.08.23-15.46.53:831][700]LogModuleManager: Shutting down and abandoning module Android_ETC1TargetPlatform (89)
[2017.08.23-15.46.53:831][700]LogModuleManager: Shutting down and abandoning module Android_DXTTargetPlatform (87)
[2017.08.23-15.46.53:831][700]LogModuleManager: Shutting down and abandoning module Android_ATCTargetPlatform (85)
[2017.08.23-15.46.53:831][700]LogModuleManager: Shutting down and abandoning module Android_ASTCTargetPlatform (83)
[2017.08.23-15.46.53:831][700]LogModuleManager: Shutting down and abandoning module AndroidTargetPlatform (81)
[2017.08.23-15.46.53:831][700]LogModuleManager: Shutting down and abandoning module WindowsTargetPlatform (79)
[2017.08.23-15.46.53:831][700]LogModuleManager: Shutting down and abandoning module WindowsServerTargetPlatform (77)
[2017.08.23-15.46.53:831][700]LogModuleManager: Shutting down and abandoning module WindowsNoEditorTargetPlatform (75)
[2017.08.23-15.46.53:831][700]LogModuleManager: Shutting down and abandoning module WindowsClientTargetPlatform (73)
[2017.08.23-15.46.53:831][700]LogModuleManager: Shutting down and abandoning module MacTargetPlatform (71)
[2017.08.23-15.46.53:832][700]LogModuleManager: Shutting down and abandoning module MacServerTargetPlatform (69)
[2017.08.23-15.46.53:832][700]LogModuleManager: Shutting down and abandoning module MacNoEditorTargetPlatform (67)
[2017.08.23-15.46.53:832][700]LogModuleManager: Shutting down and abandoning module MacClientTargetPlatform (65)
[2017.08.23-15.46.53:832][700]LogModuleManager: Shutting down and abandoning module AllDesktopTargetPlatform (63)
[2017.08.23-15.46.53:832][700]LogModuleManager: Shutting down and abandoning module InputCore (60)
[2017.08.23-15.46.53:832][700]LogModuleManager: Shutting down and abandoning module Settings (58)
[2017.08.23-15.46.53:832][700]LogModuleManager: Shutting down and abandoning module PhysXCooking (56)
[2017.08.23-15.46.53:832][700]LogModuleManager: Shutting down and abandoning module SteamVR (54)
[2017.08.23-15.46.53:832][700]LogModuleManager: Shutting down and abandoning module OculusHMD (52)
[2017.08.23-15.46.53:832][700]LogModuleManager: Shutting down and abandoning module ExampleDeviceProfileSelector (50)
[2017.08.23-15.46.53:832][700]LogModuleManager: Shutting down and abandoning module OnlineBlueprintSupport (48)
[2017.08.23-15.46.53:832][700]LogModuleManager: Shutting down and abandoning module OnlineSubsystem (44)
[2017.08.23-15.46.53:832][700]LogOnline: Display: Unloading online subsystem: NULL
[2017.08.23-15.46.53:832][700]LogModuleManager: Shutting down and abandoning module XMPP (43)
[2017.08.23-15.46.53:832][700]LogModuleManager: Shutting down and abandoning module HTTP (41)
[2017.08.23-15.46.53:832][700]LogHttp: Display: Http module shutting down, but needs to wait on 1 outstanding Http requests:
[2017.08.23-15.46.53:832][700]LogHttp: Display: 	verb=[POST] url=[https://datarouter.ol.epicgames.com/datarouter/api/v1/public/data?SessionID=%7B7A6A7BAF-4E81-E7FB-7A57-34996C85757A%7D&AppID=UEEditor.Rocket.Release&AppVersion=4.17.1-3586342%2B%2B%2BUE4%2BRelease-4.17&UserID=21dfb41146021c46825b48804bd93b3a%7Ccfb348dc549f4951a74453128631b01d%7C41578b7f-b02e-4bae-9b87-ce952923e161&AppEnvironment=datacollector-binary&UploadType=eteventstream] status=Processing
[2017.08.23-15.46.53:861][700]LogModuleManager: Shutting down and abandoning module SSL (40)
[2017.08.23-15.46.53:863][700]LogModuleManager: Shutting down and abandoning module AnimationModifiers (36)
[2017.08.23-15.46.53:863][700]LogModuleManager: Shutting down and abandoning module PropertyEditor (35)
[2017.08.23-15.46.53:863][700]LogModuleManager: Shutting down and abandoning module AudioEditor (32)
[2017.08.23-15.46.53:863][700]LogModuleManager: Shutting down and abandoning module TextureCompressor (30)
[2017.08.23-15.46.53:863][700]LogModuleManager: Shutting down and abandoning module ShaderCore (28)
[2017.08.23-15.46.53:863][700]LogModuleManager: Shutting down and abandoning module Landscape (26)
[2017.08.23-15.46.53:863][700]LogModuleManager: Shutting down and abandoning module SlateRHIRenderer (24)
[2017.08.23-15.46.53:866][700]LogModuleManager: Shutting down and abandoning module OpenGLDrv (22)
[2017.08.23-15.46.53:866][700]LogModuleManager: Shutting down and abandoning module D3D11RHI (20)
[2017.08.23-15.46.53:866][700]LogModuleManager: Shutting down and abandoning module AnimGraphRuntime (18)
[2017.08.23-15.46.53:866][700]LogModuleManager: Shutting down and abandoning module Renderer (16)
[2017.08.23-15.46.53:866][700]LogModuleManager: Shutting down and abandoning module Engine (14)
[2017.08.23-15.46.53:866][700]LogModuleManager: Shutting down and abandoning module CoreUObject (12)
[2017.08.23-15.46.53:866][700]LogModuleManager: Shutting down and abandoning module NetworkFile (10)
[2017.08.23-15.46.53:866][700]LogModuleManager: Shutting down and abandoning module CookedIterativeFile (8)
[2017.08.23-15.46.53:866][700]LogModuleManager: Shutting down and abandoning module StreamingFile (6)
[2017.08.23-15.46.53:866][700]LogModuleManager: Shutting down and abandoning module SandboxFile (4)
[2017.08.23-15.46.53:866][700]LogModuleManager: Shutting down and abandoning module PakFile (2)
[2017.08.23-15.46.53:881][700]LogExit: Exiting.
[2017.08.23-15.46.53:912][700]Log file closed, 08/23/17 11:46:53
