Log file open, 08/22/17 16:41:43
LogWindows: LoadLibraryWithSearchPaths failed for file aqProf.dll. GetLastError=0
LogWindows: LoadLibraryWithSearchPaths failed for file VtuneApi.dll. GetLastError=0
LogWindows: LoadLibraryWithSearchPaths failed for file VtuneApi32e.dll. GetLastError=0
LogInit: Display: Running engine for game: SteamVRCameraExample
LogPlatformFile: Not using cached read wrapper
LogInit: Display: RandInit(-413288585) SRandInit(-413288585).
LogTaskGraph: Started task graph with 5 named threads and 50 total threads with 3 sets of task threads.
LogStats: Stats thread started at 0.591877
LogD3D11RHI: Aftermath initialized
LogPluginManager: Mounting plugin Paper2D
LogPluginManager: Mounting plugin LightPropagationVolume
LogPluginManager: Mounting plugin CodeLiteSourceCodeAccess
LogPluginManager: Mounting plugin GitSourceControl
LogPluginManager: Mounting plugin KDevelopSourceCodeAccess
LogPluginManager: Mounting plugin NullSourceCodeAccess
LogPluginManager: Mounting plugin PerforceSourceControl
LogPluginManager: Mounting plugin SubversionSourceControl
LogPluginManager: Mounting plugin UObjectPlugin
LogPluginManager: Mounting plugin VisualStudioSourceCodeAccess
LogPluginManager: Mounting plugin XCodeSourceCodeAccess
LogPluginManager: Mounting plugin AssetManagerEditor
LogPluginManager: Mounting plugin AudioCapture
LogPluginManager: Mounting plugin FacialAnimation
LogPluginManager: Mounting plugin GameplayTagsEditor
LogPluginManager: Mounting plugin MobileLauncherProfileWizard
LogPluginManager: Mounting plugin PluginBrowser
LogPluginManager: Mounting plugin SpeedTreeImporter
LogPluginManager: Mounting plugin AlembicImporter
LogPluginManager: Mounting plugin CharacterAI
LogPluginManager: Mounting plugin HTML5Networking
LogPluginManager: Mounting plugin AndroidMedia
LogPluginManager: Mounting plugin AvfMedia
LogPluginManager: Mounting plugin MediaPlayerEditor
LogPluginManager: Mounting plugin WmfMedia
LogPluginManager: Mounting plugin TcpMessaging
LogPluginManager: Mounting plugin UdpMessaging
LogPluginManager: Mounting plugin LevelSequenceEditor
LogPluginManager: Mounting plugin MatineeToLevelSequence
LogPluginManager: Mounting plugin OnlineSubsystemGooglePlay
LogPluginManager: Mounting plugin OnlineSubsystemIOS
LogPluginManager: Mounting plugin OnlineSubsystem
LogPluginManager: Mounting plugin OnlineSubsystemNull
LogPluginManager: Mounting plugin OnlineSubsystemUtils
LogPluginManager: Mounting plugin AndroidDeviceProfileSelector
LogPluginManager: Mounting plugin AndroidMoviePlayer
LogPluginManager: Mounting plugin AndroidPermission
LogPluginManager: Mounting plugin AppleMoviePlayer
LogPluginManager: Mounting plugin ArchVisCharacter
LogPluginManager: Mounting plugin CableComponent
LogPluginManager: Mounting plugin CustomMeshComponent
LogPluginManager: Mounting plugin ExampleDeviceProfileSelector
LogPluginManager: Mounting plugin GoogleCloudMessaging
LogPluginManager: Mounting plugin ImmediatePhysics
LogPluginManager: Mounting plugin IOSDeviceProfileSelector
LogPluginManager: Mounting plugin LinuxDeviceProfileSelector
LogPluginManager: Mounting plugin LocationServicesBPLibrary
LogPluginManager: Mounting plugin MobilePatchingUtils
LogPluginManager: Mounting plugin OculusVR
LogPluginManager: Mounting plugin PhysXVehicles
LogPluginManager: Mounting plugin ProceduralMeshComponent
LogPluginManager: Mounting plugin RuntimePhysXCooking
LogPluginManager: Mounting plugin SteamVR
LogPluginManager: Mounting plugin WindowsMoviePlayer
LogInit: Using libcurl 7.47.1
LogInit:  - built for x86_64-pc-win32
LogInit:  - supports SSL with OpenSSL/1.0.2g
LogInit:  - supports HTTP deflate (compression) using libz 1.2.8
LogInit:  - other features:
LogInit:      CURL_VERSION_SSL
LogInit:      CURL_VERSION_LIBZ
LogInit:      CURL_VERSION_IPV6
LogInit:      CURL_VERSION_ASYNCHDNS
LogInit:      CURL_VERSION_LARGEFILE
LogInit:      CURL_VERSION_IDN
LogInit:  CurlRequestOptions (configurable via config and command line):
LogInit:  - bVerifyPeer = false  - Libcurl will NOT verify peer certificate
LogInit:  - bUseHttpProxy = false  - Libcurl will NOT use HTTP proxy
LogInit:  - bDontReuseConnections = false  - Libcurl will reuse connections
LogInit:  - CertBundlePath = nullptr  - Libcurl will use whatever was configured at build time.
LogHMD: Failed initializing OVRPlugin 1.15.0
LogInit: Build: ++UE4+Release-4.17-CL-3586342
LogInit: Engine Version: 4.17.1-3586342+++UE4+Release-4.17
LogInit: Compatible Engine Version: 4.17.0-3573198+++UE4+Release-4.17
LogInit: Net CL: 3573198
LogDevObjectVersion: Number of dev versions registered: 16
LogDevObjectVersion:   Dev-Blueprints (B0D832E4-1F89-4F0D-ACCF-7EB736FD4AA2): 10
LogDevObjectVersion:   Dev-Build (E1C64328-A22C-4D53-A36C-8E866417BD8C): 0
LogDevObjectVersion:   Dev-Core (375EC13C-06E4-48FB-B500-84F0262A717E): 2
LogDevObjectVersion:   Dev-Editor (E4B068ED-F494-42E9-A231-DA0B2E46BB41): 20
LogDevObjectVersion:   Dev-Framework (CFFC743F-43B0-4480-9391-14DF171D2073): 28
LogDevObjectVersion:   Dev-Mobile (B02B49B5-BB20-44E9-A304-32B752E40360): 0
LogDevObjectVersion:   Dev-Networking (A4E4105C-59A1-49B5-A7C5-40C4547EDFEE): 0
LogDevObjectVersion:   Dev-Online (39C831C9-5AE6-47DC-9A44-9C173E1C8E7C): 0
LogDevObjectVersion:   Dev-Physics (78F01B33-EBEA-4F98-B9B4-84EACCB95AA2): 0
LogDevObjectVersion:   Dev-Platform (6631380F-2D4D-43E0-8009-CF276956A95A): 0
LogDevObjectVersion:   Dev-Rendering (12F88B9F-8875-4AFC-A67C-D90C383ABD29): 19
LogDevObjectVersion:   Dev-Sequencer (7B5AE74C-D270-4C10-A958-57980B212A5A): 4
LogDevObjectVersion:   Dev-VR (D7296918-1DD6-4BDD-9DE2-64A83CC13884): 0
LogDevObjectVersion:   Dev-LoadTimes (C2A15278-BFE7-4AFE-6C17-90FF531DF755): 1
LogDevObjectVersion:   Private-Geometry (6EACA3D4-40EC-4CC1-B786-8BED09428FC5): 1
LogDevObjectVersion:   Dev-AnimPhys (29E575DD-E0A3-4627-9D10-D276232CDCEA): 7
LogInit: Compiled (64-bit): Aug 15 2017 02:05:26
LogInit: Compiled with Visual C++: 19.00.24215.01
LogInit: Build Configuration: Development
LogInit: Branch Name: ++UE4+Release-4.17
LogInit: Command line:  
LogInit: Base directory: D:/UE4_Public/UE_4.17/Engine/Binaries/Win64/
LogInit: Installed Engine Build: 1
LogInit: Presizing for max 8388607 objects, including 0 objects not considered by GC, pre-allocating 0 bytes for permanent pool.
LogInit: Object subsystem initialized
[2017.08.22-20.41.44:662][  0]LogInit: Selected Device Profile: [Windows]
[2017.08.22-20.41.44:662][  0]LogInit: Applying CVar settings loaded from the selected device profile: [Windows]
[2017.08.22-20.41.44:676][  0]LogInit: Computer: RDU-WD-2977
[2017.08.22-20.41.44:676][  0]LogInit: User: SamDeiter
[2017.08.22-20.41.44:676][  0]LogInit: CPU Page size=4096, Cores=16
[2017.08.22-20.41.44:676][  0]LogInit: High frequency timer resolution =2.143300 MHz
[2017.08.22-20.41.44:677][  0]LogMemory: Memory total: Physical=31.9GB (32GB approx)
[2017.08.22-20.41.44:677][  0]LogMemory: Platform Memory Stats for Windows
[2017.08.22-20.41.44:677][  0]LogMemory: Process Physical Memory: 299.74 MB used, 299.74 MB peak
[2017.08.22-20.41.44:677][  0]LogMemory: Process Virtual Memory: 296.54 MB used, 296.54 MB peak
[2017.08.22-20.41.44:677][  0]LogMemory: Physical Memory: 11176.35 MB used,  21518.30 MB free, 32694.65 MB total
[2017.08.22-20.41.44:677][  0]LogMemory: Virtual Memory: 730.05 MB used,  21518.30 MB free, 8388608.00 MB total
[2017.08.22-20.41.44:938][  0]LogInit: Using OS detected language (en-US).
[2017.08.22-20.41.44:938][  0]LogInit: Using OS detected locale (en-US).
[2017.08.22-20.41.44:944][  0]LogTextLocalizationManager: No specific localization for 'en-US' exists, so the 'en' localization will be used.
[2017.08.22-20.41.46:243][  0]LogD3D11RHI: D3D11 adapters:
[2017.08.22-20.41.47:147][  0]LogD3D11RHI:    0. 'NVIDIA GeForce GTX 1070' (Feature Level 11_0)
[2017.08.22-20.41.47:147][  0]LogD3D11RHI:       8085/0/16091 MB DedicatedVideo/DedicatedSystem/SharedSystem, Outputs:3, VendorId:0x10de
[2017.08.22-20.41.47:147][  0]LogD3D11RHI: Chosen D3D11 Adapter: 0
[2017.08.22-20.41.47:157][  0]LogD3D11RHI: Creating new Direct3DDevice
[2017.08.22-20.41.47:157][  0]LogD3D11RHI:     GPU DeviceId: 0x1b81 (for the marketing name, search the web for "GPU Device Id")
[2017.08.22-20.41.47:157][  0]LogWindows: EnumDisplayDevices:
[2017.08.22-20.41.47:157][  0]LogWindows:    0. 'NVIDIA GeForce GTX 1070' (P:1 D:1)
[2017.08.22-20.41.47:158][  0]LogWindows:    1. 'NVIDIA GeForce GTX 1070' (P:0 D:1)
[2017.08.22-20.41.47:158][  0]LogWindows:    2. 'NVIDIA GeForce GTX 1070' (P:0 D:1)
[2017.08.22-20.41.47:158][  0]LogWindows:    3. 'NVIDIA GeForce GTX 1070' (P:0 D:0)
[2017.08.22-20.41.47:159][  0]LogWindows:    4. 'RDPDD Chained DD' (P:0 D:0)
[2017.08.22-20.41.47:159][  0]LogWindows:    5. 'RDP Encoder Mirror Driver' (P:0 D:0)
[2017.08.22-20.41.47:159][  0]LogWindows:    6. 'RDP Reflector Display Driver' (P:0 D:0)
[2017.08.22-20.41.47:160][  0]LogWindows:    7. 'DameWare Development Mirror Driver 64-bit' (P:0 D:0)
[2017.08.22-20.41.47:160][  0]LogWindows: DebugString: GetVideoDriverDetailsInvalid PrimaryIsNotTheChoosenAdapter GetVideoDriverDetailsInvalid PrimaryIsNotTheChoosenAdapter GetVideoDriverDetailsInvalid PrimaryIsNotTheChoosenAdapter GetVideoDriverDetailsInvalid PrimaryIsNotTheChoosenAdapter FoundDriverCount:4 
[2017.08.22-20.41.47:160][  0]LogD3D11RHI:     Adapter Name: NVIDIA GeForce GTX 1070
[2017.08.22-20.41.47:160][  0]LogD3D11RHI:   Driver Version: 382.05 (internal:22.21.13.8205, unified:382.05)
[2017.08.22-20.41.47:160][  0]LogD3D11RHI:      Driver Date: 5-1-2017
[2017.08.22-20.41.47:160][  0]LogRHI: Texture pool is 1361 MB (70% of 1945 MB)
[2017.08.22-20.41.48:054][  0]LogD3D11RHI: Async texture creation enabled
[2017.08.22-20.41.48:106][  0]LogD3D11RHI: GPU Timing Frequency: 1000.000000 (Debug: 2 2)
[2017.08.22-20.41.48:198][  0]LogShaderCompilers: Guid format shader working directory is 2 characters bigger than the processId version (../../../../../UE4_Projects/SteamVRCameraExample/Intermediate/Shaders/WorkingDirectory/15300/).
[2017.08.22-20.41.48:198][  0]LogShaderCompilers: Cleaned the shader compiler working directory 'C:/Users/sam.deiter/AppData/Local/Temp/UnrealShaderWorkingDir/3136D0344EB870BB567128AE2A225284/'.
[2017.08.22-20.41.48:198][  0]LogShaderCompilers: Display: Using Local Shader Compiler.
[2017.08.22-20.41.49:852][  0]LogTemp: Display: Loaded TP AllDesktopTargetPlatform
[2017.08.22-20.41.49:929][  0]LogTemp: Display: Loaded TP MacClientTargetPlatform
[2017.08.22-20.41.50:006][  0]LogTemp: Display: Loaded TP MacNoEditorTargetPlatform
[2017.08.22-20.41.50:096][  0]LogTemp: Display: Loaded TP MacServerTargetPlatform
[2017.08.22-20.41.50:187][  0]LogTemp: Display: Loaded TP MacTargetPlatform
[2017.08.22-20.41.50:276][  0]LogTemp: Display: Loaded TP WindowsClientTargetPlatform
[2017.08.22-20.41.50:366][  0]LogTemp: Display: Loaded TP WindowsNoEditorTargetPlatform
[2017.08.22-20.41.50:455][  0]LogTemp: Display: Loaded TP WindowsServerTargetPlatform
[2017.08.22-20.41.50:530][  0]LogTemp: Display: Loaded TP WindowsTargetPlatform
[2017.08.22-20.41.50:617][  0]LogTemp: Display: Loaded TP AndroidTargetPlatform
[2017.08.22-20.41.50:695][  0]LogTemp: Display: Loaded TP Android_ASTCTargetPlatform
[2017.08.22-20.41.50:774][  0]LogTemp: Display: Loaded TP Android_ATCTargetPlatform
[2017.08.22-20.41.50:852][  0]LogTemp: Display: Loaded TP Android_DXTTargetPlatform
[2017.08.22-20.41.50:928][  0]LogTemp: Display: Loaded TP Android_ETC1TargetPlatform
[2017.08.22-20.41.51:004][  0]LogTemp: Display: Loaded TP Android_ETC2TargetPlatform
[2017.08.22-20.41.51:162][  0]LogTemp: Display: Loaded TP Android_MultiTargetPlatform
[2017.08.22-20.41.51:162][  0]LogTemp: Display: Loaded TP Android_PVRTCTargetPlatform
[2017.08.22-20.41.51:217][  0]LogTemp: Display: Loaded TP HTML5TargetPlatform
[2017.08.22-20.41.51:343][  0]LogTemp: Display: Loaded TP IOSTargetPlatform
[2017.08.22-20.41.51:386][  0]LogTemp: Display: Loaded TP TVOSTargetPlatform
[2017.08.22-20.41.51:460][  0]LogTemp: Display: Loaded TP LinuxClientTargetPlatform
[2017.08.22-20.41.51:536][  0]LogTemp: Display: Loaded TP LinuxNoEditorTargetPlatform
[2017.08.22-20.41.51:613][  0]LogTemp: Display: Loaded TP LinuxServerTargetPlatform
[2017.08.22-20.41.51:688][  0]LogTemp: Display: Loaded TP LinuxTargetPlatform
[2017.08.22-20.41.51:688][  0]LogTargetPlatformManager: Display: Building Assets For Windows
[2017.08.22-20.41.52:380][  0]LogDerivedDataCache: Display: Max Cache Size: 512 MB
[2017.08.22-20.41.52:542][  0]LogDerivedDataCache: Loaded boot cache 0.16s 93MB C:/Users/sam.deiter/AppData/Local/UnrealEngine/4.17/DerivedDataCache/Boot.ddc.
[2017.08.22-20.41.52:543][  0]LogDerivedDataCache: Display: Loaded Boot cache: C:/Users/sam.deiter/AppData/Local/UnrealEngine/4.17/DerivedDataCache/Boot.ddc
[2017.08.22-20.41.52:543][  0]LogDerivedDataCache: FDerivedDataBackendGraph:  Pak pak cache file ../../../../../UE4_Projects/SteamVRCameraExample/DerivedDataCache/DDC.ddp not found, will not use a pak cache.
[2017.08.22-20.41.52:543][  0]LogDerivedDataCache: Unable to find inner node Pak for hierarchical cache Hierarchy.
[2017.08.22-20.41.52:543][  0]LogDerivedDataCache: FDerivedDataBackendGraph:  CompressedPak pak cache file ../../../../../UE4_Projects/SteamVRCameraExample/DerivedDataCache/Compressed.ddp not found, will not use a pak cache.
[2017.08.22-20.41.52:543][  0]LogDerivedDataCache: Unable to find inner node CompressedPak for hierarchical cache Hierarchy.
[2017.08.22-20.41.52:580][  0]LogDerivedDataCache: Display: Pak cache opened for reading ../../../Engine/DerivedDataCache/Compressed.ddp.
[2017.08.22-20.41.52:592][  0]LogDerivedDataCache: Using Local data cache path C:/Users/sam.deiter/AppData/Local/UnrealEngine/Common/DerivedDataCache: Writable
[2017.08.22-20.41.52:612][  0]LogMaterial: Verifying Global Shaders for PCD3D_SM5
[2017.08.22-20.41.52:613][  0]LogSlate: Using Freetype 2.6.0
[2017.08.22-20.41.52:614][  0]LogSlate: SlateFontCache - WITH_FREETYPE: 1, WITH_HARFBUZZ: 1
[2017.08.22-20.41.52:614][  0]LogSlate: SlateFontCache - WITH_FREETYPE: 1, WITH_HARFBUZZ: 1
[2017.08.22-20.41.53:116][  0]LogAssetRegistry: FAssetRegistry took 0.0287 seconds to start up
[2017.08.22-20.41.53:405][  0]LogInit: Selected Device Profile: [Windows]
[2017.08.22-20.41.53:413][  0]LogContentStreaming: Texture pool size is 0.00 MB
[2017.08.22-20.41.54:018][  0]LogSimplygon: Simplygon DLL not present - disabling.
[2017.08.22-20.41.54:077][  0]LogMeshReduction: Using SimplygonSwarm for distributed automatic mesh merging
[2017.08.22-20.41.54:077][  0]LogMeshReduction: Using QuadricMeshReduction for automatic static mesh reduction
[2017.08.22-20.41.54:077][  0]LogMeshReduction: No automatic skeletal mesh reduction module available
[2017.08.22-20.41.54:077][  0]LogMeshReduction: No automatic mesh merging module available
[2017.08.22-20.41.54:077][  0]LogMeshMerging: No automatic mesh merging module available
[2017.08.22-20.41.54:742][  0]LogNetVersion: SteamVRCameraExample , NetCL: 3573198, EngineNetVer: 2, GameNetVer: 0 (Checksum: 3290616030)
[2017.08.22-20.41.55:050][  0]LogPackageLocalizationCache: Processed 5 localized package path(s) for 2 prioritized culture(s) in 0.044097 seconds
[2017.08.22-20.41.55:059][  0]LogUObjectArray: 35825 objects as part of root set at end of initial load.
[2017.08.22-20.41.55:059][  0]LogUObjectAllocator: 7529104 out of 0 bytes used by permanent object pool.
[2017.08.22-20.41.55:059][  0]LogUObjectArray: CloseDisregardForGC: 0/0 objects in disregard for GC pool
[2017.08.22-20.41.55:136][  0]LogInit: WinSock: version 1.1 (2.2), MaxSocks=32767, MaxUdp=65467
[2017.08.22-20.41.59:108][  0]LogTcpMessaging: Initializing TcpMessaging bridge
[2017.08.22-20.41.59:160][  0]LogUdpMessaging: Initializing bridge on interface 0.0.0.0:0 to multicast group 230.0.0.1:6666.
[2017.08.22-20.42.00:100][  0]LogMaterial: Uniform references updated for custom material expression Custom.
[2017.08.22-20.42.00:728][  0]SourceControl: Source control is disabled
[2017.08.22-20.42.00:728][  0]SourceControl: Source control is disabled
[2017.08.22-20.42.00:801][  0]SourceControl: Source control is disabled
[2017.08.22-20.42.00:875][  0]SourceControl: Source control is disabled
[2017.08.22-20.42.01:735][  0]LogAndroidPermission: UAndroidPermissionCallbackProxy::GetInstance
[2017.08.22-20.42.02:100][  0]LogOcInput: OculusInput pre-init called
[2017.08.22-20.42.02:482][  0]LogEngine: Initializing Engine...
[2017.08.22-20.42.03:632][  0]LogHMD: SteamVR initialized.  Driver: lighthouse  Display: LHR-81CA8D3B
[2017.08.22-20.42.04:017][  0]LogStats: UGameplayTagsManager::ConstructGameplayTagTree: Construct from data asset -  0.000 s
[2017.08.22-20.42.04:017][  0]LogStats: UGameplayTagsManager::ConstructGameplayTagTree: GameplayTagTreeChangedEvent.Broadcast -  0.000 s
[2017.08.22-20.42.04:193][  0]LogAIModule: Creating AISystem for world Untitled
[2017.08.22-20.42.04:233][  0]LogInit: XAudio2 using 'Speakers (Realtek High Definition Audio)' : 2 channels at 48 kHz using 32 bits per sample (channel mask 0x3)
[2017.08.22-20.42.04:252][  0]LogInit: FAudioDevice initialized.
[2017.08.22-20.42.04:539][  0]LogDerivedDataCache: Saved boot cache 0.29s 93MB C:/Users/sam.deiter/AppData/Local/UnrealEngine/4.17/DerivedDataCache/Boot.ddc.
[2017.08.22-20.42.04:566][  0]LogInit: Texture streaming: Enabled
[2017.08.22-20.42.04:718][  0]LogEngineSessionManager: EngineSessionManager initialized
[2017.08.22-20.42.05:026][  0]LogInit: Transaction tracking system initialized
[2017.08.22-20.42.05:463][  0]BlueprintLog: New page: Editor Load
[2017.08.22-20.42.06:710][  0]LocalizationService: Localization service is disabled
[2017.08.22-20.42.08:079][  0]LogConsoleResponse: Display: 
[2017.08.22-20.42.08:353][  0]LogCook: Display: Max memory allowance for cook 16384mb min free memory 0mb
[2017.08.22-20.42.08:353][  0]LogCook: Display: Mobile HDR setting 1
[2017.08.22-20.42.08:353][  0]LogFileCache: Scanning file cache for directory 'D:/UE4_Projects/SteamVRCameraExample/Content/' took 0.01s
[2017.08.22-20.42.08:353][  0]LogGameplayTags: Display: UGameplayTagsManager::DoneAddingNativeTags. DelegateIsBound: 0
[2017.08.22-20.42.09:868][  0]SourceControl: Source control is disabled
[2017.08.22-20.42.09:869][  0]Cmd: MAP LOAD FILE="../../../Engine/Content/Maps/Templates/Template_Default.umap" TEMPLATE=1 SHOWPROGRESS=1 FEATURELEVEL=3
[2017.08.22-20.42.09:870][  0]LightingResults: New page: Lighting Build
[2017.08.22-20.42.09:926][  0]MapCheck: New page: Map Check
[2017.08.22-20.42.09:926][  0]LightingResults: New page: Lighting Build
[2017.08.22-20.42.10:326][  0]LogAIModule: Creating AISystem for world Untitled_1
[2017.08.22-20.42.10:334][  0]LogEditorServer: Finished looking for orphan Actors (0.000 secs)
[2017.08.22-20.42.10:386][  0]Cmd: MAP CHECKDEP NOCLEARLOG
[2017.08.22-20.42.10:455][  0]MapCheck: Map check complete: 0 Error(s), 0 Warning(s), took 68.897ms to complete.
[2017.08.22-20.42.10:455][  0]LogFileHelpers: Loading map 'Template_Default' took 0.586
[2017.08.22-20.42.10:826][  0]LogCollectionManager: Loaded 0 collections in 0.003494 seconds
[2017.08.22-20.42.10:968][  0]LogFileCache: Scanning file cache for directory 'D:/UE4_Projects/SteamVRCameraExample/Saved/Collections/' took 0.01s
[2017.08.22-20.42.10:968][  0]LogFileCache: Scanning file cache for directory 'D:/UE4_Projects/SteamVRCameraExample/Content/Developers/SamDeiter/Collections/' took 0.01s
[2017.08.22-20.42.10:968][  0]LogFileCache: Scanning file cache for directory 'D:/UE4_Projects/SteamVRCameraExample/Content/Collections/' took 0.01s
[2017.08.22-20.42.10:968][  0]LogCollectionManager: Rebuilt the GUID cache for 0 collections in 0.000001 seconds
[2017.08.22-20.42.10:985][  0]LogContentBrowser: Native class hierarchy populated in 0.0171 seconds. Added 2386 classes and 500 folders.
[2017.08.22-20.42.11:071][  0]LogContentBrowser: Native class hierarchy updated for 'WidgetCarousel' in 0.0011 seconds. Added 0 classes and 0 folders.
[2017.08.22-20.42.11:134][  0]LogContentBrowser: Native class hierarchy updated for 'AddContentDialog' in 0.0011 seconds. Added 0 classes and 0 folders.
[2017.08.22-20.42.11:201][  0]LogContentBrowser: Native class hierarchy updated for 'SceneOutliner' in 0.0012 seconds. Added 1 classes and 2 folders.
[2017.08.22-20.42.11:424][  0]LogContentBrowser: Native class hierarchy updated for 'HierarchicalLODOutliner' in 0.0013 seconds. Added 1 classes and 2 folders.
[2017.08.22-20.42.11:424][  0]LogLoad: (Engine Initialization) Total time: 30.69 seconds
[2017.08.22-20.42.11:424][  0]LogLoad: (Engine Initialization) Total Blueprint compile time: 0.00 seconds
[2017.08.22-20.42.11:425][  0]LogExternalProfiler: Found external profiler: VSPerf
[2017.08.22-20.42.11:425][  0]LogExternalProfiler: Using external profiler: VSPerf
[2017.08.22-20.42.11:456][  0]LogContentStreaming: Texture pool size now 1000 MB
[2017.08.22-20.42.11:458][  0]LogSlate: Took 0.000339 seconds to synchronously load lazily loaded font '../../../Engine/Content/Slate/Fonts/Roboto-Regular.ttf' (155K)
[2017.08.22-20.42.11:465][  0]LogSlate: Took 0.000252 seconds to synchronously load lazily loaded font '../../../Engine/Content/Slate/Fonts/Roboto-Bold.ttf' (160K)
[2017.08.22-20.42.11:471][  0]LogSlate: Took 0.000223 seconds to synchronously load lazily loaded font '../../../Engine/Content/Editor/Slate/Fonts/FontAwesome.ttf' (139K)
[2017.08.22-20.42.11:689][  1]LogAssetRegistry: Asset discovery search completed in 18.5929 seconds
[2017.08.22-20.42.11:692][  1]LogCollectionManager: Rebuilt the object cache for 0 collections in 0.000002 seconds (found 0 objects)
[2017.08.22-20.42.11:692][  1]LogCollectionManager: Fixed up redirectors for 0 collections in 0.000088 seconds (updated 0 objects)
[2017.08.22-20.42.11:725][  2]LogRenderer: Reallocating scene render targets to support 808x324 Format 10 NumSamples 1 (Frame:1).
[2017.08.22-20.42.12:507][ 65]LogSlate: Took 0.000350 seconds to synchronously load lazily loaded font '../../../Engine/Content/Slate/Fonts/Roboto-Light.ttf' (159K)
[2017.08.22-20.42.16:951][528]LogSlate: Took 0.000334 seconds to synchronously load lazily loaded font '../../../Engine/Content/Slate/Fonts/Roboto-Light.ttf' (159K)
[2017.08.22-20.42.17:647][528]LogContentBrowser: Native class hierarchy updated for 'BlueprintGraph' in 0.0017 seconds. Added 113 classes and 0 folders.
[2017.08.22-20.42.19:184][528]LogSlate: Took 0.000332 seconds to synchronously load lazily loaded font '../../../Engine/Content/Editor/Slate/Fonts/Roboto-BoldCondensed.ttf' (158K)
[2017.08.22-20.42.19:316][529]LogSlate: Took 0.000311 seconds to synchronously load lazily loaded font '../../../Engine/Content/Editor/Slate/Fonts/Roboto-Italic.ttf' (157K)
[2017.08.22-20.42.19:727][542]LogAIModule: Creating AISystem for world SteamVRSitting_Pawn_Example
[2017.08.22-20.42.19:811][542]Cmd: MAP LOAD FILE="../../../../../UE4_Projects/SteamVRCameraExample/Content/SteamVRSitting_Pawn_Example.umap" TEMPLATE=0 SHOWPROGRESS=1 FEATURELEVEL=3
[2017.08.22-20.42.19:812][542]LightingResults: New page: Lighting Build
[2017.08.22-20.42.19:813][542]LoadErrors: New page: Loading map: SteamVRSitting_Pawn_Example.umap
[2017.08.22-20.42.19:814][542]MapCheck: New page: Map Check
[2017.08.22-20.42.19:814][542]LightingResults: New page: Lighting Build
[2017.08.22-20.42.19:989][542]LogEditorServer: Finished looking for orphan Actors (0.000 secs)
[2017.08.22-20.42.20:081][542]Cmd: MAP CHECKDEP NOCLEARLOG
[2017.08.22-20.42.20:155][542]MapCheck: Map check complete: 0 Error(s), 0 Warning(s), took 74.133ms to complete.
[2017.08.22-20.42.20:155][542]LogFileHelpers: Loading map 'SteamVRSitting_Pawn_Example' took 0.345
[2017.08.22-20.42.23:551][728]LogPlayLevel: PlayLevel: No blueprints needed recompiling
[2017.08.22-20.42.23:552][728]PIE: New page: PIE session: SteamVRSitting_Pawn_Example (Aug 22, 2017, 12:42:23 PM)
[2017.08.22-20.42.23:552][728]LogPlayLevel: Creating play world package: /Game/UEDPIE_0_SteamVRSitting_Pawn_Example
[2017.08.22-20.42.23:557][728]LogPlayLevel: PIE: StaticDuplicateObject took: (0.005234s)
[2017.08.22-20.42.23:558][728]LogAIModule: Creating AISystem for world SteamVRSitting_Pawn_Example
[2017.08.22-20.42.23:559][728]LogPlayLevel: PIE: World Init took: (0.001382s)
[2017.08.22-20.42.23:559][728]LogPlayLevel: PIE: Created PIE world by copying editor world from /Game/SteamVRSitting_Pawn_Example.SteamVRSitting_Pawn_Example to /Game/UEDPIE_0_SteamVRSitting_Pawn_Example.SteamVRSitting_Pawn_Example (0.007036s)
[2017.08.22-20.42.23:643][728]LogInit: XAudio2 using 'Speakers (Realtek High Definition Audio)' : 2 channels at 48 kHz using 32 bits per sample (channel mask 0x3)
[2017.08.22-20.42.23:658][728]LogInit: FAudioDevice initialized.
[2017.08.22-20.42.24:040][728]LogLoad: Game class is 'GameModeBase'
[2017.08.22-20.42.24:044][728]LogWorld: Bringing World /Game/UEDPIE_0_SteamVRSitting_Pawn_Example.SteamVRSitting_Pawn_Example up for play (max tick rate 0) at 2017.08.22-16.42.24
[2017.08.22-20.42.24:045][728]LogWorld: Bringing up level for play took: 0.002222
[2017.08.22-20.42.24:103][728]LogContentBrowser: Native class hierarchy updated for 'MovieSceneCapture' in 0.0012 seconds. Added 11 classes and 0 folders.
[2017.08.22-20.42.24:117][728]PIE: Play in editor start time for /Game/UEDPIE_0_SteamVRSitting_Pawn_Example 0.323
[2017.08.22-20.42.24:185][729]LogRenderer: Reallocating scene render targets to support 3024x1680 Format 10 NumSamples 1 (Frame:1).
[2017.08.22-20.42.45:644][354]LogTemp: Repeating last play command: VR Preview
[2017.08.22-20.42.45:659][354]LogPlayLevel: PlayLevel: No blueprints needed recompiling
[2017.08.22-20.42.45:660][354]PIE: New page: PIE session: SteamVRSitting_Pawn_Example (Aug 22, 2017, 12:42:45 PM)
[2017.08.22-20.42.45:660][354]LogPlayLevel: Creating play world package: /Game/UEDPIE_0_SteamVRSitting_Pawn_Example
[2017.08.22-20.42.45:665][354]LogPlayLevel: PIE: StaticDuplicateObject took: (0.004899s)
[2017.08.22-20.42.45:666][354]LogAIModule: Creating AISystem for world SteamVRSitting_Pawn_Example
[2017.08.22-20.42.45:666][354]LogPlayLevel: PIE: World Init took: (0.001189s)
[2017.08.22-20.42.45:666][354]LogPlayLevel: PIE: Created PIE world by copying editor world from /Game/SteamVRSitting_Pawn_Example.SteamVRSitting_Pawn_Example to /Game/UEDPIE_0_SteamVRSitting_Pawn_Example.SteamVRSitting_Pawn_Example (0.006517s)
[2017.08.22-20.42.45:752][354]LogInit: XAudio2 using 'Speakers (Realtek High Definition Audio)' : 2 channels at 48 kHz using 32 bits per sample (channel mask 0x3)
[2017.08.22-20.42.45:765][354]LogInit: FAudioDevice initialized.
[2017.08.22-20.42.45:997][354]LogLoad: Game class is 'GameModeBase'
[2017.08.22-20.42.46:000][354]LogWorld: Bringing World /Game/UEDPIE_0_SteamVRSitting_Pawn_Example.SteamVRSitting_Pawn_Example up for play (max tick rate 0) at 2017.08.22-16.42.46
[2017.08.22-20.42.46:001][354]LogWorld: Bringing up level for play took: 0.002003
[2017.08.22-20.42.46:013][354]PIE: Play in editor start time for /Game/UEDPIE_0_SteamVRSitting_Pawn_Example 0.219
[2017.08.22-20.43.31:666][170]BlueprintLog: New page: Compile SteamVR_Pawn_Sitting
[2017.08.22-20.43.32:579][194]LogTemp: Repeating last play command: VR Preview
[2017.08.22-20.43.32:594][194]LogPlayLevel: PlayLevel: No blueprints needed recompiling
[2017.08.22-20.43.32:594][194]PIE: New page: PIE session: SteamVRSitting_Pawn_Example (Aug 22, 2017, 12:43:32 PM)
[2017.08.22-20.43.32:594][194]LogPlayLevel: Creating play world package: /Game/UEDPIE_0_SteamVRSitting_Pawn_Example
[2017.08.22-20.43.32:600][194]LogPlayLevel: PIE: StaticDuplicateObject took: (0.005381s)
[2017.08.22-20.43.32:601][194]LogAIModule: Creating AISystem for world SteamVRSitting_Pawn_Example
[2017.08.22-20.43.32:601][194]LogPlayLevel: PIE: World Init took: (0.001243s)
[2017.08.22-20.43.32:601][194]LogPlayLevel: PIE: Created PIE world by copying editor world from /Game/SteamVRSitting_Pawn_Example.SteamVRSitting_Pawn_Example to /Game/UEDPIE_0_SteamVRSitting_Pawn_Example.SteamVRSitting_Pawn_Example (0.007051s)
[2017.08.22-20.43.32:685][194]LogInit: XAudio2 using 'Speakers (Realtek High Definition Audio)' : 2 channels at 48 kHz using 32 bits per sample (channel mask 0x3)
[2017.08.22-20.43.32:699][194]LogInit: FAudioDevice initialized.
[2017.08.22-20.43.32:925][194]LogLoad: Game class is 'GameModeBase'
[2017.08.22-20.43.32:927][194]LogWorld: Bringing World /Game/UEDPIE_0_SteamVRSitting_Pawn_Example.SteamVRSitting_Pawn_Example up for play (max tick rate 0) at 2017.08.22-16.43.32
[2017.08.22-20.43.32:928][194]LogWorld: Bringing up level for play took: 0.001897
[2017.08.22-20.43.32:940][194]PIE: Play in editor start time for /Game/UEDPIE_0_SteamVRSitting_Pawn_Example 1.142
[2017.08.22-20.43.45:190][ 90]LogTemp: Repeating last play command: VR Preview
[2017.08.22-20.43.45:205][ 90]BlueprintLog: New page: Pre-Play auto-recompile
[2017.08.22-20.43.45:211][ 90]LogPlayLevel: [PlayLevel] Compiling SteamVR_Pawn_Sitting before play...
[2017.08.22-20.43.45:688][ 90]LogPlayLevel: PlayLevel: Blueprint regeneration took 482 ms (1 blueprints)
[2017.08.22-20.43.45:688][ 90]PIE: New page: PIE session: SteamVRSitting_Pawn_Example (Aug 22, 2017, 12:43:45 PM)
[2017.08.22-20.43.45:688][ 90]LogPlayLevel: Creating play world package: /Game/UEDPIE_0_SteamVRSitting_Pawn_Example
[2017.08.22-20.43.45:693][ 90]LogPlayLevel: PIE: StaticDuplicateObject took: (0.005103s)
[2017.08.22-20.43.45:694][ 90]LogAIModule: Creating AISystem for world SteamVRSitting_Pawn_Example
[2017.08.22-20.43.45:695][ 90]LogPlayLevel: PIE: World Init took: (0.001219s)
[2017.08.22-20.43.45:695][ 90]LogPlayLevel: PIE: Created PIE world by copying editor world from /Game/SteamVRSitting_Pawn_Example.SteamVRSitting_Pawn_Example to /Game/UEDPIE_0_SteamVRSitting_Pawn_Example.SteamVRSitting_Pawn_Example (0.006746s)
[2017.08.22-20.43.45:779][ 90]LogInit: XAudio2 using 'Speakers (Realtek High Definition Audio)' : 2 channels at 48 kHz using 32 bits per sample (channel mask 0x3)
[2017.08.22-20.43.45:792][ 90]LogInit: FAudioDevice initialized.
[2017.08.22-20.43.46:019][ 90]LogLoad: Game class is 'GameModeBase'
[2017.08.22-20.43.46:021][ 90]LogWorld: Bringing World /Game/UEDPIE_0_SteamVRSitting_Pawn_Example.SteamVRSitting_Pawn_Example up for play (max tick rate 0) at 2017.08.22-16.43.46
[2017.08.22-20.43.46:022][ 90]LogWorld: Bringing up level for play took: 0.001990
[2017.08.22-20.43.46:035][ 90]PIE: Play in editor start time for /Game/UEDPIE_0_SteamVRSitting_Pawn_Example 0.237
[2017.08.22-20.44.29:855][810]BlueprintLog: New page: Compile SteamVR_Pawn_Sitting
[2017.08.22-20.44.34:557][ 88]LogTemp: Repeating last play command: VR Preview
[2017.08.22-20.44.34:572][ 88]LogPlayLevel: PlayLevel: No blueprints needed recompiling
[2017.08.22-20.44.34:573][ 88]PIE: New page: PIE session: SteamVRSitting_Pawn_Example (Aug 22, 2017, 12:44:34 PM)
[2017.08.22-20.44.34:573][ 88]LogPlayLevel: Creating play world package: /Game/UEDPIE_0_SteamVRSitting_Pawn_Example
[2017.08.22-20.44.34:578][ 88]LogPlayLevel: PIE: StaticDuplicateObject took: (0.005247s)
[2017.08.22-20.44.34:579][ 88]LogAIModule: Creating AISystem for world SteamVRSitting_Pawn_Example
[2017.08.22-20.44.34:580][ 88]LogPlayLevel: PIE: World Init took: (0.001263s)
[2017.08.22-20.44.34:580][ 88]LogPlayLevel: PIE: Created PIE world by copying editor world from /Game/SteamVRSitting_Pawn_Example.SteamVRSitting_Pawn_Example to /Game/UEDPIE_0_SteamVRSitting_Pawn_Example.SteamVRSitting_Pawn_Example (0.006939s)
[2017.08.22-20.44.34:662][ 88]LogInit: XAudio2 using 'Speakers (Realtek High Definition Audio)' : 2 channels at 48 kHz using 32 bits per sample (channel mask 0x3)
[2017.08.22-20.44.34:677][ 88]LogInit: FAudioDevice initialized.
[2017.08.22-20.44.34:913][ 88]LogLoad: Game class is 'GameModeBase'
[2017.08.22-20.44.34:916][ 88]LogWorld: Bringing World /Game/UEDPIE_0_SteamVRSitting_Pawn_Example.SteamVRSitting_Pawn_Example up for play (max tick rate 0) at 2017.08.22-16.44.34
[2017.08.22-20.44.34:917][ 88]LogWorld: Bringing up level for play took: 0.002096
[2017.08.22-20.44.34:929][ 88]PIE: Play in editor start time for /Game/UEDPIE_0_SteamVRSitting_Pawn_Example 1.128
[2017.08.22-20.44.50:858][339]BlueprintLog: New page: Compile SteamVR_Pawn_Sitting
[2017.08.22-20.44.53:345][486]LogTemp: Repeating last play command: VR Preview
[2017.08.22-20.44.53:360][486]LogPlayLevel: PlayLevel: No blueprints needed recompiling
[2017.08.22-20.44.53:360][486]PIE: New page: PIE session: SteamVRSitting_Pawn_Example (Aug 22, 2017, 12:44:53 PM)
[2017.08.22-20.44.53:360][486]LogPlayLevel: Creating play world package: /Game/UEDPIE_0_SteamVRSitting_Pawn_Example
[2017.08.22-20.44.53:365][486]LogPlayLevel: PIE: StaticDuplicateObject took: (0.005075s)
[2017.08.22-20.44.53:366][486]LogAIModule: Creating AISystem for world SteamVRSitting_Pawn_Example
[2017.08.22-20.44.53:366][486]LogPlayLevel: PIE: World Init took: (0.001182s)
[2017.08.22-20.44.53:367][486]LogPlayLevel: PIE: Created PIE world by copying editor world from /Game/SteamVRSitting_Pawn_Example.SteamVRSitting_Pawn_Example to /Game/UEDPIE_0_SteamVRSitting_Pawn_Example.SteamVRSitting_Pawn_Example (0.006668s)
[2017.08.22-20.44.53:449][486]LogInit: XAudio2 using 'Speakers (Realtek High Definition Audio)' : 2 channels at 48 kHz using 32 bits per sample (channel mask 0x3)
[2017.08.22-20.44.53:464][486]LogInit: FAudioDevice initialized.
[2017.08.22-20.44.53:696][486]LogLoad: Game class is 'GameModeBase'
[2017.08.22-20.44.53:699][486]LogWorld: Bringing World /Game/UEDPIE_0_SteamVRSitting_Pawn_Example.SteamVRSitting_Pawn_Example up for play (max tick rate 0) at 2017.08.22-16.44.53
[2017.08.22-20.44.53:699][486]LogWorld: Bringing up level for play took: 0.001892
[2017.08.22-20.44.53:711][486]PIE: Play in editor start time for /Game/UEDPIE_0_SteamVRSitting_Pawn_Example -0.091
[2017.08.22-20.45.05:142][376]BlueprintLog: New page: Compile SteamVR_Pawn_Sitting
[2017.08.22-20.45.07:389][503]LogTemp: Repeating last play command: VR Preview
[2017.08.22-20.45.07:404][503]LogPlayLevel: PlayLevel: No blueprints needed recompiling
[2017.08.22-20.45.07:404][503]PIE: New page: PIE session: SteamVRSitting_Pawn_Example (Aug 22, 2017, 12:45:07 PM)
[2017.08.22-20.45.07:404][503]LogPlayLevel: Creating play world package: /Game/UEDPIE_0_SteamVRSitting_Pawn_Example
[2017.08.22-20.45.07:410][503]LogPlayLevel: PIE: StaticDuplicateObject took: (0.005360s)
[2017.08.22-20.45.07:411][503]LogAIModule: Creating AISystem for world SteamVRSitting_Pawn_Example
[2017.08.22-20.45.07:411][503]LogPlayLevel: PIE: World Init took: (0.001181s)
[2017.08.22-20.45.07:411][503]LogPlayLevel: PIE: Created PIE world by copying editor world from /Game/SteamVRSitting_Pawn_Example.SteamVRSitting_Pawn_Example to /Game/UEDPIE_0_SteamVRSitting_Pawn_Example.SteamVRSitting_Pawn_Example (0.006950s)
[2017.08.22-20.45.07:494][503]LogInit: XAudio2 using 'Speakers (Realtek High Definition Audio)' : 2 channels at 48 kHz using 32 bits per sample (channel mask 0x3)
[2017.08.22-20.45.07:509][503]LogInit: FAudioDevice initialized.
[2017.08.22-20.45.07:738][503]LogLoad: Game class is 'GameModeBase'
[2017.08.22-20.45.07:741][503]LogWorld: Bringing World /Game/UEDPIE_0_SteamVRSitting_Pawn_Example.SteamVRSitting_Pawn_Example up for play (max tick rate 0) at 2017.08.22-16.45.07
[2017.08.22-20.45.07:741][503]LogWorld: Bringing up level for play took: 0.001930
[2017.08.22-20.45.07:754][503]PIE: Play in editor start time for /Game/UEDPIE_0_SteamVRSitting_Pawn_Example -0.048
[2017.08.22-20.46.09:788][655]BlueprintLog: New page: Compile SteamVR_Pawn_Sitting
[2017.08.22-20.46.10:927][692]LogTemp: Repeating last play command: VR Preview
[2017.08.22-20.46.10:942][692]LogPlayLevel: PlayLevel: No blueprints needed recompiling
[2017.08.22-20.46.10:943][692]PIE: New page: PIE session: SteamVRSitting_Pawn_Example (Aug 22, 2017, 12:46:10 PM)
[2017.08.22-20.46.10:943][692]LogPlayLevel: Creating play world package: /Game/UEDPIE_0_SteamVRSitting_Pawn_Example
[2017.08.22-20.46.10:948][692]LogPlayLevel: PIE: StaticDuplicateObject took: (0.005019s)
[2017.08.22-20.46.10:949][692]LogAIModule: Creating AISystem for world SteamVRSitting_Pawn_Example
[2017.08.22-20.46.10:949][692]LogPlayLevel: PIE: World Init took: (0.001391s)
[2017.08.22-20.46.10:950][692]LogPlayLevel: PIE: Created PIE world by copying editor world from /Game/SteamVRSitting_Pawn_Example.SteamVRSitting_Pawn_Example to /Game/UEDPIE_0_SteamVRSitting_Pawn_Example.SteamVRSitting_Pawn_Example (0.006884s)
[2017.08.22-20.46.11:031][692]LogInit: XAudio2 using 'Speakers (Realtek High Definition Audio)' : 2 channels at 48 kHz using 32 bits per sample (channel mask 0x3)
[2017.08.22-20.46.11:045][692]LogInit: FAudioDevice initialized.
[2017.08.22-20.46.11:274][692]LogLoad: Game class is 'GameModeBase'
[2017.08.22-20.46.11:277][692]LogWorld: Bringing World /Game/UEDPIE_0_SteamVRSitting_Pawn_Example.SteamVRSitting_Pawn_Example up for play (max tick rate 0) at 2017.08.22-16.46.11
[2017.08.22-20.46.11:277][692]LogWorld: Bringing up level for play took: 0.002089
[2017.08.22-20.46.11:290][692]PIE: Play in editor start time for /Game/UEDPIE_0_SteamVRSitting_Pawn_Example -0.517
[2017.08.22-20.46.29:680][149]LogTemp: Repeating last play command: VR Preview
[2017.08.22-20.46.29:695][149]BlueprintLog: New page: Pre-Play auto-recompile
[2017.08.22-20.46.29:701][149]LogPlayLevel: [PlayLevel] Compiling SteamVR_Pawn_Sitting before play...
[2017.08.22-20.46.30:177][149]LogPlayLevel: PlayLevel: Blueprint regeneration took 482 ms (1 blueprints)
[2017.08.22-20.46.30:178][149]PIE: New page: PIE session: SteamVRSitting_Pawn_Example (Aug 22, 2017, 12:46:30 PM)
[2017.08.22-20.46.30:178][149]LogPlayLevel: Creating play world package: /Game/UEDPIE_0_SteamVRSitting_Pawn_Example
[2017.08.22-20.46.30:184][149]LogPlayLevel: PIE: StaticDuplicateObject took: (0.005479s)
[2017.08.22-20.46.30:185][149]LogAIModule: Creating AISystem for world SteamVRSitting_Pawn_Example
[2017.08.22-20.46.30:185][149]LogPlayLevel: PIE: World Init took: (0.001298s)
[2017.08.22-20.46.30:185][149]LogPlayLevel: PIE: Created PIE world by copying editor world from /Game/SteamVRSitting_Pawn_Example.SteamVRSitting_Pawn_Example to /Game/UEDPIE_0_SteamVRSitting_Pawn_Example.SteamVRSitting_Pawn_Example (0.007198s)
[2017.08.22-20.46.30:271][149]LogInit: XAudio2 using 'Speakers (Realtek High Definition Audio)' : 2 channels at 48 kHz using 32 bits per sample (channel mask 0x3)
[2017.08.22-20.46.30:286][149]LogInit: FAudioDevice initialized.
[2017.08.22-20.46.30:516][149]LogLoad: Game class is 'GameModeBase'
[2017.08.22-20.46.30:519][149]LogWorld: Bringing World /Game/UEDPIE_0_SteamVRSitting_Pawn_Example.SteamVRSitting_Pawn_Example up for play (max tick rate 0) at 2017.08.22-16.46.30
[2017.08.22-20.46.30:519][149]LogWorld: Bringing up level for play took: 0.002086
[2017.08.22-20.46.30:532][149]PIE: Play in editor start time for /Game/UEDPIE_0_SteamVRSitting_Pawn_Example 0.724
[2017.08.22-20.46.35:923][500]LogTemp: Repeating last play command: VR Preview
[2017.08.22-20.46.35:937][500]BlueprintLog: New page: Pre-Play auto-recompile
[2017.08.22-20.46.35:943][500]LogPlayLevel: [PlayLevel] Compiling SteamVR_Pawn_Sitting before play...
[2017.08.22-20.46.36:421][500]LogPlayLevel: PlayLevel: Blueprint regeneration took 483 ms (1 blueprints)
[2017.08.22-20.46.36:422][500]PIE: New page: PIE session: SteamVRSitting_Pawn_Example (Aug 22, 2017, 12:46:36 PM)
[2017.08.22-20.46.36:422][500]LogPlayLevel: Creating play world package: /Game/UEDPIE_0_SteamVRSitting_Pawn_Example
[2017.08.22-20.46.36:427][500]LogPlayLevel: PIE: StaticDuplicateObject took: (0.005205s)
[2017.08.22-20.46.36:428][500]LogAIModule: Creating AISystem for world SteamVRSitting_Pawn_Example
[2017.08.22-20.46.36:428][500]LogPlayLevel: PIE: World Init took: (0.001212s)
[2017.08.22-20.46.36:429][500]LogPlayLevel: PIE: Created PIE world by copying editor world from /Game/SteamVRSitting_Pawn_Example.SteamVRSitting_Pawn_Example to /Game/UEDPIE_0_SteamVRSitting_Pawn_Example.SteamVRSitting_Pawn_Example (0.006848s)
[2017.08.22-20.46.36:508][500]LogInit: XAudio2 using 'Speakers (Realtek High Definition Audio)' : 2 channels at 48 kHz using 32 bits per sample (channel mask 0x3)
[2017.08.22-20.46.36:523][500]LogInit: FAudioDevice initialized.
[2017.08.22-20.46.36:755][500]LogLoad: Game class is 'GameModeBase'
[2017.08.22-20.46.36:758][500]LogWorld: Bringing World /Game/UEDPIE_0_SteamVRSitting_Pawn_Example.SteamVRSitting_Pawn_Example up for play (max tick rate 0) at 2017.08.22-16.46.36
[2017.08.22-20.46.36:758][500]LogWorld: Bringing up level for play took: 0.002042
[2017.08.22-20.46.36:771][500]PIE: Play in editor start time for /Game/UEDPIE_0_SteamVRSitting_Pawn_Example 0.963
[2017.08.22-20.46.41:632][825]BlueprintLog: New page: Compile SteamVR_Pawn_Sitting
[2017.08.22-20.46.42:696][861]LogTemp: Repeating last play command: VR Preview
[2017.08.22-20.46.42:711][861]LogPlayLevel: PlayLevel: No blueprints needed recompiling
[2017.08.22-20.46.42:711][861]PIE: New page: PIE session: SteamVRSitting_Pawn_Example (Aug 22, 2017, 12:46:42 PM)
[2017.08.22-20.46.42:711][861]LogPlayLevel: Creating play world package: /Game/UEDPIE_0_SteamVRSitting_Pawn_Example
[2017.08.22-20.46.42:716][861]LogPlayLevel: PIE: StaticDuplicateObject took: (0.005078s)
[2017.08.22-20.46.42:717][861]LogAIModule: Creating AISystem for world SteamVRSitting_Pawn_Example
[2017.08.22-20.46.42:717][861]LogPlayLevel: PIE: World Init took: (0.001159s)
[2017.08.22-20.46.42:718][861]LogPlayLevel: PIE: Created PIE world by copying editor world from /Game/SteamVRSitting_Pawn_Example.SteamVRSitting_Pawn_Example to /Game/UEDPIE_0_SteamVRSitting_Pawn_Example.SteamVRSitting_Pawn_Example (0.006657s)
[2017.08.22-20.46.42:804][861]LogInit: XAudio2 using 'Speakers (Realtek High Definition Audio)' : 2 channels at 48 kHz using 32 bits per sample (channel mask 0x3)
[2017.08.22-20.46.42:818][861]LogInit: FAudioDevice initialized.
[2017.08.22-20.46.43:051][861]LogLoad: Game class is 'GameModeBase'
[2017.08.22-20.46.43:053][861]LogWorld: Bringing World /Game/UEDPIE_0_SteamVRSitting_Pawn_Example.SteamVRSitting_Pawn_Example up for play (max tick rate 0) at 2017.08.22-16.46.43
[2017.08.22-20.46.43:054][861]LogWorld: Bringing up level for play took: 0.001921
[2017.08.22-20.46.43:067][861]PIE: Play in editor start time for /Game/UEDPIE_0_SteamVRSitting_Pawn_Example 1.258
[2017.08.22-20.46.56:100][889]BlueprintLog: New page: Compile SteamVR_Pawn_Sitting
[2017.08.22-20.46.57:531][950]LogTemp: Repeating last play command: VR Preview
[2017.08.22-20.46.57:547][950]LogPlayLevel: PlayLevel: No blueprints needed recompiling
[2017.08.22-20.46.57:547][950]PIE: New page: PIE session: SteamVRSitting_Pawn_Example (Aug 22, 2017, 12:46:57 PM)
[2017.08.22-20.46.57:547][950]LogPlayLevel: Creating play world package: /Game/UEDPIE_0_SteamVRSitting_Pawn_Example
[2017.08.22-20.46.57:552][950]LogPlayLevel: PIE: StaticDuplicateObject took: (0.004857s)
[2017.08.22-20.46.57:553][950]LogAIModule: Creating AISystem for world SteamVRSitting_Pawn_Example
[2017.08.22-20.46.57:553][950]LogPlayLevel: PIE: World Init took: (0.001224s)
[2017.08.22-20.46.57:554][950]LogPlayLevel: PIE: Created PIE world by copying editor world from /Game/SteamVRSitting_Pawn_Example.SteamVRSitting_Pawn_Example to /Game/UEDPIE_0_SteamVRSitting_Pawn_Example.SteamVRSitting_Pawn_Example (0.006511s)
[2017.08.22-20.46.57:640][950]LogInit: XAudio2 using 'Speakers (Realtek High Definition Audio)' : 2 channels at 48 kHz using 32 bits per sample (channel mask 0x3)
[2017.08.22-20.46.57:654][950]LogInit: FAudioDevice initialized.
[2017.08.22-20.46.57:883][950]LogLoad: Game class is 'GameModeBase'
[2017.08.22-20.46.57:885][950]LogWorld: Bringing World /Game/UEDPIE_0_SteamVRSitting_Pawn_Example.SteamVRSitting_Pawn_Example up for play (max tick rate 0) at 2017.08.22-16.46.57
[2017.08.22-20.46.57:886][950]LogWorld: Bringing up level for play took: 0.001978
[2017.08.22-20.46.57:899][950]PIE: Play in editor start time for /Game/UEDPIE_0_SteamVRSitting_Pawn_Example 0.09
[2017.08.22-20.47.13:074][156]LogTemp: Repeating last play command: VR Preview
[2017.08.22-20.47.13:089][156]BlueprintLog: New page: Pre-Play auto-recompile
[2017.08.22-20.47.13:095][156]LogPlayLevel: [PlayLevel] Compiling SteamVR_Pawn_Sitting before play...
[2017.08.22-20.47.13:573][156]LogPlayLevel: PlayLevel: Blueprint regeneration took 483 ms (1 blueprints)
[2017.08.22-20.47.13:573][156]PIE: New page: PIE session: SteamVRSitting_Pawn_Example (Aug 22, 2017, 12:47:13 PM)
[2017.08.22-20.47.13:573][156]LogPlayLevel: Creating play world package: /Game/UEDPIE_0_SteamVRSitting_Pawn_Example
[2017.08.22-20.47.13:579][156]LogPlayLevel: PIE: StaticDuplicateObject took: (0.005383s)
[2017.08.22-20.47.13:580][156]LogAIModule: Creating AISystem for world SteamVRSitting_Pawn_Example
[2017.08.22-20.47.13:580][156]LogPlayLevel: PIE: World Init took: (0.001201s)
[2017.08.22-20.47.13:580][156]LogPlayLevel: PIE: Created PIE world by copying editor world from /Game/SteamVRSitting_Pawn_Example.SteamVRSitting_Pawn_Example to /Game/UEDPIE_0_SteamVRSitting_Pawn_Example.SteamVRSitting_Pawn_Example (0.006999s)
[2017.08.22-20.47.13:665][156]LogInit: XAudio2 using 'Speakers (Realtek High Definition Audio)' : 2 channels at 48 kHz using 32 bits per sample (channel mask 0x3)
[2017.08.22-20.47.13:679][156]LogInit: FAudioDevice initialized.
[2017.08.22-20.47.13:982][156]LogLoad: Game class is 'GameModeBase'
[2017.08.22-20.47.13:985][156]LogWorld: Bringing World /Game/UEDPIE_0_SteamVRSitting_Pawn_Example.SteamVRSitting_Pawn_Example up for play (max tick rate 0) at 2017.08.22-16.47.13
[2017.08.22-20.47.13:986][156]LogWorld: Bringing up level for play took: 0.001952
[2017.08.22-20.47.13:998][156]PIE: Play in editor start time for /Game/UEDPIE_0_SteamVRSitting_Pawn_Example 0.188
[2017.08.22-20.47.16:401][362]Set new viewmode: Wireframe
[2017.08.22-20.47.21:803][730]LogTemp: Repeating last play command: VR Preview
[2017.08.22-20.47.21:818][730]BlueprintLog: New page: Pre-Play auto-recompile
[2017.08.22-20.47.21:824][730]LogPlayLevel: [PlayLevel] Compiling SteamVR_Pawn_Sitting before play...
[2017.08.22-20.47.22:301][730]LogPlayLevel: PlayLevel: Blueprint regeneration took 483 ms (1 blueprints)
[2017.08.22-20.47.22:302][730]PIE: New page: PIE session: SteamVRSitting_Pawn_Example (Aug 22, 2017, 12:47:22 PM)
[2017.08.22-20.47.22:302][730]LogPlayLevel: Creating play world package: /Game/UEDPIE_0_SteamVRSitting_Pawn_Example
[2017.08.22-20.47.22:307][730]LogPlayLevel: PIE: StaticDuplicateObject took: (0.005068s)
[2017.08.22-20.47.22:308][730]LogAIModule: Creating AISystem for world SteamVRSitting_Pawn_Example
[2017.08.22-20.47.22:308][730]LogPlayLevel: PIE: World Init took: (0.001151s)
[2017.08.22-20.47.22:308][730]LogPlayLevel: PIE: Created PIE world by copying editor world from /Game/SteamVRSitting_Pawn_Example.SteamVRSitting_Pawn_Example to /Game/UEDPIE_0_SteamVRSitting_Pawn_Example.SteamVRSitting_Pawn_Example (0.006636s)
[2017.08.22-20.47.22:390][730]LogInit: XAudio2 using 'Speakers (Realtek High Definition Audio)' : 2 channels at 48 kHz using 32 bits per sample (channel mask 0x3)
[2017.08.22-20.47.22:403][730]LogInit: FAudioDevice initialized.
[2017.08.22-20.47.22:625][730]LogLoad: Game class is 'GameModeBase'
[2017.08.22-20.47.22:628][730]LogWorld: Bringing World /Game/UEDPIE_0_SteamVRSitting_Pawn_Example.SteamVRSitting_Pawn_Example up for play (max tick rate 0) at 2017.08.22-16.47.22
[2017.08.22-20.47.22:628][730]LogWorld: Bringing up level for play took: 0.002032
[2017.08.22-20.47.22:641][730]PIE: Play in editor start time for /Game/UEDPIE_0_SteamVRSitting_Pawn_Example 0.83
[2017.08.22-20.47.31:368][333]LogTemp: Repeating last play command: VR Preview
[2017.08.22-20.47.31:383][333]BlueprintLog: New page: Pre-Play auto-recompile
[2017.08.22-20.47.31:389][333]LogPlayLevel: [PlayLevel] Compiling SteamVR_Pawn_Sitting before play...
[2017.08.22-20.47.31:867][333]LogPlayLevel: PlayLevel: Blueprint regeneration took 483 ms (1 blueprints)
[2017.08.22-20.47.31:867][333]PIE: New page: PIE session: SteamVRSitting_Pawn_Example (Aug 22, 2017, 12:47:31 PM)
[2017.08.22-20.47.31:867][333]LogPlayLevel: Creating play world package: /Game/UEDPIE_0_SteamVRSitting_Pawn_Example
[2017.08.22-20.47.31:873][333]LogPlayLevel: PIE: StaticDuplicateObject took: (0.005162s)
[2017.08.22-20.47.31:874][333]LogAIModule: Creating AISystem for world SteamVRSitting_Pawn_Example
[2017.08.22-20.47.31:874][333]LogPlayLevel: PIE: World Init took: (0.001183s)
[2017.08.22-20.47.31:874][333]LogPlayLevel: PIE: Created PIE world by copying editor world from /Game/SteamVRSitting_Pawn_Example.SteamVRSitting_Pawn_Example to /Game/UEDPIE_0_SteamVRSitting_Pawn_Example.SteamVRSitting_Pawn_Example (0.006776s)
[2017.08.22-20.47.31:955][333]LogInit: XAudio2 using 'Speakers (Realtek High Definition Audio)' : 2 channels at 48 kHz using 32 bits per sample (channel mask 0x3)
[2017.08.22-20.47.31:969][333]LogInit: FAudioDevice initialized.
[2017.08.22-20.47.32:196][333]LogLoad: Game class is 'GameModeBase'
[2017.08.22-20.47.32:199][333]LogWorld: Bringing World /Game/UEDPIE_0_SteamVRSitting_Pawn_Example.SteamVRSitting_Pawn_Example up for play (max tick rate 0) at 2017.08.22-16.47.32
[2017.08.22-20.47.32:199][333]LogWorld: Bringing up level for play took: 0.002025
[2017.08.22-20.47.32:212][333]PIE: Play in editor start time for /Game/UEDPIE_0_SteamVRSitting_Pawn_Example 0.402
[2017.08.22-20.47.40:257][894]BlueprintLog: New page: Compile SteamVR_Pawn_Sitting
[2017.08.22-20.47.42:090][982]LogTemp: Repeating last play command: VR Preview
[2017.08.22-20.47.42:105][982]LogPlayLevel: PlayLevel: No blueprints needed recompiling
[2017.08.22-20.47.42:106][982]PIE: New page: PIE session: SteamVRSitting_Pawn_Example (Aug 22, 2017, 12:47:42 PM)
[2017.08.22-20.47.42:106][982]LogPlayLevel: Creating play world package: /Game/UEDPIE_0_SteamVRSitting_Pawn_Example
[2017.08.22-20.47.42:112][982]LogPlayLevel: PIE: StaticDuplicateObject took: (0.005729s)
[2017.08.22-20.47.42:113][982]LogAIModule: Creating AISystem for world SteamVRSitting_Pawn_Example
[2017.08.22-20.47.42:113][982]LogPlayLevel: PIE: World Init took: (0.001319s)
[2017.08.22-20.47.42:113][982]LogPlayLevel: PIE: Created PIE world by copying editor world from /Game/SteamVRSitting_Pawn_Example.SteamVRSitting_Pawn_Example to /Game/UEDPIE_0_SteamVRSitting_Pawn_Example.SteamVRSitting_Pawn_Example (0.007554s)
[2017.08.22-20.47.42:195][982]LogInit: XAudio2 using 'Speakers (Realtek High Definition Audio)' : 2 channels at 48 kHz using 32 bits per sample (channel mask 0x3)
[2017.08.22-20.47.42:208][982]LogInit: FAudioDevice initialized.
[2017.08.22-20.47.42:433][982]LogLoad: Game class is 'GameModeBase'
[2017.08.22-20.47.42:436][982]LogWorld: Bringing World /Game/UEDPIE_0_SteamVRSitting_Pawn_Example.SteamVRSitting_Pawn_Example up for play (max tick rate 0) at 2017.08.22-16.47.42
[2017.08.22-20.47.42:436][982]LogWorld: Bringing up level for play took: 0.001927
[2017.08.22-20.47.42:449][982]PIE: Play in editor start time for /Game/UEDPIE_0_SteamVRSitting_Pawn_Example 0.641
[2017.08.22-20.49.12:576][287]LogTemp: Repeating last play command: VR Preview
[2017.08.22-20.49.12:609][287]LogPlayLevel: PlayLevel: No blueprints needed recompiling
[2017.08.22-20.49.12:610][287]PIE: New page: PIE session: SteamVRSitting_Pawn_Example (Aug 22, 2017, 12:49:12 PM)
[2017.08.22-20.49.12:610][287]LogPlayLevel: Creating play world package: /Game/UEDPIE_0_SteamVRSitting_Pawn_Example
[2017.08.22-20.49.12:616][287]LogPlayLevel: PIE: StaticDuplicateObject took: (0.005532s)
[2017.08.22-20.49.12:617][287]LogAIModule: Creating AISystem for world SteamVRSitting_Pawn_Example
[2017.08.22-20.49.12:617][287]LogPlayLevel: PIE: World Init took: (0.001420s)
[2017.08.22-20.49.12:617][287]LogPlayLevel: PIE: Created PIE world by copying editor world from /Game/SteamVRSitting_Pawn_Example.SteamVRSitting_Pawn_Example to /Game/UEDPIE_0_SteamVRSitting_Pawn_Example.SteamVRSitting_Pawn_Example (0.007391s)
[2017.08.22-20.49.12:701][287]LogInit: XAudio2 using 'Speakers (Realtek High Definition Audio)' : 2 channels at 48 kHz using 32 bits per sample (channel mask 0x3)
[2017.08.22-20.49.12:716][287]LogInit: FAudioDevice initialized.
