Log file open, 08/22/17 16:50:45
LogWindows: LoadLibraryWithSearchPaths failed for file aqProf.dll. GetLastError=0
LogWindows: LoadLibraryWithSearchPaths failed for file VtuneApi.dll. GetLastError=0
LogWindows: LoadLibraryWithSearchPaths failed for file VtuneApi32e.dll. GetLastError=0
LogInit: Display: Running engine for game: SteamVRCameraExample
LogPlatformFile: Not using cached read wrapper
LogInit: Display: RandInit(749763528) SRandInit(749763529).
LogTaskGraph: Started task graph with 5 named threads and 50 total threads with 3 sets of task threads.
LogStats: Stats thread started at 0.594732
LogD3D11RHI: Aftermath initialized
LogPluginManager: Mounting plugin Paper2D
LogPluginManager: Mounting plugin LightPropagationVolume
LogPluginManager: Mounting plugin CodeLiteSourceCodeAccess
LogPluginManager: Mounting plugin GitSourceControl
LogPluginManager: Mounting plugin KDevelopSourceCodeAccess
LogPluginManager: Mounting plugin NullSourceCodeAccess
LogPluginManager: Mounting plugin PerforceSourceControl
LogPluginManager: Mounting plugin SubversionSourceControl
LogPluginManager: Mounting plugin UObjectPlugin
LogPluginManager: Mounting plugin VisualStudioSourceCodeAccess
LogPluginManager: Mounting plugin XCodeSourceCodeAccess
LogPluginManager: Mounting plugin AssetManagerEditor
LogPluginManager: Mounting plugin AudioCapture
LogPluginManager: Mounting plugin FacialAnimation
LogPluginManager: Mounting plugin GameplayTagsEditor
LogPluginManager: Mounting plugin MobileLauncherProfileWizard
LogPluginManager: Mounting plugin PluginBrowser
LogPluginManager: Mounting plugin SpeedTreeImporter
LogPluginManager: Mounting plugin AlembicImporter
LogPluginManager: Mounting plugin CharacterAI
LogPluginManager: Mounting plugin HTML5Networking
LogPluginManager: Mounting plugin AndroidMedia
LogPluginManager: Mounting plugin AvfMedia
LogPluginManager: Mounting plugin MediaPlayerEditor
LogPluginManager: Mounting plugin WmfMedia
LogPluginManager: Mounting plugin TcpMessaging
LogPluginManager: Mounting plugin UdpMessaging
LogPluginManager: Mounting plugin LevelSequenceEditor
LogPluginManager: Mounting plugin MatineeToLevelSequence
LogPluginManager: Mounting plugin OnlineSubsystemGooglePlay
LogPluginManager: Mounting plugin OnlineSubsystemIOS
LogPluginManager: Mounting plugin OnlineSubsystem
LogPluginManager: Mounting plugin OnlineSubsystemNull
LogPluginManager: Mounting plugin OnlineSubsystemUtils
LogPluginManager: Mounting plugin AndroidDeviceProfileSelector
LogPluginManager: Mounting plugin AndroidMoviePlayer
LogPluginManager: Mounting plugin AndroidPermission
LogPluginManager: Mounting plugin AppleMoviePlayer
LogPluginManager: Mounting plugin ArchVisCharacter
LogPluginManager: Mounting plugin CableComponent
LogPluginManager: Mounting plugin CustomMeshComponent
LogPluginManager: Mounting plugin ExampleDeviceProfileSelector
LogPluginManager: Mounting plugin GoogleCloudMessaging
LogPluginManager: Mounting plugin ImmediatePhysics
LogPluginManager: Mounting plugin IOSDeviceProfileSelector
LogPluginManager: Mounting plugin LinuxDeviceProfileSelector
LogPluginManager: Mounting plugin LocationServicesBPLibrary
LogPluginManager: Mounting plugin MobilePatchingUtils
LogPluginManager: Mounting plugin OculusVR
LogPluginManager: Mounting plugin PhysXVehicles
LogPluginManager: Mounting plugin ProceduralMeshComponent
LogPluginManager: Mounting plugin RuntimePhysXCooking
LogPluginManager: Mounting plugin SteamVR
LogPluginManager: Mounting plugin WindowsMoviePlayer
LogInit: Using libcurl 7.47.1
LogInit:  - built for x86_64-pc-win32
LogInit:  - supports SSL with OpenSSL/1.0.2g
LogInit:  - supports HTTP deflate (compression) using libz 1.2.8
LogInit:  - other features:
LogInit:      CURL_VERSION_SSL
LogInit:      CURL_VERSION_LIBZ
LogInit:      CURL_VERSION_IPV6
LogInit:      CURL_VERSION_ASYNCHDNS
LogInit:      CURL_VERSION_LARGEFILE
LogInit:      CURL_VERSION_IDN
LogInit:  CurlRequestOptions (configurable via config and command line):
LogInit:  - bVerifyPeer = false  - Libcurl will NOT verify peer certificate
LogInit:  - bUseHttpProxy = false  - Libcurl will NOT use HTTP proxy
LogInit:  - bDontReuseConnections = false  - Libcurl will reuse connections
LogInit:  - CertBundlePath = nullptr  - Libcurl will use whatever was configured at build time.
LogHMD: Failed initializing OVRPlugin 1.15.0
LogInit: Build: ++UE4+Release-4.17-CL-3586342
LogInit: Engine Version: 4.17.1-3586342+++UE4+Release-4.17
LogInit: Compatible Engine Version: 4.17.0-3573198+++UE4+Release-4.17
LogInit: Net CL: 3573198
LogDevObjectVersion: Number of dev versions registered: 16
LogDevObjectVersion:   Dev-Blueprints (B0D832E4-1F89-4F0D-ACCF-7EB736FD4AA2): 10
LogDevObjectVersion:   Dev-Build (E1C64328-A22C-4D53-A36C-8E866417BD8C): 0
LogDevObjectVersion:   Dev-Core (375EC13C-06E4-48FB-B500-84F0262A717E): 2
LogDevObjectVersion:   Dev-Editor (E4B068ED-F494-42E9-A231-DA0B2E46BB41): 20
LogDevObjectVersion:   Dev-Framework (CFFC743F-43B0-4480-9391-14DF171D2073): 28
LogDevObjectVersion:   Dev-Mobile (B02B49B5-BB20-44E9-A304-32B752E40360): 0
LogDevObjectVersion:   Dev-Networking (A4E4105C-59A1-49B5-A7C5-40C4547EDFEE): 0
LogDevObjectVersion:   Dev-Online (39C831C9-5AE6-47DC-9A44-9C173E1C8E7C): 0
LogDevObjectVersion:   Dev-Physics (78F01B33-EBEA-4F98-B9B4-84EACCB95AA2): 0
LogDevObjectVersion:   Dev-Platform (6631380F-2D4D-43E0-8009-CF276956A95A): 0
LogDevObjectVersion:   Dev-Rendering (12F88B9F-8875-4AFC-A67C-D90C383ABD29): 19
LogDevObjectVersion:   Dev-Sequencer (7B5AE74C-D270-4C10-A958-57980B212A5A): 4
LogDevObjectVersion:   Dev-VR (D7296918-1DD6-4BDD-9DE2-64A83CC13884): 0
LogDevObjectVersion:   Dev-LoadTimes (C2A15278-BFE7-4AFE-6C17-90FF531DF755): 1
LogDevObjectVersion:   Private-Geometry (6EACA3D4-40EC-4CC1-B786-8BED09428FC5): 1
LogDevObjectVersion:   Dev-AnimPhys (29E575DD-E0A3-4627-9D10-D276232CDCEA): 7
LogInit: Compiled (64-bit): Aug 15 2017 02:05:26
LogInit: Compiled with Visual C++: 19.00.24215.01
LogInit: Build Configuration: Development
LogInit: Branch Name: ++UE4+Release-4.17
LogInit: Command line:  
LogInit: Base directory: D:/UE4_Public/UE_4.17/Engine/Binaries/Win64/
LogInit: Installed Engine Build: 1
LogInit: Presizing for max 8388607 objects, including 0 objects not considered by GC, pre-allocating 0 bytes for permanent pool.
LogInit: Object subsystem initialized
[2017.08.22-20.50.47:288][  0]LogInit: Selected Device Profile: [Windows]
[2017.08.22-20.50.47:288][  0]LogInit: Applying CVar settings loaded from the selected device profile: [Windows]
[2017.08.22-20.50.47:303][  0]LogInit: Computer: RDU-WD-2977
[2017.08.22-20.50.47:303][  0]LogInit: User: SamDeiter
[2017.08.22-20.50.47:303][  0]LogInit: CPU Page size=4096, Cores=16
[2017.08.22-20.50.47:303][  0]LogInit: High frequency timer resolution =2.143300 MHz
[2017.08.22-20.50.47:303][  0]LogMemory: Memory total: Physical=31.9GB (32GB approx)
[2017.08.22-20.50.47:303][  0]LogMemory: Platform Memory Stats for Windows
[2017.08.22-20.50.47:303][  0]LogMemory: Process Physical Memory: 299.72 MB used, 299.72 MB peak
[2017.08.22-20.50.47:303][  0]LogMemory: Process Virtual Memory: 296.78 MB used, 296.78 MB peak
[2017.08.22-20.50.47:303][  0]LogMemory: Physical Memory: 12272.36 MB used,  20422.29 MB free, 32694.65 MB total
[2017.08.22-20.50.47:303][  0]LogMemory: Virtual Memory: 730.05 MB used,  20422.29 MB free, 8388608.00 MB total
[2017.08.22-20.50.47:568][  0]LogInit: Using OS detected language (en-US).
[2017.08.22-20.50.47:568][  0]LogInit: Using OS detected locale (en-US).
[2017.08.22-20.50.47:575][  0]LogTextLocalizationManager: No specific localization for 'en-US' exists, so the 'en' localization will be used.
[2017.08.22-20.50.48:956][  0]LogD3D11RHI: D3D11 adapters:
[2017.08.22-20.50.49:923][  0]LogD3D11RHI:    0. 'NVIDIA GeForce GTX 1070' (Feature Level 11_0)
[2017.08.22-20.50.49:923][  0]LogD3D11RHI:       8085/0/16091 MB DedicatedVideo/DedicatedSystem/SharedSystem, Outputs:3, VendorId:0x10de
[2017.08.22-20.50.49:923][  0]LogD3D11RHI: Chosen D3D11 Adapter: 0
[2017.08.22-20.50.49:934][  0]LogD3D11RHI: Creating new Direct3DDevice
[2017.08.22-20.50.49:934][  0]LogD3D11RHI:     GPU DeviceId: 0x1b81 (for the marketing name, search the web for "GPU Device Id")
[2017.08.22-20.50.49:934][  0]LogWindows: EnumDisplayDevices:
[2017.08.22-20.50.49:934][  0]LogWindows:    0. 'NVIDIA GeForce GTX 1070' (P:1 D:1)
[2017.08.22-20.50.49:935][  0]LogWindows:    1. 'NVIDIA GeForce GTX 1070' (P:0 D:1)
[2017.08.22-20.50.49:935][  0]LogWindows:    2. 'NVIDIA GeForce GTX 1070' (P:0 D:1)
[2017.08.22-20.50.49:936][  0]LogWindows:    3. 'NVIDIA GeForce GTX 1070' (P:0 D:0)
[2017.08.22-20.50.49:936][  0]LogWindows:    4. 'RDPDD Chained DD' (P:0 D:0)
[2017.08.22-20.50.49:936][  0]LogWindows:    5. 'RDP Encoder Mirror Driver' (P:0 D:0)
[2017.08.22-20.50.49:936][  0]LogWindows:    6. 'RDP Reflector Display Driver' (P:0 D:0)
[2017.08.22-20.50.49:937][  0]LogWindows:    7. 'DameWare Development Mirror Driver 64-bit' (P:0 D:0)
[2017.08.22-20.50.49:937][  0]LogWindows: DebugString: GetVideoDriverDetailsInvalid PrimaryIsNotTheChoosenAdapter GetVideoDriverDetailsInvalid PrimaryIsNotTheChoosenAdapter GetVideoDriverDetailsInvalid PrimaryIsNotTheChoosenAdapter GetVideoDriverDetailsInvalid PrimaryIsNotTheChoosenAdapter FoundDriverCount:4 
[2017.08.22-20.50.49:937][  0]LogD3D11RHI:     Adapter Name: NVIDIA GeForce GTX 1070
[2017.08.22-20.50.49:937][  0]LogD3D11RHI:   Driver Version: 382.05 (internal:22.21.13.8205, unified:382.05)
[2017.08.22-20.50.49:937][  0]LogD3D11RHI:      Driver Date: 5-1-2017
[2017.08.22-20.50.49:937][  0]LogRHI: Texture pool is 1361 MB (70% of 1945 MB)
[2017.08.22-20.50.50:878][  0]LogD3D11RHI: Async texture creation enabled
[2017.08.22-20.50.50:931][  0]LogD3D11RHI: GPU Timing Frequency: 1000.000000 (Debug: 2 2)
[2017.08.22-20.50.51:022][  0]LogShaderCompilers: Guid format shader working directory is 2 characters bigger than the processId version (../../../../../UE4_Projects/SteamVRCameraExample/Intermediate/Shaders/WorkingDirectory/15244/).
[2017.08.22-20.50.51:022][  0]LogShaderCompilers: Cleaned the shader compiler working directory 'C:/Users/sam.deiter/AppData/Local/Temp/UnrealShaderWorkingDir/F516B1764895EAE8DACD09AD535EBC31/'.
[2017.08.22-20.50.51:022][  0]LogShaderCompilers: Display: Using Local Shader Compiler.
[2017.08.22-20.50.52:716][  0]LogTemp: Display: Loaded TP AllDesktopTargetPlatform
[2017.08.22-20.50.52:795][  0]LogTemp: Display: Loaded TP MacClientTargetPlatform
[2017.08.22-20.50.52:874][  0]LogTemp: Display: Loaded TP MacNoEditorTargetPlatform
[2017.08.22-20.50.52:953][  0]LogTemp: Display: Loaded TP MacServerTargetPlatform
[2017.08.22-20.50.53:032][  0]LogTemp: Display: Loaded TP MacTargetPlatform
[2017.08.22-20.50.53:109][  0]LogTemp: Display: Loaded TP WindowsClientTargetPlatform
[2017.08.22-20.50.53:188][  0]LogTemp: Display: Loaded TP WindowsNoEditorTargetPlatform
[2017.08.22-20.50.53:270][  0]LogTemp: Display: Loaded TP WindowsServerTargetPlatform
[2017.08.22-20.50.53:337][  0]LogTemp: Display: Loaded TP WindowsTargetPlatform
[2017.08.22-20.50.53:415][  0]LogTemp: Display: Loaded TP AndroidTargetPlatform
[2017.08.22-20.50.53:491][  0]LogTemp: Display: Loaded TP Android_ASTCTargetPlatform
[2017.08.22-20.50.53:567][  0]LogTemp: Display: Loaded TP Android_ATCTargetPlatform
[2017.08.22-20.50.53:643][  0]LogTemp: Display: Loaded TP Android_DXTTargetPlatform
[2017.08.22-20.50.53:719][  0]LogTemp: Display: Loaded TP Android_ETC1TargetPlatform
[2017.08.22-20.50.53:796][  0]LogTemp: Display: Loaded TP Android_ETC2TargetPlatform
[2017.08.22-20.50.53:948][  0]LogTemp: Display: Loaded TP Android_MultiTargetPlatform
[2017.08.22-20.50.53:948][  0]LogTemp: Display: Loaded TP Android_PVRTCTargetPlatform
[2017.08.22-20.50.54:004][  0]LogTemp: Display: Loaded TP HTML5TargetPlatform
[2017.08.22-20.50.54:130][  0]LogTemp: Display: Loaded TP IOSTargetPlatform
[2017.08.22-20.50.54:173][  0]LogTemp: Display: Loaded TP TVOSTargetPlatform
[2017.08.22-20.50.54:253][  0]LogTemp: Display: Loaded TP LinuxClientTargetPlatform
[2017.08.22-20.50.54:328][  0]LogTemp: Display: Loaded TP LinuxNoEditorTargetPlatform
[2017.08.22-20.50.54:404][  0]LogTemp: Display: Loaded TP LinuxServerTargetPlatform
[2017.08.22-20.50.54:479][  0]LogTemp: Display: Loaded TP LinuxTargetPlatform
[2017.08.22-20.50.54:480][  0]LogTargetPlatformManager: Display: Building Assets For Windows
[2017.08.22-20.50.55:173][  0]LogDerivedDataCache: Display: Max Cache Size: 512 MB
[2017.08.22-20.50.55:338][  0]LogDerivedDataCache: Loaded boot cache 0.16s 93MB C:/Users/sam.deiter/AppData/Local/UnrealEngine/4.17/DerivedDataCache/Boot.ddc.
[2017.08.22-20.50.55:338][  0]LogDerivedDataCache: Display: Loaded Boot cache: C:/Users/sam.deiter/AppData/Local/UnrealEngine/4.17/DerivedDataCache/Boot.ddc
[2017.08.22-20.50.55:338][  0]LogDerivedDataCache: FDerivedDataBackendGraph:  Pak pak cache file ../../../../../UE4_Projects/SteamVRCameraExample/DerivedDataCache/DDC.ddp not found, will not use a pak cache.
[2017.08.22-20.50.55:338][  0]LogDerivedDataCache: Unable to find inner node Pak for hierarchical cache Hierarchy.
[2017.08.22-20.50.55:338][  0]LogDerivedDataCache: FDerivedDataBackendGraph:  CompressedPak pak cache file ../../../../../UE4_Projects/SteamVRCameraExample/DerivedDataCache/Compressed.ddp not found, will not use a pak cache.
[2017.08.22-20.50.55:338][  0]LogDerivedDataCache: Unable to find inner node CompressedPak for hierarchical cache Hierarchy.
[2017.08.22-20.50.55:370][  0]LogDerivedDataCache: Display: Pak cache opened for reading ../../../Engine/DerivedDataCache/Compressed.ddp.
[2017.08.22-20.50.55:382][  0]LogDerivedDataCache: Using Local data cache path C:/Users/sam.deiter/AppData/Local/UnrealEngine/Common/DerivedDataCache: Writable
[2017.08.22-20.50.55:401][  0]LogMaterial: Verifying Global Shaders for PCD3D_SM5
[2017.08.22-20.50.55:401][  0]LogSlate: Using Freetype 2.6.0
[2017.08.22-20.50.55:402][  0]LogSlate: SlateFontCache - WITH_FREETYPE: 1, WITH_HARFBUZZ: 1
[2017.08.22-20.50.55:402][  0]LogSlate: SlateFontCache - WITH_FREETYPE: 1, WITH_HARFBUZZ: 1
[2017.08.22-20.50.55:891][  0]LogAssetRegistry: FAssetRegistry took 0.0284 seconds to start up
[2017.08.22-20.50.56:184][  0]LogInit: Selected Device Profile: [Windows]
[2017.08.22-20.50.56:192][  0]LogContentStreaming: Texture pool size is 0.00 MB
[2017.08.22-20.50.56:800][  0]LogSimplygon: Simplygon DLL not present - disabling.
[2017.08.22-20.50.56:859][  0]LogMeshReduction: Using SimplygonSwarm for distributed automatic mesh merging
[2017.08.22-20.50.56:859][  0]LogMeshReduction: Using QuadricMeshReduction for automatic static mesh reduction
[2017.08.22-20.50.56:859][  0]LogMeshReduction: No automatic skeletal mesh reduction module available
[2017.08.22-20.50.56:859][  0]LogMeshReduction: No automatic mesh merging module available
[2017.08.22-20.50.56:859][  0]LogMeshMerging: No automatic mesh merging module available
[2017.08.22-20.50.57:503][  0]LogNetVersion: SteamVRCameraExample , NetCL: 3573198, EngineNetVer: 2, GameNetVer: 0 (Checksum: 3290616030)
[2017.08.22-20.50.57:807][  0]LogPackageLocalizationCache: Processed 5 localized package path(s) for 2 prioritized culture(s) in 0.039524 seconds
[2017.08.22-20.50.57:815][  0]LogUObjectArray: 35825 objects as part of root set at end of initial load.
[2017.08.22-20.50.57:815][  0]LogUObjectAllocator: 7529104 out of 0 bytes used by permanent object pool.
[2017.08.22-20.50.57:815][  0]LogUObjectArray: CloseDisregardForGC: 0/0 objects in disregard for GC pool
[2017.08.22-20.50.57:890][  0]LogInit: WinSock: version 1.1 (2.2), MaxSocks=32767, MaxUdp=65467
[2017.08.22-20.51.01:843][  0]LogTcpMessaging: Initializing TcpMessaging bridge
[2017.08.22-20.51.01:894][  0]LogUdpMessaging: Initializing bridge on interface 0.0.0.0:0 to multicast group 230.0.0.1:6666.
[2017.08.22-20.51.02:845][  0]LogMaterial: Uniform references updated for custom material expression Custom.
[2017.08.22-20.51.03:473][  0]SourceControl: Source control is disabled
[2017.08.22-20.51.03:473][  0]SourceControl: Source control is disabled
[2017.08.22-20.51.03:546][  0]SourceControl: Source control is disabled
[2017.08.22-20.51.03:623][  0]SourceControl: Source control is disabled
[2017.08.22-20.51.04:506][  0]LogAndroidPermission: UAndroidPermissionCallbackProxy::GetInstance
[2017.08.22-20.51.04:880][  0]LogOcInput: OculusInput pre-init called
[2017.08.22-20.51.05:267][  0]LogEngine: Initializing Engine...
[2017.08.22-20.51.06:374][  0]LogHMD: SteamVR initialized.  Driver: lighthouse  Display: LHR-81CA8D3B
[2017.08.22-20.51.06:788][  0]LogStats: UGameplayTagsManager::ConstructGameplayTagTree: Construct from data asset -  0.000 s
[2017.08.22-20.51.06:788][  0]LogStats: UGameplayTagsManager::ConstructGameplayTagTree: GameplayTagTreeChangedEvent.Broadcast -  0.000 s
[2017.08.22-20.51.06:974][  0]LogAIModule: Creating AISystem for world Untitled
[2017.08.22-20.51.07:013][  0]LogInit: XAudio2 using 'Speakers (Realtek High Definition Audio)' : 2 channels at 48 kHz using 32 bits per sample (channel mask 0x3)
[2017.08.22-20.51.07:032][  0]LogInit: FAudioDevice initialized.
[2017.08.22-20.51.07:253][  0]LogDerivedDataCache: Saved boot cache 0.22s 93MB C:/Users/sam.deiter/AppData/Local/UnrealEngine/4.17/DerivedDataCache/Boot.ddc.
[2017.08.22-20.51.07:280][  0]LogInit: Texture streaming: Enabled
[2017.08.22-20.51.07:433][  0]LogEngineSessionManager: EngineSessionManager initialized
[2017.08.22-20.51.07:743][  0]LogInit: Transaction tracking system initialized
[2017.08.22-20.51.08:192][  0]BlueprintLog: New page: Editor Load
[2017.08.22-20.51.09:452][  0]LocalizationService: Localization service is disabled
[2017.08.22-20.51.10:851][  0]LogConsoleResponse: Display: 
[2017.08.22-20.51.11:132][  0]LogCook: Display: Max memory allowance for cook 16384mb min free memory 0mb
[2017.08.22-20.51.11:132][  0]LogCook: Display: Mobile HDR setting 1
[2017.08.22-20.51.11:132][  0]LogGameplayTags: Display: UGameplayTagsManager::DoneAddingNativeTags. DelegateIsBound: 0
[2017.08.22-20.51.11:611][  0]LogFileCache: Scanning file cache for directory 'D:/UE4_Projects/SteamVRCameraExample/Content/' took 0.01s
[2017.08.22-20.51.12:676][  0]SourceControl: Source control is disabled
[2017.08.22-20.51.12:676][  0]Cmd: MAP LOAD FILE="../../../Engine/Content/Maps/Templates/Template_Default.umap" TEMPLATE=1 SHOWPROGRESS=1 FEATURELEVEL=3
[2017.08.22-20.51.12:677][  0]LightingResults: New page: Lighting Build
[2017.08.22-20.51.12:734][  0]MapCheck: New page: Map Check
[2017.08.22-20.51.12:734][  0]LightingResults: New page: Lighting Build
[2017.08.22-20.51.13:141][  0]LogAIModule: Creating AISystem for world Untitled_1
[2017.08.22-20.51.13:149][  0]LogEditorServer: Finished looking for orphan Actors (0.000 secs)
[2017.08.22-20.51.13:201][  0]Cmd: MAP CHECKDEP NOCLEARLOG
[2017.08.22-20.51.13:271][  0]MapCheck: Map check complete: 0 Error(s), 0 Warning(s), took 69.225ms to complete.
[2017.08.22-20.51.13:271][  0]LogFileHelpers: Loading map 'Template_Default' took 0.596
[2017.08.22-20.51.13:598][  0]LogCollectionManager: Loaded 0 collections in 0.003466 seconds
[2017.08.22-20.51.13:740][  0]LogFileCache: Scanning file cache for directory 'D:/UE4_Projects/SteamVRCameraExample/Saved/Collections/' took 0.01s
[2017.08.22-20.51.13:740][  0]LogFileCache: Scanning file cache for directory 'D:/UE4_Projects/SteamVRCameraExample/Content/Developers/SamDeiter/Collections/' took 0.01s
[2017.08.22-20.51.13:740][  0]LogFileCache: Scanning file cache for directory 'D:/UE4_Projects/SteamVRCameraExample/Content/Collections/' took 0.01s
[2017.08.22-20.51.13:740][  0]LogCollectionManager: Rebuilt the GUID cache for 0 collections in 0.000001 seconds
[2017.08.22-20.51.13:757][  0]LogContentBrowser: Native class hierarchy populated in 0.0165 seconds. Added 2386 classes and 500 folders.
[2017.08.22-20.51.13:842][  0]LogContentBrowser: Native class hierarchy updated for 'WidgetCarousel' in 0.0011 seconds. Added 0 classes and 0 folders.
[2017.08.22-20.51.13:905][  0]LogContentBrowser: Native class hierarchy updated for 'AddContentDialog' in 0.0011 seconds. Added 0 classes and 0 folders.
[2017.08.22-20.51.13:971][  0]LogContentBrowser: Native class hierarchy updated for 'SceneOutliner' in 0.0012 seconds. Added 1 classes and 2 folders.
[2017.08.22-20.51.14:174][  0]LogContentBrowser: Native class hierarchy updated for 'HierarchicalLODOutliner' in 0.0013 seconds. Added 1 classes and 2 folders.
[2017.08.22-20.51.14:174][  0]LogLoad: (Engine Initialization) Total time: 30.81 seconds
[2017.08.22-20.51.14:174][  0]LogLoad: (Engine Initialization) Total Blueprint compile time: 0.00 seconds
[2017.08.22-20.51.14:175][  0]LogExternalProfiler: Found external profiler: VSPerf
[2017.08.22-20.51.14:175][  0]LogExternalProfiler: Using external profiler: VSPerf
[2017.08.22-20.51.14:206][  0]LogContentStreaming: Texture pool size now 1000 MB
[2017.08.22-20.51.14:208][  0]LogSlate: Took 0.000349 seconds to synchronously load lazily loaded font '../../../Engine/Content/Slate/Fonts/Roboto-Regular.ttf' (155K)
[2017.08.22-20.51.14:215][  0]LogSlate: Took 0.000240 seconds to synchronously load lazily loaded font '../../../Engine/Content/Slate/Fonts/Roboto-Bold.ttf' (160K)
[2017.08.22-20.51.14:221][  0]LogSlate: Took 0.000226 seconds to synchronously load lazily loaded font '../../../Engine/Content/Editor/Slate/Fonts/FontAwesome.ttf' (139K)
[2017.08.22-20.51.14:444][  1]LogAssetRegistry: Asset discovery search completed in 18.5766 seconds
[2017.08.22-20.51.14:447][  1]LogCollectionManager: Rebuilt the object cache for 0 collections in 0.000001 seconds (found 0 objects)
[2017.08.22-20.51.14:447][  1]LogCollectionManager: Fixed up redirectors for 0 collections in 0.000089 seconds (updated 0 objects)
[2017.08.22-20.51.14:478][  2]LogRenderer: Reallocating scene render targets to support 808x324 Format 10 NumSamples 1 (Frame:1).
[2017.08.22-20.51.15:248][ 68]LogSlate: Took 0.000332 seconds to synchronously load lazily loaded font '../../../Engine/Content/Slate/Fonts/Roboto-Light.ttf' (159K)
[2017.08.22-20.51.19:015][436]LogSlate: Took 0.000289 seconds to synchronously load lazily loaded font '../../../Engine/Content/Slate/Fonts/Roboto-Light.ttf' (159K)
[2017.08.22-20.51.19:074][436]LogAIModule: Creating AISystem for world SteamVRSitting_Pawn_Example
[2017.08.22-20.51.19:132][436]Cmd: MAP LOAD FILE="../../../../../UE4_Projects/SteamVRCameraExample/Content/SteamVRSitting_Pawn_Example.umap" TEMPLATE=0 SHOWPROGRESS=1 FEATURELEVEL=3
[2017.08.22-20.51.19:132][436]LightingResults: New page: Lighting Build
[2017.08.22-20.51.19:134][436]LoadErrors: New page: Loading map: SteamVRSitting_Pawn_Example.umap
[2017.08.22-20.51.19:134][436]MapCheck: New page: Map Check
[2017.08.22-20.51.19:134][436]LightingResults: New page: Lighting Build
[2017.08.22-20.51.19:278][436]LogEditorServer: Finished looking for orphan Actors (0.000 secs)
[2017.08.22-20.51.19:351][436]Cmd: MAP CHECKDEP NOCLEARLOG
[2017.08.22-20.51.19:421][436]MapCheck: Map check complete: 0 Error(s), 0 Warning(s), took 69.938ms to complete.
[2017.08.22-20.51.19:421][436]LogFileHelpers: Loading map 'SteamVRSitting_Pawn_Example' took 0.291
[2017.08.22-20.51.23:725][859]LogSlate: Took 0.000307 seconds to synchronously load lazily loaded font '../../../Engine/Content/Slate/Fonts/Roboto-Regular.ttf' (155K)
[2017.08.22-20.51.23:886][859]LogContentBrowser: Native class hierarchy updated for 'BlueprintGraph' in 0.0018 seconds. Added 113 classes and 0 folders.
[2017.08.22-20.51.25:383][859]LogSlate: Took 0.000312 seconds to synchronously load lazily loaded font '../../../Engine/Content/Editor/Slate/Fonts/Roboto-BoldCondensed.ttf' (158K)
[2017.08.22-20.51.25:474][860]LogSlate: Took 0.000333 seconds to synchronously load lazily loaded font '../../../Engine/Content/Editor/Slate/Fonts/Roboto-Italic.ttf' (157K)
[2017.08.22-20.51.29:359][ 16]LogTemp: Repeating last play command: VR Preview
[2017.08.22-20.51.29:381][ 16]LogPlayLevel: PlayLevel: No blueprints needed recompiling
[2017.08.22-20.51.29:381][ 16]PIE: New page: PIE session: SteamVRSitting_Pawn_Example (Aug 22, 2017, 12:51:29 PM)
[2017.08.22-20.51.29:382][ 16]LogPlayLevel: Creating play world package: /Game/UEDPIE_0_SteamVRSitting_Pawn_Example
[2017.08.22-20.51.29:387][ 16]LogPlayLevel: PIE: StaticDuplicateObject took: (0.005076s)
[2017.08.22-20.51.29:388][ 16]LogAIModule: Creating AISystem for world SteamVRSitting_Pawn_Example
[2017.08.22-20.51.29:388][ 16]LogPlayLevel: PIE: World Init took: (0.001366s)
[2017.08.22-20.51.29:389][ 16]LogPlayLevel: PIE: Created PIE world by copying editor world from /Game/SteamVRSitting_Pawn_Example.SteamVRSitting_Pawn_Example to /Game/UEDPIE_0_SteamVRSitting_Pawn_Example.SteamVRSitting_Pawn_Example (0.006895s)
[2017.08.22-20.51.29:477][ 16]LogInit: XAudio2 using 'Speakers (Realtek High Definition Audio)' : 2 channels at 48 kHz using 32 bits per sample (channel mask 0x3)
[2017.08.22-20.51.29:491][ 16]LogInit: FAudioDevice initialized.
[2017.08.22-20.51.29:782][ 16]LogLoad: Game class is 'GameModeBase'
[2017.08.22-20.51.29:825][ 16]LogWorld: Bringing World /Game/UEDPIE_0_SteamVRSitting_Pawn_Example.SteamVRSitting_Pawn_Example up for play (max tick rate 0) at 2017.08.22-16.51.29
[2017.08.22-20.51.29:826][ 16]LogWorld: Bringing up level for play took: 0.041233
[2017.08.22-20.51.29:885][ 16]LogContentBrowser: Native class hierarchy updated for 'MovieSceneCapture' in 0.0012 seconds. Added 11 classes and 0 folders.
[2017.08.22-20.51.29:900][ 16]PIE: Play in editor start time for /Game/UEDPIE_0_SteamVRSitting_Pawn_Example 0.126
[2017.08.22-20.51.29:966][ 17]LogRenderer: Reallocating scene render targets to support 3024x1680 Format 10 NumSamples 1 (Frame:1).
[2017.08.22-20.51.42:725][ 19]LogEditorViewport: Clicking on Actor (LMB): StaticMeshActor (Floor)
[2017.08.22-20.51.46:566][200]LogEditorViewport: Clicking on Actor (LMB): SteamVR_Pawn_Sitting_C (SteamVR_Pawn_Sitting)
[2017.08.22-20.51.56:144][664]BlueprintLog: New page: Compile SteamVR_Pawn_Sitting
[2017.08.22-20.52.00:453][836]LogTemp: Repeating last play command: VR Preview
[2017.08.22-20.52.00:467][836]LogPlayLevel: PlayLevel: No blueprints needed recompiling
[2017.08.22-20.52.00:468][836]PIE: New page: PIE session: SteamVRSitting_Pawn_Example (Aug 22, 2017, 12:52:00 PM)
[2017.08.22-20.52.00:468][836]LogPlayLevel: Creating play world package: /Game/UEDPIE_0_SteamVRSitting_Pawn_Example
[2017.08.22-20.52.00:473][836]LogPlayLevel: PIE: StaticDuplicateObject took: (0.005210s)
[2017.08.22-20.52.00:474][836]LogAIModule: Creating AISystem for world SteamVRSitting_Pawn_Example
[2017.08.22-20.52.00:475][836]LogPlayLevel: PIE: World Init took: (0.001347s)
[2017.08.22-20.52.00:475][836]LogPlayLevel: PIE: Created PIE world by copying editor world from /Game/SteamVRSitting_Pawn_Example.SteamVRSitting_Pawn_Example to /Game/UEDPIE_0_SteamVRSitting_Pawn_Example.SteamVRSitting_Pawn_Example (0.006971s)
[2017.08.22-20.52.00:587][836]LogInit: XAudio2 using 'Speakers (Realtek High Definition Audio)' : 2 channels at 48 kHz using 32 bits per sample (channel mask 0x3)
[2017.08.22-20.52.00:602][836]LogInit: FAudioDevice initialized.
[2017.08.22-20.52.00:840][836]LogLoad: Game class is 'GameModeBase'
[2017.08.22-20.52.00:843][836]LogWorld: Bringing World /Game/UEDPIE_0_SteamVRSitting_Pawn_Example.SteamVRSitting_Pawn_Example up for play (max tick rate 0) at 2017.08.22-16.52.00
[2017.08.22-20.52.00:843][836]LogWorld: Bringing up level for play took: 0.001904
[2017.08.22-20.52.00:856][836]PIE: Play in editor start time for /Game/UEDPIE_0_SteamVRSitting_Pawn_Example 1.086
[2017.08.22-20.52.19:257][ 68]BlueprintLog: New page: Compile SteamVR_Pawn_Sitting
[2017.08.22-20.52.22:692][184]LogTemp: Repeating last play command: VR Preview
[2017.08.22-20.52.22:707][184]LogPlayLevel: PlayLevel: No blueprints needed recompiling
[2017.08.22-20.52.22:707][184]PIE: New page: PIE session: SteamVRSitting_Pawn_Example (Aug 22, 2017, 12:52:22 PM)
[2017.08.22-20.52.22:707][184]LogPlayLevel: Creating play world package: /Game/UEDPIE_0_SteamVRSitting_Pawn_Example
[2017.08.22-20.52.22:712][184]LogPlayLevel: PIE: StaticDuplicateObject took: (0.005023s)
[2017.08.22-20.52.22:713][184]LogAIModule: Creating AISystem for world SteamVRSitting_Pawn_Example
[2017.08.22-20.52.22:714][184]LogPlayLevel: PIE: World Init took: (0.001266s)
[2017.08.22-20.52.22:714][184]LogPlayLevel: PIE: Created PIE world by copying editor world from /Game/SteamVRSitting_Pawn_Example.SteamVRSitting_Pawn_Example to /Game/UEDPIE_0_SteamVRSitting_Pawn_Example.SteamVRSitting_Pawn_Example (0.006728s)
[2017.08.22-20.52.22:822][184]LogInit: XAudio2 using 'Speakers (Realtek High Definition Audio)' : 2 channels at 48 kHz using 32 bits per sample (channel mask 0x3)
[2017.08.22-20.52.22:837][184]LogInit: FAudioDevice initialized.
[2017.08.22-20.52.23:077][184]LogLoad: Game class is 'GameModeBase'
[2017.08.22-20.52.23:080][184]LogWorld: Bringing World /Game/UEDPIE_0_SteamVRSitting_Pawn_Example.SteamVRSitting_Pawn_Example up for play (max tick rate 0) at 2017.08.22-16.52.23
[2017.08.22-20.52.23:080][184]LogWorld: Bringing up level for play took: 0.001986
[2017.08.22-20.52.23:093][184]PIE: Play in editor start time for /Game/UEDPIE_0_SteamVRSitting_Pawn_Example 1.326
[2017.08.22-20.52.39:155][154]BlueprintLog: New page: Compile SteamVR_Pawn_Sitting
[2017.08.22-20.52.40:939][197]LogTemp: Repeating last play command: VR Preview
[2017.08.22-20.52.40:954][197]LogPlayLevel: PlayLevel: No blueprints needed recompiling
[2017.08.22-20.52.40:954][197]PIE: New page: PIE session: SteamVRSitting_Pawn_Example (Aug 22, 2017, 12:52:40 PM)
[2017.08.22-20.52.40:954][197]LogPlayLevel: Creating play world package: /Game/UEDPIE_0_SteamVRSitting_Pawn_Example
[2017.08.22-20.52.40:960][197]LogPlayLevel: PIE: StaticDuplicateObject took: (0.005621s)
[2017.08.22-20.52.40:961][197]LogAIModule: Creating AISystem for world SteamVRSitting_Pawn_Example
[2017.08.22-20.52.40:962][197]LogPlayLevel: PIE: World Init took: (0.001263s)
[2017.08.22-20.52.40:962][197]LogPlayLevel: PIE: Created PIE world by copying editor world from /Game/SteamVRSitting_Pawn_Example.SteamVRSitting_Pawn_Example to /Game/UEDPIE_0_SteamVRSitting_Pawn_Example.SteamVRSitting_Pawn_Example (0.007312s)
[2017.08.22-20.52.41:072][197]LogInit: XAudio2 using 'Speakers (Realtek High Definition Audio)' : 2 channels at 48 kHz using 32 bits per sample (channel mask 0x3)
[2017.08.22-20.52.41:087][197]LogInit: FAudioDevice initialized.
[2017.08.22-20.52.41:325][197]LogLoad: Game class is 'GameModeBase'
[2017.08.22-20.52.41:328][197]LogWorld: Bringing World /Game/UEDPIE_0_SteamVRSitting_Pawn_Example.SteamVRSitting_Pawn_Example up for play (max tick rate 0) at 2017.08.22-16.52.41
[2017.08.22-20.52.41:329][197]LogWorld: Bringing up level for play took: 0.002411
[2017.08.22-20.52.41:342][197]PIE: Play in editor start time for /Game/UEDPIE_0_SteamVRSitting_Pawn_Example -0.423
[2017.08.22-20.52.49:361][672]LogTemp: Repeating last play command: VR Preview
[2017.08.22-20.52.49:376][672]BlueprintLog: New page: Pre-Play auto-recompile
[2017.08.22-20.52.49:381][672]LogPlayLevel: [PlayLevel] Compiling SteamVR_Pawn_Sitting before play...
[2017.08.22-20.52.49:897][672]LogPlayLevel: PlayLevel: Blueprint regeneration took 521 ms (1 blueprints)
[2017.08.22-20.52.49:897][672]PIE: New page: PIE session: SteamVRSitting_Pawn_Example (Aug 22, 2017, 12:52:49 PM)
[2017.08.22-20.52.49:897][672]LogPlayLevel: Creating play world package: /Game/UEDPIE_0_SteamVRSitting_Pawn_Example
[2017.08.22-20.52.49:903][672]LogPlayLevel: PIE: StaticDuplicateObject took: (0.005653s)
[2017.08.22-20.52.49:904][672]LogAIModule: Creating AISystem for world SteamVRSitting_Pawn_Example
[2017.08.22-20.52.49:904][672]LogPlayLevel: PIE: World Init took: (0.001401s)
[2017.08.22-20.52.49:905][672]LogPlayLevel: PIE: Created PIE world by copying editor world from /Game/SteamVRSitting_Pawn_Example.SteamVRSitting_Pawn_Example to /Game/UEDPIE_0_SteamVRSitting_Pawn_Example.SteamVRSitting_Pawn_Example (0.007478s)
[2017.08.22-20.52.50:016][672]LogInit: XAudio2 using 'Speakers (Realtek High Definition Audio)' : 2 channels at 48 kHz using 32 bits per sample (channel mask 0x3)
[2017.08.22-20.52.50:031][672]LogInit: FAudioDevice initialized.
[2017.08.22-20.52.50:279][672]LogLoad: Game class is 'GameModeBase'
[2017.08.22-20.52.50:282][672]LogWorld: Bringing World /Game/UEDPIE_0_SteamVRSitting_Pawn_Example.SteamVRSitting_Pawn_Example up for play (max tick rate 0) at 2017.08.22-16.52.50
[2017.08.22-20.52.50:283][672]LogWorld: Bringing up level for play took: 0.002034
[2017.08.22-20.52.50:296][672]PIE: Play in editor start time for /Game/UEDPIE_0_SteamVRSitting_Pawn_Example 0.531
[2017.08.22-20.53.07:977][ 56]BlueprintLog: New page: Compile SteamVR_Pawn_Sitting
[2017.08.22-20.53.09:503][100]LogTemp: Repeating last play command: VR Preview
[2017.08.22-20.53.09:518][100]LogPlayLevel: PlayLevel: No blueprints needed recompiling
[2017.08.22-20.53.09:518][100]PIE: New page: PIE session: SteamVRSitting_Pawn_Example (Aug 22, 2017, 12:53:09 PM)
[2017.08.22-20.53.09:518][100]LogPlayLevel: Creating play world package: /Game/UEDPIE_0_SteamVRSitting_Pawn_Example
[2017.08.22-20.53.09:523][100]LogPlayLevel: PIE: StaticDuplicateObject took: (0.005069s)
[2017.08.22-20.53.09:524][100]LogAIModule: Creating AISystem for world SteamVRSitting_Pawn_Example
[2017.08.22-20.53.09:525][100]LogPlayLevel: PIE: World Init took: (0.001312s)
[2017.08.22-20.53.09:525][100]LogPlayLevel: PIE: Created PIE world by copying editor world from /Game/SteamVRSitting_Pawn_Example.SteamVRSitting_Pawn_Example to /Game/UEDPIE_0_SteamVRSitting_Pawn_Example.SteamVRSitting_Pawn_Example (0.006793s)
[2017.08.22-20.53.09:633][100]LogInit: XAudio2 using 'Speakers (Realtek High Definition Audio)' : 2 channels at 48 kHz using 32 bits per sample (channel mask 0x3)
[2017.08.22-20.53.09:647][100]LogInit: FAudioDevice initialized.
[2017.08.22-20.53.09:895][100]LogLoad: Game class is 'GameModeBase'
[2017.08.22-20.53.09:898][100]LogWorld: Bringing World /Game/UEDPIE_0_SteamVRSitting_Pawn_Example.SteamVRSitting_Pawn_Example up for play (max tick rate 0) at 2017.08.22-16.53.09
[2017.08.22-20.53.09:898][100]LogWorld: Bringing up level for play took: 0.002166
[2017.08.22-20.53.09:919][100]PIE: Play in editor start time for /Game/UEDPIE_0_SteamVRSitting_Pawn_Example 0.155
[2017.08.22-20.53.28:336][547]LogTemp: Repeating last play command: VR Preview
[2017.08.22-20.53.28:350][547]LogPlayLevel: PlayLevel: No blueprints needed recompiling
[2017.08.22-20.53.28:351][547]PIE: New page: PIE session: SteamVRSitting_Pawn_Example (Aug 22, 2017, 12:53:28 PM)
[2017.08.22-20.53.28:351][547]LogPlayLevel: Creating play world package: /Game/UEDPIE_0_SteamVRSitting_Pawn_Example
[2017.08.22-20.53.28:356][547]LogPlayLevel: PIE: StaticDuplicateObject took: (0.005336s)
[2017.08.22-20.53.28:357][547]LogAIModule: Creating AISystem for world SteamVRSitting_Pawn_Example
[2017.08.22-20.53.28:358][547]LogPlayLevel: PIE: World Init took: (0.001388s)
[2017.08.22-20.53.28:358][547]LogPlayLevel: PIE: Created PIE world by copying editor world from /Game/SteamVRSitting_Pawn_Example.SteamVRSitting_Pawn_Example to /Game/UEDPIE_0_SteamVRSitting_Pawn_Example.SteamVRSitting_Pawn_Example (0.007160s)
[2017.08.22-20.53.28:468][547]LogInit: XAudio2 using 'Speakers (Realtek High Definition Audio)' : 2 channels at 48 kHz using 32 bits per sample (channel mask 0x3)
[2017.08.22-20.53.28:482][547]LogInit: FAudioDevice initialized.
[2017.08.22-20.53.28:722][547]LogLoad: Game class is 'GameModeBase'
[2017.08.22-20.53.28:725][547]LogWorld: Bringing World /Game/UEDPIE_0_SteamVRSitting_Pawn_Example.SteamVRSitting_Pawn_Example up for play (max tick rate 0) at 2017.08.22-16.53.28
[2017.08.22-20.53.28:725][547]LogWorld: Bringing up level for play took: 0.002046
[2017.08.22-20.53.28:738][547]PIE: Play in editor start time for /Game/UEDPIE_0_SteamVRSitting_Pawn_Example 0.975
[2017.08.22-20.53.51:262][131]BlueprintLog: New page: Compile SteamVR_Pawn_Sitting
[2017.08.22-20.53.57:035][401]LogTemp: Repeating last play command: VR Preview
[2017.08.22-20.53.57:050][401]LogPlayLevel: PlayLevel: No blueprints needed recompiling
[2017.08.22-20.53.57:050][401]PIE: New page: PIE session: SteamVRSitting_Pawn_Example (Aug 22, 2017, 12:53:57 PM)
[2017.08.22-20.53.57:050][401]LogPlayLevel: Creating play world package: /Game/UEDPIE_0_SteamVRSitting_Pawn_Example
[2017.08.22-20.53.57:056][401]LogPlayLevel: PIE: StaticDuplicateObject took: (0.005142s)
[2017.08.22-20.53.57:057][401]LogAIModule: Creating AISystem for world SteamVRSitting_Pawn_Example
[2017.08.22-20.53.57:057][401]LogPlayLevel: PIE: World Init took: (0.001328s)
[2017.08.22-20.53.57:057][401]LogPlayLevel: PIE: Created PIE world by copying editor world from /Game/SteamVRSitting_Pawn_Example.SteamVRSitting_Pawn_Example to /Game/UEDPIE_0_SteamVRSitting_Pawn_Example.SteamVRSitting_Pawn_Example (0.006903s)
[2017.08.22-20.53.57:165][401]LogInit: XAudio2 using 'Speakers (Realtek High Definition Audio)' : 2 channels at 48 kHz using 32 bits per sample (channel mask 0x3)
[2017.08.22-20.53.57:179][401]LogInit: FAudioDevice initialized.
[2017.08.22-20.53.57:411][401]LogLoad: Game class is 'GameModeBase'
[2017.08.22-20.53.57:414][401]LogWorld: Bringing World /Game/UEDPIE_0_SteamVRSitting_Pawn_Example.SteamVRSitting_Pawn_Example up for play (max tick rate 0) at 2017.08.22-16.53.57
[2017.08.22-20.53.57:414][401]LogWorld: Bringing up level for play took: 0.001970
[2017.08.22-20.53.57:454][401]PIE: Play in editor start time for /Game/UEDPIE_0_SteamVRSitting_Pawn_Example -0.308
[2017.08.22-20.54.13:898][629]LogTemp: Repeating last play command: VR Preview
[2017.08.22-20.54.13:926][629]BlueprintLog: New page: Pre-Play auto-recompile
[2017.08.22-20.54.13:931][629]LogPlayLevel: [PlayLevel] Compiling SteamVR_Pawn_Sitting before play...
[2017.08.22-20.54.14:435][629]LogPlayLevel: PlayLevel: Blueprint regeneration took 509 ms (1 blueprints)
[2017.08.22-20.54.14:436][629]PIE: New page: PIE session: SteamVRSitting_Pawn_Example (Aug 22, 2017, 12:54:14 PM)
[2017.08.22-20.54.14:436][629]LogPlayLevel: Creating play world package: /Game/UEDPIE_0_SteamVRSitting_Pawn_Example
[2017.08.22-20.54.14:442][629]LogPlayLevel: PIE: StaticDuplicateObject took: (0.006066s)
[2017.08.22-20.54.14:443][629]LogAIModule: Creating AISystem for world SteamVRSitting_Pawn_Example
[2017.08.22-20.54.14:443][629]LogPlayLevel: PIE: World Init took: (0.001314s)
[2017.08.22-20.54.14:444][629]LogPlayLevel: PIE: Created PIE world by copying editor world from /Game/SteamVRSitting_Pawn_Example.SteamVRSitting_Pawn_Example to /Game/UEDPIE_0_SteamVRSitting_Pawn_Example.SteamVRSitting_Pawn_Example (0.007829s)
[2017.08.22-20.54.14:551][629]LogInit: XAudio2 using 'Speakers (Realtek High Definition Audio)' : 2 channels at 48 kHz using 32 bits per sample (channel mask 0x3)
[2017.08.22-20.54.14:566][629]LogInit: FAudioDevice initialized.
[2017.08.22-20.54.14:778][629]LogLoad: Game class is 'GameModeBase'
[2017.08.22-20.54.14:781][629]LogWorld: Bringing World /Game/UEDPIE_0_SteamVRSitting_Pawn_Example.SteamVRSitting_Pawn_Example up for play (max tick rate 0) at 2017.08.22-16.54.14
[2017.08.22-20.54.14:781][629]LogWorld: Bringing up level for play took: 0.002240
[2017.08.22-20.54.14:817][629]PIE: Play in editor start time for /Game/UEDPIE_0_SteamVRSitting_Pawn_Example 1.056
[2017.08.22-20.54.26:336][452]BlueprintLog: New page: Compile SteamVR_Pawn_Sitting
[2017.08.22-20.54.33:071][792]LogTemp: Repeating last play command: VR Preview
[2017.08.22-20.54.33:086][792]LogPlayLevel: PlayLevel: No blueprints needed recompiling
[2017.08.22-20.54.33:086][792]PIE: New page: PIE session: SteamVRSitting_Pawn_Example (Aug 22, 2017, 12:54:33 PM)
[2017.08.22-20.54.33:087][792]LogPlayLevel: Creating play world package: /Game/UEDPIE_0_SteamVRSitting_Pawn_Example
[2017.08.22-20.54.33:092][792]LogPlayLevel: PIE: StaticDuplicateObject took: (0.005376s)
[2017.08.22-20.54.33:094][792]LogAIModule: Creating AISystem for world SteamVRSitting_Pawn_Example
[2017.08.22-20.54.33:094][792]LogPlayLevel: PIE: World Init took: (0.001915s)
[2017.08.22-20.54.33:094][792]LogPlayLevel: PIE: Created PIE world by copying editor world from /Game/SteamVRSitting_Pawn_Example.SteamVRSitting_Pawn_Example to /Game/UEDPIE_0_SteamVRSitting_Pawn_Example.SteamVRSitting_Pawn_Example (0.007769s)
[2017.08.22-20.54.33:208][792]LogInit: XAudio2 using 'Speakers (Realtek High Definition Audio)' : 2 channels at 48 kHz using 32 bits per sample (channel mask 0x3)
[2017.08.22-20.54.33:223][792]LogInit: FAudioDevice initialized.
[2017.08.22-20.54.33:460][792]LogLoad: Game class is 'GameModeBase'
[2017.08.22-20.54.33:463][792]LogWorld: Bringing World /Game/UEDPIE_0_SteamVRSitting_Pawn_Example.SteamVRSitting_Pawn_Example up for play (max tick rate 0) at 2017.08.22-16.54.33
[2017.08.22-20.54.33:463][792]LogWorld: Bringing up level for play took: 0.002019
[2017.08.22-20.54.33:497][792]PIE: Play in editor start time for /Game/UEDPIE_0_SteamVRSitting_Pawn_Example -0.264
[2017.08.22-21.03.00:006][998]LogSavePackage: Save=53.52ms
[2017.08.22-21.03.00:006][998]LogSavePackage: Moving '../../../../../UE4_Projects/SteamVRCameraExample/Saved/SteamVRSitting_Pawn_Example_Auto1D241ECEA49B9ED15FEE0B2ADF218E0D1.tmp' to '../../../../../UE4_Projects/SteamVRCameraExample/Saved/Autosaves/Game/SteamVRSitting_Pawn_Example_Auto1.umap'
[2017.08.22-21.03.00:007][998]LogSavePackage: Display: Finished SavePackage ../../../../../UE4_Projects/SteamVRCameraExample/Saved/Autosaves/Game/SteamVRSitting_Pawn_Example_Auto1.umap
[2017.08.22-21.03.00:009][998]LogFileHelpers: Editor autosave (incl. sublevels) for '/Game/SteamVRSitting_Pawn_Example' took 0.150
[2017.08.22-21.03.00:009][998]LogFileHelpers: Editor autosave (incl. sublevels) for all levels took 0.150
[2017.08.22-21.03.00:011][998]OBJ SavePackage: Generating thumbnails for [0] asset(s) in package [/Game/SteamVR_Pawn_Sitting] ([1] browsable assets)...
[2017.08.22-21.03.00:011][998]OBJ SavePackage: Finished generating thumbnails for package [/Game/SteamVR_Pawn_Sitting]
[2017.08.22-21.03.00:011][998]Cmd: OBJ SAVEPACKAGE PACKAGE="/Game/SteamVR_Pawn_Sitting" FILE="../../../../../UE4_Projects/SteamVRCameraExample/Saved/Autosaves/Game/SteamVR_Pawn_Sitting_Auto1.uasset" SILENT=false AUTOSAVING=true
[2017.08.22-21.03.00:038][998]LogSavePackage: Save=24.04ms
[2017.08.22-21.03.00:038][998]LogSavePackage: Moving '../../../../../UE4_Projects/SteamVRCameraExample/Saved/SteamVR_Pawn_Sitting_Auto17BAD886F4B8F11E172CB81972BCA9DC5.tmp' to '../../../../../UE4_Projects/SteamVRCameraExample/Saved/Autosaves/Game/SteamVR_Pawn_Sitting_Auto1.uasset'
[2017.08.22-21.03.00:039][998]LogSavePackage: Display: Finished SavePackage ../../../../../UE4_Projects/SteamVRCameraExample/Saved/Autosaves/Game/SteamVR_Pawn_Sitting_Auto1.uasset
[2017.08.22-21.03.00:039][998]LogFileHelpers: Auto-saving content packages took 0.028
[2017.08.22-21.07.21:888][790]LogTemp: Repeating last play command: VR Preview
[2017.08.22-21.07.21:924][790]LogPlayLevel: PlayLevel: No blueprints needed recompiling
[2017.08.22-21.07.21:924][790]PIE: New page: PIE session: SteamVRSitting_Pawn_Example (Aug 22, 2017, 1:07:21 PM)
[2017.08.22-21.07.21:925][790]LogPlayLevel: Creating play world package: /Game/UEDPIE_0_SteamVRSitting_Pawn_Example
[2017.08.22-21.07.21:931][790]LogPlayLevel: PIE: StaticDuplicateObject took: (0.006344s)
[2017.08.22-21.07.21:932][790]LogAIModule: Creating AISystem for world SteamVRSitting_Pawn_Example
[2017.08.22-21.07.21:933][790]LogPlayLevel: PIE: World Init took: (0.001722s)
[2017.08.22-21.07.21:933][790]LogPlayLevel: PIE: Created PIE world by copying editor world from /Game/SteamVRSitting_Pawn_Example.SteamVRSitting_Pawn_Example to /Game/UEDPIE_0_SteamVRSitting_Pawn_Example.SteamVRSitting_Pawn_Example (0.008666s)
[2017.08.22-21.07.22:047][790]LogInit: XAudio2 using 'Speakers (Realtek High Definition Audio)' : 2 channels at 48 kHz using 32 bits per sample (channel mask 0x3)
[2017.08.22-21.07.22:062][790]LogInit: FAudioDevice initialized.
