Log file open, 08/23/17 12:01:22
LogWindows: LoadLibraryWithSearchPaths failed for file aqProf.dll. GetLastError=0
LogWindows: LoadLibraryWithSearchPaths failed for file VtuneApi.dll. GetLastError=0
LogWindows: LoadLibraryWithSearchPaths failed for file VtuneApi32e.dll. GetLastError=0
LogInit: Display: Running engine for game: SVRStandingCamera
LogPlatformFile: Not using cached read wrapper
LogInit: Display: RandInit(-1611811392) SRandInit(-1611811392).
LogTaskGraph: Started task graph with 5 named threads and 50 total threads with 3 sets of task threads.
LogStats: Stats thread started at 0.583985
LogD3D11RHI: Aftermath initialized
LogPluginManager: Mounting plugin Paper2D
LogPluginManager: Mounting plugin LightPropagationVolume
LogPluginManager: Mounting plugin CodeLiteSourceCodeAccess
LogPluginManager: Mounting plugin GitSourceControl
LogPluginManager: Mounting plugin KDevelopSourceCodeAccess
LogPluginManager: Mounting plugin NullSourceCodeAccess
LogPluginManager: Mounting plugin PerforceSourceControl
LogPluginManager: Mounting plugin SubversionSourceControl
LogPluginManager: Mounting plugin UObjectPlugin
LogPluginManager: Mounting plugin VisualStudioSourceCodeAccess
LogPluginManager: Mounting plugin XCodeSourceCodeAccess
LogPluginManager: Mounting plugin AssetManagerEditor
LogPluginManager: Mounting plugin AudioCapture
LogPluginManager: Mounting plugin FacialAnimation
LogPluginManager: Mounting plugin GameplayTagsEditor
LogPluginManager: Mounting plugin MobileLauncherProfileWizard
LogPluginManager: Mounting plugin PluginBrowser
LogPluginManager: Mounting plugin SpeedTreeImporter
LogPluginManager: Mounting plugin AlembicImporter
LogPluginManager: Mounting plugin CharacterAI
LogPluginManager: Mounting plugin HTML5Networking
LogPluginManager: Mounting plugin AndroidMedia
LogPluginManager: Mounting plugin AvfMedia
LogPluginManager: Mounting plugin MediaPlayerEditor
LogPluginManager: Mounting plugin WmfMedia
LogPluginManager: Mounting plugin TcpMessaging
LogPluginManager: Mounting plugin UdpMessaging
LogPluginManager: Mounting plugin LevelSequenceEditor
LogPluginManager: Mounting plugin MatineeToLevelSequence
LogPluginManager: Mounting plugin OnlineSubsystemGooglePlay
LogPluginManager: Mounting plugin OnlineSubsystemIOS
LogPluginManager: Mounting plugin OnlineSubsystem
LogPluginManager: Mounting plugin OnlineSubsystemNull
LogPluginManager: Mounting plugin OnlineSubsystemUtils
LogPluginManager: Mounting plugin AndroidDeviceProfileSelector
LogPluginManager: Mounting plugin AndroidMoviePlayer
LogPluginManager: Mounting plugin AndroidPermission
LogPluginManager: Mounting plugin AppleMoviePlayer
LogPluginManager: Mounting plugin ArchVisCharacter
LogPluginManager: Mounting plugin CableComponent
LogPluginManager: Mounting plugin CustomMeshComponent
LogPluginManager: Mounting plugin ExampleDeviceProfileSelector
LogPluginManager: Mounting plugin GoogleCloudMessaging
LogPluginManager: Mounting plugin ImmediatePhysics
LogPluginManager: Mounting plugin IOSDeviceProfileSelector
LogPluginManager: Mounting plugin LinuxDeviceProfileSelector
LogPluginManager: Mounting plugin LocationServicesBPLibrary
LogPluginManager: Mounting plugin MobilePatchingUtils
LogPluginManager: Mounting plugin OculusVR
LogPluginManager: Mounting plugin PhysXVehicles
LogPluginManager: Mounting plugin ProceduralMeshComponent
LogPluginManager: Mounting plugin RuntimePhysXCooking
LogPluginManager: Mounting plugin SteamVR
LogPluginManager: Mounting plugin WindowsMoviePlayer
LogInit: Using libcurl 7.47.1
LogInit:  - built for x86_64-pc-win32
LogInit:  - supports SSL with OpenSSL/1.0.2g
LogInit:  - supports HTTP deflate (compression) using libz 1.2.8
LogInit:  - other features:
LogInit:      CURL_VERSION_SSL
LogInit:      CURL_VERSION_LIBZ
LogInit:      CURL_VERSION_IPV6
LogInit:      CURL_VERSION_ASYNCHDNS
LogInit:      CURL_VERSION_LARGEFILE
LogInit:      CURL_VERSION_IDN
LogInit:  CurlRequestOptions (configurable via config and command line):
LogInit:  - bVerifyPeer = false  - Libcurl will NOT verify peer certificate
LogInit:  - bUseHttpProxy = false  - Libcurl will NOT use HTTP proxy
LogInit:  - bDontReuseConnections = false  - Libcurl will reuse connections
LogInit:  - CertBundlePath = nullptr  - Libcurl will use whatever was configured at build time.
LogHMD: Failed initializing OVRPlugin 1.15.0
LogInit: Build: ++UE4+Release-4.17-CL-3586342
LogInit: Engine Version: 4.17.1-3586342+++UE4+Release-4.17
LogInit: Compatible Engine Version: 4.17.0-3573198+++UE4+Release-4.17
LogInit: Net CL: 3573198
LogDevObjectVersion: Number of dev versions registered: 16
LogDevObjectVersion:   Dev-Blueprints (B0D832E4-1F89-4F0D-ACCF-7EB736FD4AA2): 10
LogDevObjectVersion:   Dev-Build (E1C64328-A22C-4D53-A36C-8E866417BD8C): 0
LogDevObjectVersion:   Dev-Core (375EC13C-06E4-48FB-B500-84F0262A717E): 2
LogDevObjectVersion:   Dev-Editor (E4B068ED-F494-42E9-A231-DA0B2E46BB41): 20
LogDevObjectVersion:   Dev-Framework (CFFC743F-43B0-4480-9391-14DF171D2073): 28
LogDevObjectVersion:   Dev-Mobile (B02B49B5-BB20-44E9-A304-32B752E40360): 0
LogDevObjectVersion:   Dev-Networking (A4E4105C-59A1-49B5-A7C5-40C4547EDFEE): 0
LogDevObjectVersion:   Dev-Online (39C831C9-5AE6-47DC-9A44-9C173E1C8E7C): 0
LogDevObjectVersion:   Dev-Physics (78F01B33-EBEA-4F98-B9B4-84EACCB95AA2): 0
LogDevObjectVersion:   Dev-Platform (6631380F-2D4D-43E0-8009-CF276956A95A): 0
LogDevObjectVersion:   Dev-Rendering (12F88B9F-8875-4AFC-A67C-D90C383ABD29): 19
LogDevObjectVersion:   Dev-Sequencer (7B5AE74C-D270-4C10-A958-57980B212A5A): 4
LogDevObjectVersion:   Dev-VR (D7296918-1DD6-4BDD-9DE2-64A83CC13884): 0
LogDevObjectVersion:   Dev-LoadTimes (C2A15278-BFE7-4AFE-6C17-90FF531DF755): 1
LogDevObjectVersion:   Private-Geometry (6EACA3D4-40EC-4CC1-B786-8BED09428FC5): 1
LogDevObjectVersion:   Dev-AnimPhys (29E575DD-E0A3-4627-9D10-D276232CDCEA): 7
LogInit: Compiled (64-bit): Aug 15 2017 02:05:26
LogInit: Compiled with Visual C++: 19.00.24215.01
LogInit: Build Configuration: Development
LogInit: Branch Name: ++UE4+Release-4.17
LogInit: Command line:  
LogInit: Base directory: D:/UE4_Public/UE_4.17/Engine/Binaries/Win64/
LogInit: Installed Engine Build: 1
LogInit: Presizing for max 8388607 objects, including 0 objects not considered by GC, pre-allocating 0 bytes for permanent pool.
LogInit: Object subsystem initialized
[2017.08.23-16.01.23:983][  0]LogInit: Selected Device Profile: [Windows]
[2017.08.23-16.01.23:983][  0]LogInit: Applying CVar settings loaded from the selected device profile: [Windows]
[2017.08.23-16.01.24:004][  0]LogInit: Computer: RDU-WD-2977
[2017.08.23-16.01.24:004][  0]LogInit: User: SamDeiter
[2017.08.23-16.01.24:004][  0]LogInit: CPU Page size=4096, Cores=16
[2017.08.23-16.01.24:005][  0]LogInit: High frequency timer resolution =2.143300 MHz
[2017.08.23-16.01.24:005][  0]LogMemory: Memory total: Physical=31.9GB (32GB approx)
[2017.08.23-16.01.24:005][  0]LogMemory: Platform Memory Stats for Windows
[2017.08.23-16.01.24:005][  0]LogMemory: Process Physical Memory: 298.00 MB used, 298.00 MB peak
[2017.08.23-16.01.24:005][  0]LogMemory: Process Virtual Memory: 295.32 MB used, 295.32 MB peak
[2017.08.23-16.01.24:005][  0]LogMemory: Physical Memory: 23349.48 MB used,  9345.17 MB free, 32694.65 MB total
[2017.08.23-16.01.24:005][  0]LogMemory: Virtual Memory: 726.63 MB used,  9345.17 MB free, 8388608.00 MB total
[2017.08.23-16.01.24:230][  0]LogInit: Using OS detected language (en-US).
[2017.08.23-16.01.24:230][  0]LogInit: Using OS detected locale (en-US).
[2017.08.23-16.01.24:236][  0]LogTextLocalizationManager: No specific localization for 'en-US' exists, so the 'en' localization will be used.
[2017.08.23-16.01.25:544][  0]LogD3D11RHI: D3D11 adapters:
[2017.08.23-16.01.26:490][  0]LogD3D11RHI:    0. 'NVIDIA GeForce GTX 1070' (Feature Level 11_0)
[2017.08.23-16.01.26:491][  0]LogD3D11RHI:       8085/0/16091 MB DedicatedVideo/DedicatedSystem/SharedSystem, Outputs:3, VendorId:0x10de
[2017.08.23-16.01.26:491][  0]LogD3D11RHI: Chosen D3D11 Adapter: 0
[2017.08.23-16.01.26:501][  0]LogD3D11RHI: Creating new Direct3DDevice
[2017.08.23-16.01.26:501][  0]LogD3D11RHI:     GPU DeviceId: 0x1b81 (for the marketing name, search the web for "GPU Device Id")
[2017.08.23-16.01.26:501][  0]LogWindows: EnumDisplayDevices:
[2017.08.23-16.01.26:502][  0]LogWindows:    0. 'NVIDIA GeForce GTX 1070' (P:1 D:1)
[2017.08.23-16.01.26:502][  0]LogWindows:    1. 'NVIDIA GeForce GTX 1070' (P:0 D:1)
[2017.08.23-16.01.26:503][  0]LogWindows:    2. 'NVIDIA GeForce GTX 1070' (P:0 D:1)
[2017.08.23-16.01.26:503][  0]LogWindows:    3. 'NVIDIA GeForce GTX 1070' (P:0 D:0)
[2017.08.23-16.01.26:503][  0]LogWindows:    4. 'RDPDD Chained DD' (P:0 D:0)
[2017.08.23-16.01.26:504][  0]LogWindows:    5. 'RDP Encoder Mirror Driver' (P:0 D:0)
[2017.08.23-16.01.26:504][  0]LogWindows:    6. 'RDP Reflector Display Driver' (P:0 D:0)
[2017.08.23-16.01.26:504][  0]LogWindows:    7. 'DameWare Development Mirror Driver 64-bit' (P:0 D:0)
[2017.08.23-16.01.26:504][  0]LogWindows: DebugString: GetVideoDriverDetailsInvalid PrimaryIsNotTheChoosenAdapter GetVideoDriverDetailsInvalid PrimaryIsNotTheChoosenAdapter GetVideoDriverDetailsInvalid PrimaryIsNotTheChoosenAdapter GetVideoDriverDetailsInvalid PrimaryIsNotTheChoosenAdapter FoundDriverCount:4 
[2017.08.23-16.01.26:504][  0]LogD3D11RHI:     Adapter Name: NVIDIA GeForce GTX 1070
[2017.08.23-16.01.26:504][  0]LogD3D11RHI:   Driver Version: 382.05 (internal:22.21.13.8205, unified:382.05)
[2017.08.23-16.01.26:504][  0]LogD3D11RHI:      Driver Date: 5-1-2017
[2017.08.23-16.01.26:504][  0]LogRHI: Texture pool is 1361 MB (70% of 1945 MB)
[2017.08.23-16.01.27:397][  0]LogD3D11RHI: Async texture creation enabled
[2017.08.23-16.01.27:451][  0]LogD3D11RHI: GPU Timing Frequency: 1000.000000 (Debug: 2 3)
[2017.08.23-16.01.27:542][  0]LogShaderCompilers: Guid format shader working directory is -6 characters bigger than the processId version (../../../../../UE4_Projects/SteamVRStandingCameraExample/Intermediate/Shaders/WorkingDirectory/12336/).
[2017.08.23-16.01.27:542][  0]LogShaderCompilers: Cleaned the shader compiler working directory 'C:/Users/sam.deiter/AppData/Local/Temp/UnrealShaderWorkingDir/3D9EC7F644FE671509CC3DB7578FFB73/'.
[2017.08.23-16.01.27:542][  0]LogShaderCompilers: Display: Using Local Shader Compiler.
[2017.08.23-16.01.29:267][  0]LogTemp: Display: Loaded TP AllDesktopTargetPlatform
[2017.08.23-16.01.29:343][  0]LogTemp: Display: Loaded TP MacClientTargetPlatform
[2017.08.23-16.01.29:419][  0]LogTemp: Display: Loaded TP MacNoEditorTargetPlatform
[2017.08.23-16.01.29:495][  0]LogTemp: Display: Loaded TP MacServerTargetPlatform
[2017.08.23-16.01.29:571][  0]LogTemp: Display: Loaded TP MacTargetPlatform
[2017.08.23-16.01.29:648][  0]LogTemp: Display: Loaded TP WindowsClientTargetPlatform
[2017.08.23-16.01.29:724][  0]LogTemp: Display: Loaded TP WindowsNoEditorTargetPlatform
[2017.08.23-16.01.29:800][  0]LogTemp: Display: Loaded TP WindowsServerTargetPlatform
[2017.08.23-16.01.29:864][  0]LogTemp: Display: Loaded TP WindowsTargetPlatform
[2017.08.23-16.01.29:940][  0]LogTemp: Display: Loaded TP AndroidTargetPlatform
[2017.08.23-16.01.30:013][  0]LogTemp: Display: Loaded TP Android_ASTCTargetPlatform
[2017.08.23-16.01.30:087][  0]LogTemp: Display: Loaded TP Android_ATCTargetPlatform
[2017.08.23-16.01.30:161][  0]LogTemp: Display: Loaded TP Android_DXTTargetPlatform
[2017.08.23-16.01.30:234][  0]LogTemp: Display: Loaded TP Android_ETC1TargetPlatform
[2017.08.23-16.01.30:309][  0]LogTemp: Display: Loaded TP Android_ETC2TargetPlatform
[2017.08.23-16.01.30:457][  0]LogTemp: Display: Loaded TP Android_MultiTargetPlatform
[2017.08.23-16.01.30:457][  0]LogTemp: Display: Loaded TP Android_PVRTCTargetPlatform
[2017.08.23-16.01.30:512][  0]LogTemp: Display: Loaded TP HTML5TargetPlatform
[2017.08.23-16.01.30:632][  0]LogTemp: Display: Loaded TP IOSTargetPlatform
[2017.08.23-16.01.30:672][  0]LogTemp: Display: Loaded TP TVOSTargetPlatform
[2017.08.23-16.01.30:747][  0]LogTemp: Display: Loaded TP LinuxClientTargetPlatform
[2017.08.23-16.01.30:821][  0]LogTemp: Display: Loaded TP LinuxNoEditorTargetPlatform
[2017.08.23-16.01.30:894][  0]LogTemp: Display: Loaded TP LinuxServerTargetPlatform
[2017.08.23-16.01.30:967][  0]LogTemp: Display: Loaded TP LinuxTargetPlatform
[2017.08.23-16.01.30:967][  0]LogTargetPlatformManager: Display: Building Assets For Windows
[2017.08.23-16.01.31:610][  0]LogDerivedDataCache: Display: Max Cache Size: 512 MB
[2017.08.23-16.01.32:490][  0]LogDerivedDataCache: Loaded boot cache 0.88s 93MB C:/Users/sam.deiter/AppData/Local/UnrealEngine/4.17/DerivedDataCache/Boot.ddc.
[2017.08.23-16.01.32:491][  0]LogDerivedDataCache: Display: Loaded Boot cache: C:/Users/sam.deiter/AppData/Local/UnrealEngine/4.17/DerivedDataCache/Boot.ddc
[2017.08.23-16.01.32:491][  0]LogDerivedDataCache: FDerivedDataBackendGraph:  Pak pak cache file ../../../../../UE4_Projects/SteamVRStandingCameraExample/DerivedDataCache/DDC.ddp not found, will not use a pak cache.
[2017.08.23-16.01.32:491][  0]LogDerivedDataCache: Unable to find inner node Pak for hierarchical cache Hierarchy.
[2017.08.23-16.01.32:491][  0]LogDerivedDataCache: FDerivedDataBackendGraph:  CompressedPak pak cache file ../../../../../UE4_Projects/SteamVRStandingCameraExample/DerivedDataCache/Compressed.ddp not found, will not use a pak cache.
[2017.08.23-16.01.32:491][  0]LogDerivedDataCache: Unable to find inner node CompressedPak for hierarchical cache Hierarchy.
[2017.08.23-16.01.32:523][  0]LogDerivedDataCache: Display: Pak cache opened for reading ../../../Engine/DerivedDataCache/Compressed.ddp.
[2017.08.23-16.01.32:535][  0]LogDerivedDataCache: Using Local data cache path C:/Users/sam.deiter/AppData/Local/UnrealEngine/Common/DerivedDataCache: Writable
[2017.08.23-16.01.32:554][  0]LogMaterial: Verifying Global Shaders for PCD3D_SM5
[2017.08.23-16.01.32:555][  0]LogSlate: Using Freetype 2.6.0
[2017.08.23-16.01.32:556][  0]LogSlate: SlateFontCache - WITH_FREETYPE: 1, WITH_HARFBUZZ: 1
[2017.08.23-16.01.32:556][  0]LogSlate: SlateFontCache - WITH_FREETYPE: 1, WITH_HARFBUZZ: 1
[2017.08.23-16.01.33:054][  0]LogAssetRegistry: FAssetRegistry took 0.0280 seconds to start up
[2017.08.23-16.01.33:343][  0]LogInit: Selected Device Profile: [Windows]
[2017.08.23-16.01.33:351][  0]LogContentStreaming: Texture pool size is 0.00 MB
[2017.08.23-16.01.33:944][  0]LogSimplygon: Simplygon DLL not present - disabling.
[2017.08.23-16.01.34:001][  0]LogMeshReduction: Using SimplygonSwarm for distributed automatic mesh merging
[2017.08.23-16.01.34:001][  0]LogMeshReduction: Using QuadricMeshReduction for automatic static mesh reduction
[2017.08.23-16.01.34:001][  0]LogMeshReduction: No automatic skeletal mesh reduction module available
[2017.08.23-16.01.34:001][  0]LogMeshReduction: No automatic mesh merging module available
[2017.08.23-16.01.34:001][  0]LogMeshMerging: No automatic mesh merging module available
[2017.08.23-16.01.34:663][  0]LogNetVersion: SVRStandingCamera , NetCL: 3573198, EngineNetVer: 2, GameNetVer: 0 (Checksum: 3840166555)
[2017.08.23-16.01.34:967][  0]LogPackageLocalizationCache: Processed 5 localized package path(s) for 2 prioritized culture(s) in 0.041828 seconds
[2017.08.23-16.01.34:976][  0]LogUObjectArray: 35825 objects as part of root set at end of initial load.
[2017.08.23-16.01.34:976][  0]LogUObjectAllocator: 7529104 out of 0 bytes used by permanent object pool.
[2017.08.23-16.01.34:976][  0]LogUObjectArray: CloseDisregardForGC: 0/0 objects in disregard for GC pool
[2017.08.23-16.01.35:049][  0]LogInit: WinSock: version 1.1 (2.2), MaxSocks=32767, MaxUdp=65467
[2017.08.23-16.01.38:948][  0]LogTcpMessaging: Initializing TcpMessaging bridge
[2017.08.23-16.01.38:995][  0]LogUdpMessaging: Initializing bridge on interface 0.0.0.0:0 to multicast group 230.0.0.1:6666.
[2017.08.23-16.01.39:894][  0]LogMaterial: Uniform references updated for custom material expression Custom.
[2017.08.23-16.01.40:503][  0]SourceControl: Source control is disabled
[2017.08.23-16.01.40:503][  0]SourceControl: Source control is disabled
[2017.08.23-16.01.40:574][  0]SourceControl: Source control is disabled
[2017.08.23-16.01.40:642][  0]SourceControl: Source control is disabled
[2017.08.23-16.01.41:460][  0]LogAndroidPermission: UAndroidPermissionCallbackProxy::GetInstance
[2017.08.23-16.01.41:814][  0]LogOcInput: OculusInput pre-init called
[2017.08.23-16.01.42:187][  0]LogEngine: Initializing Engine...
[2017.08.23-16.01.46:637][  0]LogHMD: SteamVR initialized.  Driver: lighthouse  Display: LHR-81CA8D3B
[2017.08.23-16.01.47:058][  0]LogStats: UGameplayTagsManager::ConstructGameplayTagTree: Construct from data asset -  0.000 s
[2017.08.23-16.01.47:058][  0]LogStats: UGameplayTagsManager::ConstructGameplayTagTree: GameplayTagTreeChangedEvent.Broadcast -  0.000 s
[2017.08.23-16.01.47:265][  0]LogAIModule: Creating AISystem for world Untitled
[2017.08.23-16.01.47:303][  0]LogInit: XAudio2 using 'Speakers (Realtek High Definition Audio)' : 2 channels at 48 kHz using 32 bits per sample (channel mask 0x3)
[2017.08.23-16.01.47:320][  0]LogInit: FAudioDevice initialized.
[2017.08.23-16.01.47:798][  0]LogDerivedDataCache: Saved boot cache 0.48s 93MB C:/Users/sam.deiter/AppData/Local/UnrealEngine/4.17/DerivedDataCache/Boot.ddc.
[2017.08.23-16.01.47:827][  0]LogInit: Texture streaming: Enabled
[2017.08.23-16.01.47:967][  0]LogEngineSessionManager: EngineSessionManager initialized
[2017.08.23-16.01.48:282][  0]LogInit: Transaction tracking system initialized
[2017.08.23-16.01.48:737][  0]BlueprintLog: New page: Editor Load
[2017.08.23-16.01.50:031][  0]LocalizationService: Localization service is disabled
[2017.08.23-16.01.51:491][  0]LogConsoleResponse: Display: 
[2017.08.23-16.01.51:831][  0]LogCook: Display: Max memory allowance for cook 16384mb min free memory 0mb
[2017.08.23-16.01.51:832][  0]LogFileCache: Scanning file cache for directory 'D:/UE4_Projects/SteamVRStandingCameraExample/Content/' took 0.01s
[2017.08.23-16.01.51:832][  0]LogCook: Display: Mobile HDR setting 1
[2017.08.23-16.01.51:832][  0]LogGameplayTags: Display: UGameplayTagsManager::DoneAddingNativeTags. DelegateIsBound: 0
[2017.08.23-16.01.53:352][  0]SourceControl: Source control is disabled
[2017.08.23-16.01.53:353][  0]Cmd: MAP LOAD FILE="../../../Engine/Content/Maps/Templates/Template_Default.umap" TEMPLATE=1 SHOWPROGRESS=1 FEATURELEVEL=3
[2017.08.23-16.01.53:354][  0]LightingResults: New page: Lighting Build
[2017.08.23-16.01.53:411][  0]MapCheck: New page: Map Check
[2017.08.23-16.01.53:412][  0]LightingResults: New page: Lighting Build
[2017.08.23-16.01.53:864][  0]LogAIModule: Creating AISystem for world Untitled_1
[2017.08.23-16.01.53:872][  0]LogEditorServer: Finished looking for orphan Actors (0.000 secs)
[2017.08.23-16.01.53:924][  0]Cmd: MAP CHECKDEP NOCLEARLOG
[2017.08.23-16.01.53:995][  0]MapCheck: Map check complete: 0 Error(s), 0 Warning(s), took 70.394ms to complete.
[2017.08.23-16.01.53:995][  0]LogFileHelpers: Loading map 'Template_Default' took 0.642
[2017.08.23-16.01.54:331][  0]LogCollectionManager: Loaded 0 collections in 0.003589 seconds
[2017.08.23-16.01.54:498][  0]LogFileCache: Scanning file cache for directory 'D:/UE4_Projects/SteamVRStandingCameraExample/Saved/Collections/' took 0.01s
[2017.08.23-16.01.54:498][  0]LogFileCache: Scanning file cache for directory 'D:/UE4_Projects/SteamVRStandingCameraExample/Content/Developers/SamDeiter/Collections/' took 0.01s
[2017.08.23-16.01.54:498][  0]LogFileCache: Scanning file cache for directory 'D:/UE4_Projects/SteamVRStandingCameraExample/Content/Collections/' took 0.01s
[2017.08.23-16.01.54:498][  0]LogCollectionManager: Rebuilt the GUID cache for 0 collections in 0.000001 seconds
[2017.08.23-16.01.54:515][  0]LogContentBrowser: Native class hierarchy populated in 0.0169 seconds. Added 2386 classes and 500 folders.
[2017.08.23-16.01.54:610][  0]LogContentBrowser: Native class hierarchy updated for 'WidgetCarousel' in 0.0012 seconds. Added 0 classes and 0 folders.
[2017.08.23-16.01.54:681][  0]LogContentBrowser: Native class hierarchy updated for 'AddContentDialog' in 0.0011 seconds. Added 0 classes and 0 folders.
[2017.08.23-16.01.54:749][  0]LogContentBrowser: Native class hierarchy updated for 'SceneOutliner' in 0.0013 seconds. Added 1 classes and 2 folders.
[2017.08.23-16.01.54:962][  0]LogContentBrowser: Native class hierarchy updated for 'HierarchicalLODOutliner' in 0.0012 seconds. Added 1 classes and 2 folders.
[2017.08.23-16.01.54:962][  0]LogLoad: (Engine Initialization) Total time: 35.04 seconds
[2017.08.23-16.01.54:962][  0]LogLoad: (Engine Initialization) Total Blueprint compile time: 0.00 seconds
[2017.08.23-16.01.54:963][  0]LogExternalProfiler: Found external profiler: VSPerf
[2017.08.23-16.01.54:963][  0]LogExternalProfiler: Using external profiler: VSPerf
[2017.08.23-16.01.55:324][  0]LogContentStreaming: Texture pool size now 1000 MB
[2017.08.23-16.01.55:326][  0]LogSlate: Took 0.000363 seconds to synchronously load lazily loaded font '../../../Engine/Content/Slate/Fonts/Roboto-Regular.ttf' (155K)
[2017.08.23-16.01.55:333][  0]LogSlate: Took 0.000349 seconds to synchronously load lazily loaded font '../../../Engine/Content/Slate/Fonts/Roboto-Bold.ttf' (160K)
[2017.08.23-16.01.55:340][  0]LogSlate: Took 0.000310 seconds to synchronously load lazily loaded font '../../../Engine/Content/Editor/Slate/Fonts/FontAwesome.ttf' (139K)
[2017.08.23-16.01.55:652][  1]LogRenderer: Reallocating scene render targets to support 860x456 Format 10 NumSamples 1 (Frame:1).
[2017.08.23-16.01.55:652][  1]LogAssetRegistry: Asset discovery search completed in 22.6166 seconds
[2017.08.23-16.01.55:655][  1]LogCollectionManager: Rebuilt the object cache for 0 collections in 0.000002 seconds (found 0 objects)
[2017.08.23-16.01.55:655][  1]LogCollectionManager: Fixed up redirectors for 0 collections in 0.000095 seconds (updated 0 objects)
[2017.08.23-16.02.16:656][188]LogSlate: Took 0.000332 seconds to synchronously load lazily loaded font '../../../Engine/Content/Slate/Fonts/Roboto-Light.ttf' (159K)
[2017.08.23-16.02.16:736][188]LogAIModule: Creating AISystem for world SteamVRSitting_Pawn_Example
[2017.08.23-16.02.16:810][188]Cmd: MAP LOAD FILE="../../../../../UE4_Projects/SteamVRStandingCameraExample/Content/SteamVRSitting_Pawn_Example.umap" TEMPLATE=0 SHOWPROGRESS=1 FEATURELEVEL=3
[2017.08.23-16.02.16:810][188]LightingResults: New page: Lighting Build
[2017.08.23-16.02.16:812][188]LoadErrors: New page: Loading map: SteamVRSitting_Pawn_Example.umap
[2017.08.23-16.02.16:813][188]MapCheck: New page: Map Check
[2017.08.23-16.02.16:813][188]LightingResults: New page: Lighting Build
[2017.08.23-16.02.16:955][188]LogEditorServer: Finished looking for orphan Actors (0.000 secs)
[2017.08.23-16.02.17:028][188]Cmd: MAP CHECKDEP NOCLEARLOG
[2017.08.23-16.02.17:099][188]MapCheck: Map check complete: 0 Error(s), 0 Warning(s), took 71.191ms to complete.
[2017.08.23-16.02.17:099][188]LogFileHelpers: Loading map 'SteamVRSitting_Pawn_Example' took 0.291
[2017.08.23-16.02.19:120][389]LogEditorViewport: Clicking on Actor (LMB): TextRenderActor (TextRenderActor)
[2017.08.23-16.02.22:062][541]LogRenderer: Reallocating scene render targets to support 1624x744 Format 10 NumSamples 1 (Frame:356).
[2017.08.23-16.02.22:483][563]LogSlate: Took 0.000359 seconds to synchronously load lazily loaded font '../../../Engine/Content/Editor/Slate/Fonts/Roboto-Italic.ttf' (157K)
[2017.08.23-16.02.28:380][883]LogSlate: Took 0.000377 seconds to synchronously load lazily loaded font '../../../Engine/Content/Slate/Fonts/Roboto-Regular.ttf' (155K)
[2017.08.23-16.02.28:540][883]LogContentBrowser: Native class hierarchy updated for 'BlueprintGraph' in 0.0018 seconds. Added 113 classes and 0 folders.
[2017.08.23-16.02.30:091][883]LogSlate: Took 0.000369 seconds to synchronously load lazily loaded font '../../../Engine/Content/Editor/Slate/Fonts/Roboto-BoldCondensed.ttf' (158K)
[2017.08.23-16.02.38:120][191]BlueprintLog: New page: Compile SteamVR_Pawn_Sitting
[2017.08.23-16.04.16:867][587]LogD3D11RHI: Timed out while waiting for GPU to catch up. (0.5 s)
[2017.08.23-16.04.17:371][588]LogD3D11RHI: Timed out while waiting for GPU to catch up. (0.5 s)
[2017.08.23-16.04.18:277][591]LogD3D11RHI: Timed out while waiting for GPU to catch up. (0.5 s)
[2017.08.23-16.05.44:763][850]LogEditorViewport: Clicking on Actor (LMB): SteamVR_Pawn_Sitting_C (SteamVR_Pawn_Sitting)
[2017.08.23-16.05.54:757][498]LogMetaData: Removing '/Game/SteamVR_Pawn_Standing.SteamVR_Pawn_Standing:UserConstructionScript.K2Node_FunctionEntry_0' ref from Metadata '/Game/SteamVR_Pawn_Sitting.PackageMetaData'
[2017.08.23-16.05.54:757][498]LogMetaData: Removing '/Game/SteamVR_Pawn_Standing.SteamVR_Pawn_Standing_C' ref from Metadata '/Game/SteamVR_Pawn_Sitting.PackageMetaData'
[2017.08.23-16.05.54:757][498]LogMetaData: Removing '/Game/SteamVR_Pawn_Standing.SteamVR_Pawn_Standing:EventGraph.K2Node_Event_3' ref from Metadata '/Game/SteamVR_Pawn_Sitting.PackageMetaData'
[2017.08.23-16.05.54:757][498]LogMetaData: Removing '/Game/SteamVR_Pawn_Standing.SKEL_SteamVR_Pawn_Standing_C' ref from Metadata '/Game/SteamVR_Pawn_Sitting.PackageMetaData'
[2017.08.23-16.05.54:901][498]Cmd: OBJ SAVEPACKAGE PACKAGE="/Game/SteamVR_Pawn_Standing" FILE="../../../../../UE4_Projects/SteamVRStandingCameraExample/Content/SteamVR_Pawn_Standing.uasset" SILENT=true
[2017.08.23-16.05.54:921][498]LogSavePackage: Save=18.55ms
[2017.08.23-16.05.54:921][498]LogSavePackage: Moving '../../../../../UE4_Projects/SteamVRStandingCameraExample/Saved/SteamVR_Pawn_Standing75B9D601453FF0B7549A01BB5E9042EC.tmp' to '../../../../../UE4_Projects/SteamVRStandingCameraExample/Content/SteamVR_Pawn_Standing.uasset'
[2017.08.23-16.05.54:923][498]LogSavePackage: Display: Finished SavePackage ../../../../../UE4_Projects/SteamVRStandingCameraExample/Content/SteamVR_Pawn_Standing.uasset
[2017.08.23-16.05.54:928][498]Cmd: OBJ SAVEPACKAGE PACKAGE="/Game/SteamVR_Pawn_Sitting" FILE="../../../../../UE4_Projects/SteamVRStandingCameraExample/Content/SteamVR_Pawn_Sitting.uasset" SILENT=true
[2017.08.23-16.05.54:932][498]LogSavePackage: Save=1.40ms
[2017.08.23-16.05.54:932][498]LogSavePackage: Moving '../../../../../UE4_Projects/SteamVRStandingCameraExample/Saved/SteamVR_Pawn_SittingA265D790439A760DE85DDCBE745BB3B0.tmp' to '../../../../../UE4_Projects/SteamVRStandingCameraExample/Content/SteamVR_Pawn_Sitting.uasset'
[2017.08.23-16.05.54:953][498]LogSavePackage: Display: Finished SavePackage ../../../../../UE4_Projects/SteamVRStandingCameraExample/Content/SteamVR_Pawn_Sitting.uasset
[2017.08.23-16.06.12:829][224]LogSavePackage: Save=132.88ms
[2017.08.23-16.06.12:829][224]LogSavePackage: Moving '../../../../../UE4_Projects/SteamVRStandingCameraExample/Saved/SteamVRStanding_Pawn_Example3DBD056F4A17B6DFF0CE65999842A285.tmp' to '../../../../../UE4_Projects/SteamVRStandingCameraExample/Content/SteamVRStanding_Pawn_Example.umap'
[2017.08.23-16.06.12:831][224]LogSavePackage: Display: Finished SavePackage ../../../../../UE4_Projects/SteamVRStandingCameraExample/Content/SteamVRStanding_Pawn_Example.umap
[2017.08.23-16.06.12:854][224]LogFileHelpers: Saving map 'SteamVRStanding_Pawn_Example' took 0.322
[2017.08.23-16.06.14:393][283]Cmd: MAP LOAD FILE="../../../../../UE4_Projects/SteamVRStandingCameraExample/Content/SteamVRStanding_Pawn_Example.umap" TEMPLATE=0 SHOWPROGRESS=1 FEATURELEVEL=3
[2017.08.23-16.06.14:393][283]LightingResults: New page: Lighting Build
[2017.08.23-16.06.14:395][283]LoadErrors: New page: Loading map: SteamVRStanding_Pawn_Example.umap
[2017.08.23-16.06.14:424][283]MapCheck: New page: Map Check
[2017.08.23-16.06.14:424][283]LightingResults: New page: Lighting Build
[2017.08.23-16.06.14:565][283]LogAIModule: Creating AISystem for world SteamVRStanding_Pawn_Example
[2017.08.23-16.06.14:701][283]LogEditorServer: Finished looking for orphan Actors (0.000 secs)
[2017.08.23-16.06.14:799][283]Cmd: MAP CHECKDEP NOCLEARLOG
[2017.08.23-16.06.14:881][283]MapCheck: Map check complete: 0 Error(s), 0 Warning(s), took 81.018ms to complete.
[2017.08.23-16.06.14:885][283]LogFileHelpers: Loading map 'SteamVRStanding_Pawn_Example' took 0.494
[2017.08.23-16.06.20:190][722]MapCheck: New page: Map Check
[2017.08.23-16.06.20:340][722]Cmd: MAP REBUILD ALLVISIBLE
[2017.08.23-16.06.20:343][722]LogEditorServer: Rebuildmap Clear paths rebuilt
[2017.08.23-16.06.20:771][722]LogMaterial: Missing cached shader map for material FDebugViewModeMaterialProxy WorldGridMaterial, compiling. Is special engine material.
[2017.08.23-16.06.20:916][722]LogMaterial: Missing cached shader map for material FDebugViewModeMaterialProxy DefaultMaterial, compiling. 
[2017.08.23-16.06.20:927][722]LogMaterial: Missing cached shader map for material FDebugViewModeMaterialProxy MaterialInstanceDynamic_1, compiling. 
[2017.08.23-16.06.20:941][722]LogMaterial: Missing cached shader map for material FDebugViewModeMaterialProxy DefaultTextMaterialOpaque, compiling. 
[2017.08.23-16.06.20:953][722]LogMaterial: Missing cached shader map for material FDebugViewModeMaterialProxy MatineeCam_mat, compiling. 
[2017.08.23-16.06.22:594][722]TextureStreamingBuild: Display: Compiling optional shaders took 1.867 seconds.
[2017.08.23-16.06.22:785][722]LogLevel: Display: Export Material TexCoord Scales took 0.191 seconds.
[2017.08.23-16.06.22:793][722]TextureStreamingBuild: Display: Build Texture Streaming took 0.008 seconds.
[2017.08.23-16.06.22:929][722]LightingResults: New page: Lighting Build - Aug 23, 2017, 8:06:22 AM
[2017.08.23-16.06.23:154][722]LogSwarmInterface: [OpenConnection] Registering TCP channel ...
[2017.08.23-16.06.23:217][722]LogSwarmInterface: [OpenConnection] Connecting to agent ...
[2017.08.23-16.06.23:256][722]LogSwarmInterface: [TryOpenConnection] Testing the Agent
[2017.08.23-16.06.24:287][722]LogSwarmInterface: [TryOpenConnection] Opening Connection to Agent
[2017.08.23-16.06.24:287][722]LogSwarmInterface: [TryOpenConnection] Local Process ID is 12336
[2017.08.23-16.06.25:861][722]LogStaticLightingSystem: Running Lightmass w/ ImmediateImport mode ENABLED
[2017.08.23-16.06.25:861][722]LogStaticLightingSystem: Running Lightmass w/ ImmediateProcess mode ENABLED
[2017.08.23-16.06.25:861][722]LogStaticLightingSystem: Running Lightmass w/ Sorting mode ENABLED
[2017.08.23-16.06.25:861][722]LogStaticLightingSystem: Running Lightmass w/ Mapping paddings ENABLED
[2017.08.23-16.06.25:861][722]LogStaticLightingSystem: Running Lightmass w/ Mapping debug paddings DISABLED
[2017.08.23-16.06.26:281][722]Cmd: MAP CHECK DONTDISPLAYDIALOG
[2017.08.23-16.06.26:282][722]MapCheck: New page: SteamVRStanding_Pawn_Example - Aug 23, 2017, 8:06:26 AM
[2017.08.23-16.06.26:416][722]MapCheck: Map check complete: 0 Error(s), 0 Warning(s), took 134.31ms to complete.
[2017.08.23-16.06.26:438][722]LogEditorBuildUtils: Build time 0:06
[2017.08.23-16.06.30:499][783]Job is a success!
[2017.08.23-16.06.31:409][784]LogTexture: Display: Building textures: HQ_Lightmap0_2 (AutoDXT, 64X64)
[2017.08.23-16.06.31:410][784]LogTexture: Display: Building textures: HQ_Lightmap0_1 (AutoDXT, 256X256)
[2017.08.23-16.06.31:410][784]LogTexture: Display: Building textures: LQ_Lightmap_0_2 (DXT1, 64X64)
[2017.08.23-16.06.31:410][784]LogTexture: Display: Building textures: LQ_Lightmap_0_1 (DXT1, 256X256)
[2017.08.23-16.06.31:509][784]Lightmass on RDU-WD-2977: 3.52 sec total, 152 ms importing, 3 ms setup, 1.47 sec photons, 1.86 sec processing, 0 ms extra exporting [2/2 mappings]. Threads: 53.6 sec total, 221 ms processing.
[2017.08.23-16.06.31:612][784]LogStaticLightingSystem: Illumination: 8.27 sec (275 ms encoding lightmaps, 19 ms encoding shadowmaps)
[2017.08.23-16.06.31:612][784]LogStaticLightingSystem: Lightmap texture memory:  0.1 MB (0.1 MB streaming, 0.0 MB non-streaming), 4 textures
[2017.08.23-16.06.31:612][784]LogStaticLightingSystem: Shadowmap texture memory: 0.0 MB (0.0 MB streaming, 0.0 MB non-streaming), 0 textures
[2017.08.23-16.06.31:856][784]DumpUnbuiltLightIteractions
[2017.08.23-16.06.31:856][784]Lights with unbuilt interactions: 0
[2017.08.23-16.06.31:856][784]
[2017.08.23-16.06.31:856][784]Primitives with unbuilt interactions: 0
[2017.08.23-16.06.31:876][785]Cmd: MAP CHECK NOTIFYRESULTS
[2017.08.23-16.06.31:877][785]MapCheck: New page: SteamVRStanding_Pawn_Example - Aug 23, 2017, 8:06:31 AM
[2017.08.23-16.06.31:959][785]MapCheck: Map check complete: 0 Error(s), 0 Warning(s), took 81.848ms to complete.
[2017.08.23-16.06.34:294][911]LogTexture: Display: Building textures: HQ_Lightmap1_2 (AutoDXT, 64X64)
[2017.08.23-16.06.34:294][911]LogTexture: Display: Building textures: LQ_Lightmap_1_2 (DXT1, 64X64)
[2017.08.23-16.06.34:294][911]LogTexture: Display: Building textures: HQ_Lightmap1_1 (AutoDXT, 256X256)
[2017.08.23-16.06.34:294][911]LogTexture: Display: Building textures: LQ_Lightmap_1_1 (DXT1, 256X256)
[2017.08.23-16.06.39:495][ 24]LogSavePackage: Save=55.80ms
[2017.08.23-16.06.39:495][ 24]LogSavePackage: Moving '../../../../../UE4_Projects/SteamVRStandingCameraExample/Saved/SteamVRStanding_Pawn_Example3E568D22475C04EE5CF7CC8C88501DEF.tmp' to '../../../../../UE4_Projects/SteamVRStandingCameraExample/Content/SteamVRStanding_Pawn_Example.umap'
[2017.08.23-16.06.39:497][ 24]LogSavePackage: Display: Finished SavePackage ../../../../../UE4_Projects/SteamVRStandingCameraExample/Content/SteamVRStanding_Pawn_Example.umap
[2017.08.23-16.06.39:521][ 24]LogFileHelpers: Saving map 'SteamVRStanding_Pawn_Example' took 0.231
[2017.08.23-16.06.39:544][ 24]LogSavePackage: Save=12.43ms
[2017.08.23-16.06.39:544][ 24]LogSavePackage: Moving '../../../../../UE4_Projects/SteamVRStandingCameraExample/Saved/SteamVRStanding_Pawn_Example_BuiltData948EF3614E6C44A268F2038E2FBDDE21.tmp' to '../../../../../UE4_Projects/SteamVRStandingCameraExample/Content/SteamVRStanding_Pawn_Example_BuiltData.uasset'
[2017.08.23-16.06.39:545][ 24]LogSavePackage: Display: Finished SavePackage ../../../../../UE4_Projects/SteamVRStandingCameraExample/Content/SteamVRStanding_Pawn_Example_BuiltData.uasset
[2017.08.23-16.06.43:485][267]LogEditorViewport: Clicking on Actor (LMB): BP_Sky_Sphere_C (Sky Sphere)
[2017.08.23-16.06.49:726][641]LogSavePackage: Save=82.53ms
[2017.08.23-16.06.49:727][641]LogSavePackage: Moving '../../../../../UE4_Projects/SteamVRStandingCameraExample/Saved/SteamVRStanding_Pawn_Example3C7943D5485D9CB704882EAF427D332B.tmp' to '../../../../../UE4_Projects/SteamVRStandingCameraExample/Content/SteamVRStanding_Pawn_Example.umap'
[2017.08.23-16.06.49:728][641]LogSavePackage: Display: Finished SavePackage ../../../../../UE4_Projects/SteamVRStandingCameraExample/Content/SteamVRStanding_Pawn_Example.umap
[2017.08.23-16.06.49:777][641]LogSavePackage: Save=11.47ms
[2017.08.23-16.06.49:777][641]LogSavePackage: Moving '../../../../../UE4_Projects/SteamVRStandingCameraExample/Saved/SteamVRStanding_Pawn_Example_BuiltDataC69323DF4361FC60C8AA23B19977CCDE.tmp' to '../../../../../UE4_Projects/SteamVRStandingCameraExample/Content/SteamVRStanding_Pawn_Example_BuiltData.uasset'
[2017.08.23-16.06.49:778][641]LogSavePackage: Display: Finished SavePackage ../../../../../UE4_Projects/SteamVRStandingCameraExample/Content/SteamVRStanding_Pawn_Example_BuiltData.uasset
[2017.08.23-16.06.52:827][829]LogEditorViewport: Clicking on Actor (LMB): SteamVR_Pawn_Standing_C (SteamVR_Pawn_Sitting)
[2017.08.23-16.52.29:243][470]LogD3D11RHI: Timed out while waiting for GPU to catch up. (500 ms)
[2017.08.23-17.15.12:305][558]LogD3D11RHI: Timed out while waiting for GPU to catch up. (500 ms)
[2017.08.23-17.38.31:717][756]LogStats: Warning: MetaData mismatch. Did you assign a stat to two groups? New //STATGROUP_Threads//FTcpMessageTransportConnection///Thread_17c4_0///####STATCAT_Advanced#### old //STATGROUP_Threads//FTcpMessageTransportConnection///Thread_4754_0///####STATCAT_Advanced####
[2017.08.23-17.40.57:060][192]LogStats: Warning: MetaData mismatch. Did you assign a stat to two groups? New //STATGROUP_Threads//FTcpMessageTransportConnection///Thread_5298_0///####STATCAT_Advanced#### old //STATGROUP_Threads//FTcpMessageTransportConnection///Thread_4754_0///####STATCAT_Advanced####
